<?xml version="1.0" encoding="utf-8"?>
<CoverageSession>
  <Summary numSequencePoints="2455" visitedSequencePoints="2206" numBranchPoints="1061" visitedBranchPoints="764" sequenceCoverage="89.85" branchCoverage="72" maxCyclomaticComplexity="1049" minCyclomaticComplexity="336" visitedClasses="89" numClasses="108" visitedMethods="266" numMethods="411" />
  <Modules>
    <Module hash="AEC88227-4D6E-4CAA-B74D-A5AFDCA77708">
      <ModulePath>RadElement.Core.dll</ModulePath>
      <ModuleTime>2020-06-30T06:42:59</ModuleTime>
      <ModuleName>RadElement.Core</ModuleName>
      <Files>
        <File uid="1" fullPath="D:\Projects\rad_element_microservice\RadElement.Core\Services\Exception\InputValidationFailureException.cs" />
        <File uid="2" fullPath="D:\Projects\rad_element_microservice\RadElement.Core\Services\Exception\ResourceNotFoundException.cs" />
        <File uid="3" fullPath="D:\Projects\rad_element_microservice\RadElement.Core\Profile\ElementProfile.cs" />
        <File uid="4" fullPath="D:\Projects\rad_element_microservice\RadElement.Core\Profile\ElementSetProfile.cs" />
        <File uid="5" fullPath="D:\Projects\rad_element_microservice\RadElement.Core\Profile\ElementValueProfile.cs" />
        <File uid="6" fullPath="D:\Projects\rad_element_microservice\RadElement.Core\Profile\OrganizationProfile.cs" />
        <File uid="7" fullPath="D:\Projects\rad_element_microservice\RadElement.Core\Profile\PersonProfile.cs" />
        <File uid="8" fullPath="D:\Projects\rad_element_microservice\RadElement.Core\Infrastructure\Account.cs" />
        <File uid="9" fullPath="D:\Projects\rad_element_microservice\RadElement.Core\Infrastructure\AuthorizationConfig.cs" />
        <File uid="10" fullPath="D:\Projects\rad_element_microservice\RadElement.Core\Infrastructure\UserAccounts.cs" />
        <File uid="11" fullPath="D:\Projects\rad_element_microservice\RadElement.Core\DTO\BasicElementDetails.cs" />
        <File uid="12" fullPath="D:\Projects\rad_element_microservice\RadElement.Core\DTO\CreateElement.cs" />
        <File uid="13" fullPath="D:\Projects\rad_element_microservice\RadElement.Core\DTO\CreateUpdateIndexCode.cs" />
        <File uid="14" fullPath="D:\Projects\rad_element_microservice\RadElement.Core\DTO\CreateUpdateOrganization.cs" />
        <File uid="15" fullPath="D:\Projects\rad_element_microservice\RadElement.Core\DTO\CreateUpdatePerson.cs" />
        <File uid="16" fullPath="D:\Projects\rad_element_microservice\RadElement.Core\DTO\CreateUpdateReference.cs" />
        <File uid="17" fullPath="D:\Projects\rad_element_microservice\RadElement.Core\DTO\CreateUpdateSet.cs" />
        <File uid="18" fullPath="D:\Projects\rad_element_microservice\RadElement.Core\DTO\ElementAttributes.cs" />
        <File uid="19" fullPath="D:\Projects\rad_element_microservice\RadElement.Core\DTO\ElementDetails.cs" />
        <File uid="20" fullPath="D:\Projects\rad_element_microservice\RadElement.Core\DTO\ElementIdDetails.cs" />
        <File uid="21" fullPath="D:\Projects\rad_element_microservice\RadElement.Core\DTO\ElementSetDetails.cs" />
        <File uid="22" fullPath="D:\Projects\rad_element_microservice\RadElement.Core\DTO\ElementValueAttributes.cs" />
        <File uid="23" fullPath="D:\Projects\rad_element_microservice\RadElement.Core\DTO\FilteredData.cs" />
        <File uid="24" fullPath="D:\Projects\rad_element_microservice\RadElement.Core\DTO\IndexCodeIdDetails.cs" />
        <File uid="25" fullPath="D:\Projects\rad_element_microservice\RadElement.Core\DTO\Option.cs" />
        <File uid="26" fullPath="D:\Projects\rad_element_microservice\RadElement.Core\DTO\OrganizationAttributes.cs" />
        <File uid="27" fullPath="D:\Projects\rad_element_microservice\RadElement.Core\DTO\OrganizationDetails.cs" />
        <File uid="28" fullPath="D:\Projects\rad_element_microservice\RadElement.Core\DTO\OrganizationIdDetails.cs" />
        <File uid="29" fullPath="D:\Projects\rad_element_microservice\RadElement.Core\DTO\PersonAttributes.cs" />
        <File uid="30" fullPath="D:\Projects\rad_element_microservice\RadElement.Core\DTO\PersonDetails.cs" />
        <File uid="31" fullPath="D:\Projects\rad_element_microservice\RadElement.Core\DTO\PersonIdDetails.cs" />
        <File uid="32" fullPath="D:\Projects\rad_element_microservice\RadElement.Core\DTO\ReferenceIdDetails.cs" />
        <File uid="33" fullPath="D:\Projects\rad_element_microservice\RadElement.Core\DTO\SetBasicAttributes.cs" />
        <File uid="34" fullPath="D:\Projects\rad_element_microservice\RadElement.Core\DTO\SetIdDetails.cs" />
        <File uid="35" fullPath="D:\Projects\rad_element_microservice\RadElement.Core\Domain\Code.cs" />
        <File uid="36" fullPath="D:\Projects\rad_element_microservice\RadElement.Core\Domain\CodeRef.cs" />
        <File uid="37" fullPath="D:\Projects\rad_element_microservice\RadElement.Core\Domain\CodeSystem.cs" />
        <File uid="38" fullPath="D:\Projects\rad_element_microservice\RadElement.Core\Domain\DataElement.cs" />
        <File uid="39" fullPath="D:\Projects\rad_element_microservice\RadElement.Core\Domain\Editor.cs" />
        <File uid="40" fullPath="D:\Projects\rad_element_microservice\RadElement.Core\Domain\Element.cs" />
        <File uid="41" fullPath="D:\Projects\rad_element_microservice\RadElement.Core\Domain\ElementSet.cs" />
        <File uid="42" fullPath="D:\Projects\rad_element_microservice\RadElement.Core\Domain\ElementSetRef.cs" />
        <File uid="43" fullPath="D:\Projects\rad_element_microservice\RadElement.Core\Domain\ElementValue.cs" />
        <File uid="44" fullPath="D:\Projects\rad_element_microservice\RadElement.Core\Domain\Image.cs" />
        <File uid="45" fullPath="D:\Projects\rad_element_microservice\RadElement.Core\Domain\ImageRef.cs" />
        <File uid="46" fullPath="D:\Projects\rad_element_microservice\RadElement.Core\Domain\IndexCode.cs" />
        <File uid="47" fullPath="D:\Projects\rad_element_microservice\RadElement.Core\Domain\IndexCodeElementRef.cs" />
        <File uid="48" fullPath="D:\Projects\rad_element_microservice\RadElement.Core\Domain\IndexCodeElementSetRef.cs" />
        <File uid="49" fullPath="D:\Projects\rad_element_microservice\RadElement.Core\Domain\IndexCodeElementValueRef.cs" />
        <File uid="50" fullPath="D:\Projects\rad_element_microservice\RadElement.Core\Domain\IndexCodeSystem.cs" />
        <File uid="51" fullPath="D:\Projects\rad_element_microservice\RadElement.Core\Domain\JsonResult.cs" />
        <File uid="52" fullPath="D:\Projects\rad_element_microservice\RadElement.Core\Domain\Organization.cs" />
        <File uid="53" fullPath="D:\Projects\rad_element_microservice\RadElement.Core\Domain\OrganizationRoleElementRef.cs" />
        <File uid="54" fullPath="D:\Projects\rad_element_microservice\RadElement.Core\Domain\OrganizationRoleElementSetRef.cs" />
        <File uid="55" fullPath="D:\Projects\rad_element_microservice\RadElement.Core\Domain\Person.cs" />
        <File uid="56" fullPath="D:\Projects\rad_element_microservice\RadElement.Core\Domain\PersonRoleElementRef.cs" />
        <File uid="57" fullPath="D:\Projects\rad_element_microservice\RadElement.Core\Domain\PersonRoleElementSetRef.cs" />
        <File uid="58" fullPath="D:\Projects\rad_element_microservice\RadElement.Core\Domain\Reference.cs" />
        <File uid="59" fullPath="D:\Projects\rad_element_microservice\RadElement.Core\Domain\ReferenceRef.cs" />
        <File uid="60" fullPath="D:\Projects\rad_element_microservice\RadElement.Core\Domain\Specialty.cs" />
        <File uid="61" fullPath="D:\Projects\rad_element_microservice\RadElement.Core\Domain\SpecialtyElementRef.cs" />
        <File uid="62" fullPath="D:\Projects\rad_element_microservice\RadElement.Core\Domain\SpecialtyElementSetRef.cs" />
        <File uid="63" fullPath="D:\Projects\rad_element_microservice\RadElement.Core\Data\RadElementDbContext.cs" />
      </Files>
      <Classes>
        <Class>
          <Summary numSequencePoints="12" visitedSequencePoints="0" numBranchPoints="0" visitedBranchPoints="0" sequenceCoverage="0" branchCoverage="100" maxCyclomaticComplexity="1" minCyclomaticComplexity="1" visitedClasses="0" numClasses="1" visitedMethods="0" numMethods="4" />
          <FullName>RadElement.Core.Services.Exception.InputValidationFailureException</FullName>
          <Methods>
            <Method cyclomaticComplexity="1" nPathComplexity="0" sequenceCoverage="0" branchCoverage="100" isConstructor="False" isGetter="True" isSetter="False" isStatic="True">
              <Summary numSequencePoints="1" visitedSequencePoints="0" numBranchPoints="0" visitedBranchPoints="0" sequenceCoverage="0" branchCoverage="100" maxCyclomaticComplexity="1" minCyclomaticComplexity="1" visitedClasses="0" numClasses="0" visitedMethods="0" numMethods="1" />
              <MetadataToken />
              <Name>System.Collections.Generic.Dictionary`2&lt;System.String,System.String&gt; RadElement.Core.Services.Exception.InputValidationFailureException::get_Errors()</Name>
              <FileRef uid="1" />
              <SequencePoints>
                <SequencePoint vc="0" uspid="14" ordinal="0" sl="14" sc="1" el="14" ec="2" bec="0" bev="0" fileid="1" />
              </SequencePoints>
              <BranchPoints />
              <MethodPoint vc="0" uspid="0" p8:type="SequencePoint" ordinal="0" offset="0" sc="0" sl="14" ec="1" el="14" bec="0" bev="0" fileid="1" xmlns:p8="xsi" />
            </Method>
            <Method cyclomaticComplexity="1" nPathComplexity="0" sequenceCoverage="0" branchCoverage="100" isConstructor="True" isGetter="False" isSetter="False" isStatic="True">
              <Summary numSequencePoints="4" visitedSequencePoints="0" numBranchPoints="0" visitedBranchPoints="0" sequenceCoverage="0" branchCoverage="100" maxCyclomaticComplexity="1" minCyclomaticComplexity="1" visitedClasses="0" numClasses="0" visitedMethods="0" numMethods="1" />
              <MetadataToken />
              <Name>System.Void RadElement.Core.Services.Exception.InputValidationFailureException::.ctor(System.Collections.Generic.Dictionary`2&lt;System.String,System.String&gt;)</Name>
              <FileRef uid="1" />
              <SequencePoints>
                <SequencePoint vc="0" uspid="25" ordinal="0" sl="25" sc="1" el="25" ec="2" bec="0" bev="0" fileid="1" />
                <SequencePoint vc="0" uspid="26" ordinal="1" sl="26" sc="1" el="26" ec="2" bec="0" bev="0" fileid="1" />
                <SequencePoint vc="0" uspid="27" ordinal="2" sl="27" sc="1" el="27" ec="2" bec="0" bev="0" fileid="1" />
                <SequencePoint vc="0" uspid="28" ordinal="3" sl="28" sc="1" el="28" ec="2" bec="0" bev="0" fileid="1" />
              </SequencePoints>
              <BranchPoints />
              <MethodPoint vc="0" uspid="0" p8:type="SequencePoint" ordinal="1" offset="1" sc="0" sl="25" ec="1" el="28" bec="0" bev="0" fileid="1" xmlns:p8="xsi" />
            </Method>
            <Method cyclomaticComplexity="1" nPathComplexity="0" sequenceCoverage="0" branchCoverage="100" isConstructor="True" isGetter="False" isSetter="False" isStatic="True">
              <Summary numSequencePoints="4" visitedSequencePoints="0" numBranchPoints="0" visitedBranchPoints="0" sequenceCoverage="0" branchCoverage="100" maxCyclomaticComplexity="1" minCyclomaticComplexity="1" visitedClasses="0" numClasses="0" visitedMethods="0" numMethods="1" />
              <MetadataToken />
              <Name>System.Void RadElement.Core.Services.Exception.InputValidationFailureException::.ctor(System.String,System.Collections.Generic.Dictionary`2&lt;System.String,System.String&gt;)</Name>
              <FileRef uid="1" />
              <SequencePoints>
                <SequencePoint vc="0" uspid="35" ordinal="0" sl="35" sc="1" el="35" ec="2" bec="0" bev="0" fileid="1" />
                <SequencePoint vc="0" uspid="36" ordinal="1" sl="36" sc="1" el="36" ec="2" bec="0" bev="0" fileid="1" />
                <SequencePoint vc="0" uspid="37" ordinal="2" sl="37" sc="1" el="37" ec="2" bec="0" bev="0" fileid="1" />
                <SequencePoint vc="0" uspid="38" ordinal="3" sl="38" sc="1" el="38" ec="2" bec="0" bev="0" fileid="1" />
              </SequencePoints>
              <BranchPoints />
              <MethodPoint vc="0" uspid="0" p8:type="SequencePoint" ordinal="2" offset="2" sc="0" sl="35" ec="1" el="38" bec="0" bev="0" fileid="1" xmlns:p8="xsi" />
            </Method>
            <Method cyclomaticComplexity="1" nPathComplexity="0" sequenceCoverage="0" branchCoverage="100" isConstructor="True" isGetter="False" isSetter="False" isStatic="True">
              <Summary numSequencePoints="3" visitedSequencePoints="0" numBranchPoints="0" visitedBranchPoints="0" sequenceCoverage="0" branchCoverage="100" maxCyclomaticComplexity="1" minCyclomaticComplexity="1" visitedClasses="0" numClasses="0" visitedMethods="0" numMethods="1" />
              <MetadataToken />
              <Name>System.Void RadElement.Core.Services.Exception.InputValidationFailureException::.ctor(System.String,System.Exception)</Name>
              <FileRef uid="1" />
              <SequencePoints>
                <SequencePoint vc="0" uspid="45" ordinal="0" sl="45" sc="1" el="45" ec="2" bec="0" bev="0" fileid="1" />
                <SequencePoint vc="0" uspid="46" ordinal="1" sl="46" sc="1" el="46" ec="2" bec="0" bev="0" fileid="1" />
                <SequencePoint vc="0" uspid="47" ordinal="2" sl="47" sc="1" el="47" ec="2" bec="0" bev="0" fileid="1" />
              </SequencePoints>
              <BranchPoints />
              <MethodPoint vc="0" uspid="0" p8:type="SequencePoint" ordinal="3" offset="3" sc="0" sl="45" ec="1" el="47" bec="0" bev="0" fileid="1" xmlns:p8="xsi" />
            </Method>
          </Methods>
        </Class>
        <Class>
          <Summary numSequencePoints="12" visitedSequencePoints="0" numBranchPoints="0" visitedBranchPoints="0" sequenceCoverage="0" branchCoverage="100" maxCyclomaticComplexity="1" minCyclomaticComplexity="1" visitedClasses="0" numClasses="1" visitedMethods="0" numMethods="4" />
          <FullName>RadElement.Core.Services.Exception.ResourceNotFoundException</FullName>
          <Methods>
            <Method cyclomaticComplexity="1" nPathComplexity="0" sequenceCoverage="0" branchCoverage="100" isConstructor="True" isGetter="False" isSetter="False" isStatic="True">
              <Summary numSequencePoints="3" visitedSequencePoints="0" numBranchPoints="0" visitedBranchPoints="0" sequenceCoverage="0" branchCoverage="100" maxCyclomaticComplexity="1" minCyclomaticComplexity="1" visitedClasses="0" numClasses="0" visitedMethods="0" numMethods="1" />
              <MetadataToken />
              <Name>System.Void RadElement.Core.Services.Exception.ResourceNotFoundException::.ctor()</Name>
              <FileRef uid="2" />
              <SequencePoints>
                <SequencePoint vc="0" uspid="14" ordinal="0" sl="14" sc="1" el="14" ec="2" bec="0" bev="0" fileid="2" />
                <SequencePoint vc="0" uspid="15" ordinal="1" sl="15" sc="1" el="15" ec="2" bec="0" bev="0" fileid="2" />
                <SequencePoint vc="0" uspid="16" ordinal="2" sl="16" sc="1" el="16" ec="2" bec="0" bev="0" fileid="2" />
              </SequencePoints>
              <BranchPoints />
              <MethodPoint vc="0" uspid="0" p8:type="SequencePoint" ordinal="0" offset="0" sc="0" sl="14" ec="1" el="16" bec="0" bev="0" fileid="2" xmlns:p8="xsi" />
            </Method>
            <Method cyclomaticComplexity="1" nPathComplexity="0" sequenceCoverage="0" branchCoverage="100" isConstructor="True" isGetter="False" isSetter="False" isStatic="True">
              <Summary numSequencePoints="3" visitedSequencePoints="0" numBranchPoints="0" visitedBranchPoints="0" sequenceCoverage="0" branchCoverage="100" maxCyclomaticComplexity="1" minCyclomaticComplexity="1" visitedClasses="0" numClasses="0" visitedMethods="0" numMethods="1" />
              <MetadataToken />
              <Name>System.Void RadElement.Core.Services.Exception.ResourceNotFoundException::.ctor(System.String)</Name>
              <FileRef uid="2" />
              <SequencePoints>
                <SequencePoint vc="0" uspid="22" ordinal="0" sl="22" sc="1" el="22" ec="2" bec="0" bev="0" fileid="2" />
                <SequencePoint vc="0" uspid="23" ordinal="1" sl="23" sc="1" el="23" ec="2" bec="0" bev="0" fileid="2" />
                <SequencePoint vc="0" uspid="24" ordinal="2" sl="24" sc="1" el="24" ec="2" bec="0" bev="0" fileid="2" />
              </SequencePoints>
              <BranchPoints />
              <MethodPoint vc="0" uspid="0" p8:type="SequencePoint" ordinal="1" offset="1" sc="0" sl="22" ec="1" el="24" bec="0" bev="0" fileid="2" xmlns:p8="xsi" />
            </Method>
            <Method cyclomaticComplexity="1" nPathComplexity="0" sequenceCoverage="0" branchCoverage="100" isConstructor="True" isGetter="False" isSetter="False" isStatic="True">
              <Summary numSequencePoints="3" visitedSequencePoints="0" numBranchPoints="0" visitedBranchPoints="0" sequenceCoverage="0" branchCoverage="100" maxCyclomaticComplexity="1" minCyclomaticComplexity="1" visitedClasses="0" numClasses="0" visitedMethods="0" numMethods="1" />
              <MetadataToken />
              <Name>System.Void RadElement.Core.Services.Exception.ResourceNotFoundException::.ctor(System.String,System.Exception)</Name>
              <FileRef uid="2" />
              <SequencePoints>
                <SequencePoint vc="0" uspid="31" ordinal="0" sl="31" sc="1" el="31" ec="2" bec="0" bev="0" fileid="2" />
                <SequencePoint vc="0" uspid="32" ordinal="1" sl="32" sc="1" el="32" ec="2" bec="0" bev="0" fileid="2" />
                <SequencePoint vc="0" uspid="33" ordinal="2" sl="33" sc="1" el="33" ec="2" bec="0" bev="0" fileid="2" />
              </SequencePoints>
              <BranchPoints />
              <MethodPoint vc="0" uspid="0" p8:type="SequencePoint" ordinal="2" offset="2" sc="0" sl="31" ec="1" el="33" bec="0" bev="0" fileid="2" xmlns:p8="xsi" />
            </Method>
            <Method cyclomaticComplexity="1" nPathComplexity="0" sequenceCoverage="0" branchCoverage="100" isConstructor="True" isGetter="False" isSetter="False" isStatic="True">
              <Summary numSequencePoints="3" visitedSequencePoints="0" numBranchPoints="0" visitedBranchPoints="0" sequenceCoverage="0" branchCoverage="100" maxCyclomaticComplexity="1" minCyclomaticComplexity="1" visitedClasses="0" numClasses="0" visitedMethods="0" numMethods="1" />
              <MetadataToken />
              <Name>System.Void RadElement.Core.Services.Exception.ResourceNotFoundException::.ctor(System.Runtime.Serialization.SerializationInfo,System.Runtime.Serialization.StreamingContext)</Name>
              <FileRef uid="2" />
              <SequencePoints>
                <SequencePoint vc="0" uspid="40" ordinal="0" sl="40" sc="1" el="40" ec="2" bec="0" bev="0" fileid="2" />
                <SequencePoint vc="0" uspid="41" ordinal="1" sl="41" sc="1" el="41" ec="2" bec="0" bev="0" fileid="2" />
                <SequencePoint vc="0" uspid="42" ordinal="2" sl="42" sc="1" el="42" ec="2" bec="0" bev="0" fileid="2" />
              </SequencePoints>
              <BranchPoints />
              <MethodPoint vc="0" uspid="0" p8:type="SequencePoint" ordinal="3" offset="3" sc="0" sl="40" ec="1" el="42" bec="0" bev="0" fileid="2" xmlns:p8="xsi" />
            </Method>
          </Methods>
        </Class>
        <Class>
          <Summary numSequencePoints="4" visitedSequencePoints="4" numBranchPoints="2" visitedBranchPoints="2" sequenceCoverage="100" branchCoverage="100" maxCyclomaticComplexity="2" minCyclomaticComplexity="2" visitedClasses="1" numClasses="1" visitedMethods="1" numMethods="1" />
          <FullName>RadElement.Core.Profile.ElementProfile</FullName>
          <Methods>
            <Method cyclomaticComplexity="2" nPathComplexity="0" sequenceCoverage="100" branchCoverage="100" isConstructor="True" isGetter="False" isSetter="False" isStatic="True">
              <Summary numSequencePoints="4" visitedSequencePoints="4" numBranchPoints="2" visitedBranchPoints="2" sequenceCoverage="100" branchCoverage="100" maxCyclomaticComplexity="2" minCyclomaticComplexity="2" visitedClasses="0" numClasses="0" visitedMethods="1" numMethods="1" />
              <MetadataToken />
              <Name>System.Void RadElement.Core.Profile.ElementProfile::.ctor()</Name>
              <FileRef uid="3" />
              <SequencePoints>
                <SequencePoint vc="59" uspid="11" ordinal="0" sl="11" sc="1" el="11" ec="2" bec="0" bev="0" fileid="3" />
                <SequencePoint vc="59" uspid="12" ordinal="1" sl="12" sc="1" el="12" ec="2" bec="0" bev="0" fileid="3" />
                <SequencePoint vc="118" uspid="13" ordinal="2" sl="13" sc="1" el="13" ec="2" bec="0" bev="0" fileid="3" />
                <SequencePoint vc="59" uspid="14" ordinal="3" sl="14" sc="1" el="14" ec="2" bec="0" bev="0" fileid="3" />
              </SequencePoints>
              <BranchPoints>
                <BranchPoint vc="1" uspid="13" ordinal="0" path="0" offset="77" offsetend="79" sl="13" fileid="3" />
                <BranchPoint vc="59" uspid="13" ordinal="1" path="1" offset="77" offsetend="102" sl="13" fileid="3" />
              </BranchPoints>
              <MethodPoint vc="4" uspid="0" p8:type="SequencePoint" ordinal="0" offset="0" sc="0" sl="11" ec="1" el="14" bec="0" bev="0" fileid="3" xmlns:p8="xsi" />
            </Method>
          </Methods>
        </Class>
        <Class>
          <Summary numSequencePoints="4" visitedSequencePoints="4" numBranchPoints="2" visitedBranchPoints="2" sequenceCoverage="100" branchCoverage="100" maxCyclomaticComplexity="2" minCyclomaticComplexity="2" visitedClasses="1" numClasses="1" visitedMethods="1" numMethods="1" />
          <FullName>RadElement.Core.Profile.ElementSetProfile</FullName>
          <Methods>
            <Method cyclomaticComplexity="2" nPathComplexity="0" sequenceCoverage="100" branchCoverage="100" isConstructor="True" isGetter="False" isSetter="False" isStatic="True">
              <Summary numSequencePoints="4" visitedSequencePoints="4" numBranchPoints="2" visitedBranchPoints="2" sequenceCoverage="100" branchCoverage="100" maxCyclomaticComplexity="2" minCyclomaticComplexity="2" visitedClasses="0" numClasses="0" visitedMethods="1" numMethods="1" />
              <MetadataToken />
              <Name>System.Void RadElement.Core.Profile.ElementSetProfile::.ctor()</Name>
              <FileRef uid="4" />
              <SequencePoints>
                <SequencePoint vc="93" uspid="11" ordinal="0" sl="11" sc="1" el="11" ec="2" bec="0" bev="0" fileid="4" />
                <SequencePoint vc="93" uspid="12" ordinal="1" sl="12" sc="1" el="12" ec="2" bec="0" bev="0" fileid="4" />
                <SequencePoint vc="186" uspid="13" ordinal="2" sl="13" sc="1" el="13" ec="2" bec="0" bev="0" fileid="4" />
                <SequencePoint vc="93" uspid="14" ordinal="3" sl="14" sc="1" el="14" ec="2" bec="0" bev="0" fileid="4" />
              </SequencePoints>
              <BranchPoints>
                <BranchPoint vc="1" uspid="13" ordinal="0" path="0" offset="77" offsetend="79" sl="13" fileid="4" />
                <BranchPoint vc="93" uspid="13" ordinal="1" path="1" offset="77" offsetend="102" sl="13" fileid="4" />
              </BranchPoints>
              <MethodPoint vc="4" uspid="0" p8:type="SequencePoint" ordinal="0" offset="0" sc="0" sl="11" ec="1" el="14" bec="0" bev="0" fileid="4" xmlns:p8="xsi" />
            </Method>
          </Methods>
        </Class>
        <Class>
          <Summary numSequencePoints="4" visitedSequencePoints="4" numBranchPoints="0" visitedBranchPoints="0" sequenceCoverage="100" branchCoverage="100" maxCyclomaticComplexity="1" minCyclomaticComplexity="1" visitedClasses="1" numClasses="1" visitedMethods="1" numMethods="1" />
          <FullName>RadElement.Core.Profile.ElementValueProfile</FullName>
          <Methods>
            <Method cyclomaticComplexity="1" nPathComplexity="0" sequenceCoverage="100" branchCoverage="100" isConstructor="True" isGetter="False" isSetter="False" isStatic="True">
              <Summary numSequencePoints="4" visitedSequencePoints="4" numBranchPoints="0" visitedBranchPoints="0" sequenceCoverage="100" branchCoverage="100" maxCyclomaticComplexity="1" minCyclomaticComplexity="1" visitedClasses="0" numClasses="0" visitedMethods="1" numMethods="1" />
              <MetadataToken />
              <Name>System.Void RadElement.Core.Profile.ElementValueProfile::.ctor()</Name>
              <FileRef uid="5" />
              <SequencePoints>
                <SequencePoint vc="59" uspid="11" ordinal="0" sl="11" sc="1" el="11" ec="2" bec="0" bev="0" fileid="5" />
                <SequencePoint vc="59" uspid="12" ordinal="1" sl="12" sc="1" el="12" ec="2" bec="0" bev="0" fileid="5" />
                <SequencePoint vc="59" uspid="13" ordinal="2" sl="13" sc="1" el="13" ec="2" bec="0" bev="0" fileid="5" />
                <SequencePoint vc="59" uspid="14" ordinal="3" sl="14" sc="1" el="14" ec="2" bec="0" bev="0" fileid="5" />
              </SequencePoints>
              <BranchPoints />
              <MethodPoint vc="4" uspid="0" p8:type="SequencePoint" ordinal="0" offset="0" sc="0" sl="11" ec="1" el="14" bec="0" bev="0" fileid="5" xmlns:p8="xsi" />
            </Method>
          </Methods>
        </Class>
        <Class>
          <Summary numSequencePoints="4" visitedSequencePoints="4" numBranchPoints="0" visitedBranchPoints="0" sequenceCoverage="100" branchCoverage="100" maxCyclomaticComplexity="1" minCyclomaticComplexity="1" visitedClasses="1" numClasses="1" visitedMethods="1" numMethods="1" />
          <FullName>RadElement.Core.Profile.OrganizationProfile</FullName>
          <Methods>
            <Method cyclomaticComplexity="1" nPathComplexity="0" sequenceCoverage="100" branchCoverage="100" isConstructor="True" isGetter="False" isSetter="False" isStatic="True">
              <Summary numSequencePoints="4" visitedSequencePoints="4" numBranchPoints="0" visitedBranchPoints="0" sequenceCoverage="100" branchCoverage="100" maxCyclomaticComplexity="1" minCyclomaticComplexity="1" visitedClasses="0" numClasses="0" visitedMethods="1" numMethods="1" />
              <MetadataToken />
              <Name>System.Void RadElement.Core.Profile.OrganizationProfile::.ctor()</Name>
              <FileRef uid="6" />
              <SequencePoints>
                <SequencePoint vc="93" uspid="11" ordinal="0" sl="11" sc="1" el="11" ec="2" bec="0" bev="0" fileid="6" />
                <SequencePoint vc="93" uspid="12" ordinal="1" sl="12" sc="1" el="12" ec="2" bec="0" bev="0" fileid="6" />
                <SequencePoint vc="93" uspid="13" ordinal="2" sl="13" sc="1" el="13" ec="2" bec="0" bev="0" fileid="6" />
                <SequencePoint vc="93" uspid="14" ordinal="3" sl="14" sc="1" el="14" ec="2" bec="0" bev="0" fileid="6" />
              </SequencePoints>
              <BranchPoints />
              <MethodPoint vc="4" uspid="0" p8:type="SequencePoint" ordinal="0" offset="0" sc="0" sl="11" ec="1" el="14" bec="0" bev="0" fileid="6" xmlns:p8="xsi" />
            </Method>
          </Methods>
        </Class>
        <Class>
          <Summary numSequencePoints="4" visitedSequencePoints="4" numBranchPoints="0" visitedBranchPoints="0" sequenceCoverage="100" branchCoverage="100" maxCyclomaticComplexity="1" minCyclomaticComplexity="1" visitedClasses="1" numClasses="1" visitedMethods="1" numMethods="1" />
          <FullName>RadElement.Core.Profile.PersonProfile</FullName>
          <Methods>
            <Method cyclomaticComplexity="1" nPathComplexity="0" sequenceCoverage="100" branchCoverage="100" isConstructor="True" isGetter="False" isSetter="False" isStatic="True">
              <Summary numSequencePoints="4" visitedSequencePoints="4" numBranchPoints="0" visitedBranchPoints="0" sequenceCoverage="100" branchCoverage="100" maxCyclomaticComplexity="1" minCyclomaticComplexity="1" visitedClasses="0" numClasses="0" visitedMethods="1" numMethods="1" />
              <MetadataToken />
              <Name>System.Void RadElement.Core.Profile.PersonProfile::.ctor()</Name>
              <FileRef uid="7" />
              <SequencePoints>
                <SequencePoint vc="93" uspid="11" ordinal="0" sl="11" sc="1" el="11" ec="2" bec="0" bev="0" fileid="7" />
                <SequencePoint vc="93" uspid="12" ordinal="1" sl="12" sc="1" el="12" ec="2" bec="0" bev="0" fileid="7" />
                <SequencePoint vc="93" uspid="13" ordinal="2" sl="13" sc="1" el="13" ec="2" bec="0" bev="0" fileid="7" />
                <SequencePoint vc="93" uspid="14" ordinal="3" sl="14" sc="1" el="14" ec="2" bec="0" bev="0" fileid="7" />
              </SequencePoints>
              <BranchPoints />
              <MethodPoint vc="4" uspid="0" p8:type="SequencePoint" ordinal="0" offset="0" sc="0" sl="11" ec="1" el="14" bec="0" bev="0" fileid="7" xmlns:p8="xsi" />
            </Method>
          </Methods>
        </Class>
        <Class>
          <Summary numSequencePoints="3" visitedSequencePoints="0" numBranchPoints="0" visitedBranchPoints="0" sequenceCoverage="0" branchCoverage="100" maxCyclomaticComplexity="1" minCyclomaticComplexity="1" visitedClasses="0" numClasses="1" visitedMethods="0" numMethods="3" />
          <FullName>RadElement.Core.Infrastructure.Account</FullName>
          <Methods>
            <Method cyclomaticComplexity="1" nPathComplexity="0" sequenceCoverage="0" branchCoverage="100" isConstructor="False" isGetter="True" isSetter="False" isStatic="True">
              <Summary numSequencePoints="1" visitedSequencePoints="0" numBranchPoints="0" visitedBranchPoints="0" sequenceCoverage="0" branchCoverage="100" maxCyclomaticComplexity="1" minCyclomaticComplexity="1" visitedClasses="0" numClasses="0" visitedMethods="0" numMethods="1" />
              <MetadataToken />
              <Name>System.String RadElement.Core.Infrastructure.Account::get_UserId()</Name>
              <FileRef uid="8" />
              <SequencePoints>
                <SequencePoint vc="0" uspid="8" ordinal="0" sl="8" sc="1" el="8" ec="2" bec="0" bev="0" fileid="8" />
              </SequencePoints>
              <BranchPoints />
              <MethodPoint vc="0" uspid="0" p8:type="SequencePoint" ordinal="0" offset="0" sc="0" sl="8" ec="1" el="8" bec="0" bev="0" fileid="8" xmlns:p8="xsi" />
            </Method>
            <Method cyclomaticComplexity="1" nPathComplexity="0" sequenceCoverage="0" branchCoverage="100" isConstructor="False" isGetter="True" isSetter="False" isStatic="True">
              <Summary numSequencePoints="1" visitedSequencePoints="0" numBranchPoints="0" visitedBranchPoints="0" sequenceCoverage="0" branchCoverage="100" maxCyclomaticComplexity="1" minCyclomaticComplexity="1" visitedClasses="0" numClasses="0" visitedMethods="0" numMethods="1" />
              <MetadataToken />
              <Name>System.String RadElement.Core.Infrastructure.Account::get_Secret()</Name>
              <FileRef uid="8" />
              <SequencePoints>
                <SequencePoint vc="0" uspid="13" ordinal="0" sl="13" sc="1" el="13" ec="2" bec="0" bev="0" fileid="8" />
              </SequencePoints>
              <BranchPoints />
              <MethodPoint vc="0" uspid="0" p8:type="SequencePoint" ordinal="1" offset="1" sc="0" sl="13" ec="1" el="13" bec="0" bev="0" fileid="8" xmlns:p8="xsi" />
            </Method>
            <Method cyclomaticComplexity="1" nPathComplexity="0" sequenceCoverage="0" branchCoverage="100" isConstructor="False" isGetter="True" isSetter="False" isStatic="True">
              <Summary numSequencePoints="1" visitedSequencePoints="0" numBranchPoints="0" visitedBranchPoints="0" sequenceCoverage="0" branchCoverage="100" maxCyclomaticComplexity="1" minCyclomaticComplexity="1" visitedClasses="0" numClasses="0" visitedMethods="0" numMethods="1" />
              <MetadataToken />
              <Name>System.String RadElement.Core.Infrastructure.Account::get_Role()</Name>
              <FileRef uid="8" />
              <SequencePoints>
                <SequencePoint vc="0" uspid="18" ordinal="0" sl="18" sc="1" el="18" ec="2" bec="0" bev="0" fileid="8" />
              </SequencePoints>
              <BranchPoints />
              <MethodPoint vc="0" uspid="0" p8:type="SequencePoint" ordinal="2" offset="2" sc="0" sl="18" ec="1" el="18" bec="0" bev="0" fileid="8" xmlns:p8="xsi" />
            </Method>
          </Methods>
        </Class>
        <Class>
          <Summary numSequencePoints="19" visitedSequencePoints="0" numBranchPoints="2" visitedBranchPoints="0" sequenceCoverage="0" branchCoverage="0" maxCyclomaticComplexity="2" minCyclomaticComplexity="1" visitedClasses="0" numClasses="1" visitedMethods="0" numMethods="6" />
          <FullName>RadElement.Core.Infrastructure.AuthorizationConfig</FullName>
          <Methods>
            <Method cyclomaticComplexity="1" nPathComplexity="0" sequenceCoverage="0" branchCoverage="100" isConstructor="False" isGetter="True" isSetter="False" isStatic="True">
              <Summary numSequencePoints="1" visitedSequencePoints="0" numBranchPoints="0" visitedBranchPoints="0" sequenceCoverage="0" branchCoverage="100" maxCyclomaticComplexity="1" minCyclomaticComplexity="1" visitedClasses="0" numClasses="0" visitedMethods="0" numMethods="1" />
              <MetadataToken />
              <Name>System.String RadElement.Core.Infrastructure.AuthorizationConfig::get_Issuer()</Name>
              <FileRef uid="9" />
              <SequencePoints>
                <SequencePoint vc="0" uspid="16" ordinal="0" sl="16" sc="1" el="16" ec="2" bec="0" bev="0" fileid="9" />
              </SequencePoints>
              <BranchPoints />
              <MethodPoint vc="0" uspid="0" p8:type="SequencePoint" ordinal="0" offset="0" sc="0" sl="16" ec="1" el="16" bec="0" bev="0" fileid="9" xmlns:p8="xsi" />
            </Method>
            <Method cyclomaticComplexity="1" nPathComplexity="0" sequenceCoverage="0" branchCoverage="100" isConstructor="False" isGetter="True" isSetter="False" isStatic="True">
              <Summary numSequencePoints="1" visitedSequencePoints="0" numBranchPoints="0" visitedBranchPoints="0" sequenceCoverage="0" branchCoverage="100" maxCyclomaticComplexity="1" minCyclomaticComplexity="1" visitedClasses="0" numClasses="0" visitedMethods="0" numMethods="1" />
              <MetadataToken />
              <Name>System.String RadElement.Core.Infrastructure.AuthorizationConfig::get_Audience()</Name>
              <FileRef uid="9" />
              <SequencePoints>
                <SequencePoint vc="0" uspid="21" ordinal="0" sl="21" sc="1" el="21" ec="2" bec="0" bev="0" fileid="9" />
              </SequencePoints>
              <BranchPoints />
              <MethodPoint vc="0" uspid="0" p8:type="SequencePoint" ordinal="1" offset="1" sc="0" sl="21" ec="1" el="21" bec="0" bev="0" fileid="9" xmlns:p8="xsi" />
            </Method>
            <Method cyclomaticComplexity="1" nPathComplexity="0" sequenceCoverage="0" branchCoverage="100" isConstructor="False" isGetter="True" isSetter="False" isStatic="True">
              <Summary numSequencePoints="1" visitedSequencePoints="0" numBranchPoints="0" visitedBranchPoints="0" sequenceCoverage="0" branchCoverage="100" maxCyclomaticComplexity="1" minCyclomaticComplexity="1" visitedClasses="0" numClasses="0" visitedMethods="0" numMethods="1" />
              <MetadataToken />
              <Name>System.String RadElement.Core.Infrastructure.AuthorizationConfig::get_KeyFilePath()</Name>
              <FileRef uid="9" />
              <SequencePoints>
                <SequencePoint vc="0" uspid="26" ordinal="0" sl="26" sc="1" el="26" ec="2" bec="0" bev="0" fileid="9" />
              </SequencePoints>
              <BranchPoints />
              <MethodPoint vc="0" uspid="0" p8:type="SequencePoint" ordinal="2" offset="2" sc="0" sl="26" ec="1" el="26" bec="0" bev="0" fileid="9" xmlns:p8="xsi" />
            </Method>
            <Method cyclomaticComplexity="1" nPathComplexity="0" sequenceCoverage="0" branchCoverage="100" isConstructor="False" isGetter="True" isSetter="False" isStatic="True">
              <Summary numSequencePoints="1" visitedSequencePoints="0" numBranchPoints="0" visitedBranchPoints="0" sequenceCoverage="0" branchCoverage="100" maxCyclomaticComplexity="1" minCyclomaticComplexity="1" visitedClasses="0" numClasses="0" visitedMethods="0" numMethods="1" />
              <MetadataToken />
              <Name>System.Security.SecureString RadElement.Core.Infrastructure.AuthorizationConfig::get_SigningPassword()</Name>
              <FileRef uid="9" />
              <SequencePoints>
                <SequencePoint vc="0" uspid="31" ordinal="0" sl="31" sc="1" el="31" ec="2" bec="0" bev="0" fileid="9" />
              </SequencePoints>
              <BranchPoints />
              <MethodPoint vc="0" uspid="0" p8:type="SequencePoint" ordinal="3" offset="3" sc="0" sl="31" ec="1" el="31" bec="0" bev="0" fileid="9" xmlns:p8="xsi" />
            </Method>
            <Method cyclomaticComplexity="1" nPathComplexity="0" sequenceCoverage="0" branchCoverage="100" isConstructor="False" isGetter="False" isSetter="False" isStatic="True">
              <Summary numSequencePoints="4" visitedSequencePoints="0" numBranchPoints="0" visitedBranchPoints="0" sequenceCoverage="0" branchCoverage="100" maxCyclomaticComplexity="1" minCyclomaticComplexity="1" visitedClasses="0" numClasses="0" visitedMethods="0" numMethods="1" />
              <MetadataToken />
              <Name>System.Void RadElement.Core.Infrastructure.AuthorizationConfig::SetKeyFilePassword(System.String)</Name>
              <FileRef uid="9" />
              <SequencePoints>
                <SequencePoint vc="0" uspid="38" ordinal="0" sl="38" sc="1" el="38" ec="2" bec="0" bev="0" fileid="9" />
                <SequencePoint vc="0" uspid="39" ordinal="1" sl="39" sc="1" el="39" ec="2" bec="0" bev="0" fileid="9" />
                <SequencePoint vc="0" uspid="40" ordinal="2" sl="40" sc="1" el="40" ec="2" bec="0" bev="0" fileid="9" />
                <SequencePoint vc="0" uspid="41" ordinal="3" sl="41" sc="1" el="41" ec="2" bec="0" bev="0" fileid="9" />
              </SequencePoints>
              <BranchPoints />
              <MethodPoint vc="0" uspid="0" p8:type="SequencePoint" ordinal="4" offset="4" sc="0" sl="38" ec="1" el="41" bec="0" bev="0" fileid="9" xmlns:p8="xsi" />
            </Method>
            <Method cyclomaticComplexity="2" nPathComplexity="0" sequenceCoverage="0" branchCoverage="0" isConstructor="False" isGetter="False" isSetter="False" isStatic="True">
              <Summary numSequencePoints="11" visitedSequencePoints="0" numBranchPoints="2" visitedBranchPoints="0" sequenceCoverage="0" branchCoverage="0" maxCyclomaticComplexity="2" minCyclomaticComplexity="2" visitedClasses="0" numClasses="0" visitedMethods="0" numMethods="1" />
              <MetadataToken />
              <Name>System.String RadElement.Core.Infrastructure.AuthorizationConfig::ConvertToUnsecureString(System.Security.SecureString)</Name>
              <FileRef uid="9" />
              <SequencePoints>
                <SequencePoint vc="0" uspid="50" ordinal="0" sl="50" sc="1" el="50" ec="2" bec="0" bev="0" fileid="9" />
                <SequencePoint vc="0" uspid="51" ordinal="1" sl="51" sc="1" el="51" ec="2" bec="0" bev="0" fileid="9" />
                <SequencePoint vc="0" uspid="52" ordinal="2" sl="52" sc="1" el="52" ec="2" bec="0" bev="0" fileid="9" />
                <SequencePoint vc="0" uspid="54" ordinal="3" sl="54" sc="1" el="54" ec="2" bec="0" bev="0" fileid="9" />
                <SequencePoint vc="0" uspid="56" ordinal="4" sl="56" sc="1" el="56" ec="2" bec="0" bev="0" fileid="9" />
                <SequencePoint vc="0" uspid="57" ordinal="5" sl="57" sc="1" el="57" ec="2" bec="0" bev="0" fileid="9" />
                <SequencePoint vc="0" uspid="58" ordinal="6" sl="58" sc="1" el="58" ec="2" bec="0" bev="0" fileid="9" />
                <SequencePoint vc="0" uspid="61" ordinal="7" sl="61" sc="1" el="61" ec="2" bec="0" bev="0" fileid="9" />
                <SequencePoint vc="0" uspid="62" ordinal="8" sl="62" sc="1" el="62" ec="2" bec="0" bev="0" fileid="9" />
                <SequencePoint vc="0" uspid="63" ordinal="9" sl="63" sc="1" el="63" ec="2" bec="0" bev="0" fileid="9" />
                <SequencePoint vc="0" uspid="64" ordinal="10" sl="64" sc="1" el="64" ec="2" bec="0" bev="0" fileid="9" />
              </SequencePoints>
              <BranchPoints>
                <BranchPoint vc="0" uspid="51" ordinal="0" path="0" offset="7" offsetend="9" sl="51" fileid="9" />
                <BranchPoint vc="0" uspid="51" ordinal="1" path="1" offset="7" offsetend="20" sl="51" fileid="9" />
              </BranchPoints>
              <MethodPoint vc="0" uspid="0" p8:type="SequencePoint" ordinal="5" offset="5" sc="0" sl="50" ec="1" el="64" bec="0" bev="0" fileid="9" xmlns:p8="xsi" />
            </Method>
          </Methods>
        </Class>
        <Class>
          <Summary numSequencePoints="1" visitedSequencePoints="0" numBranchPoints="0" visitedBranchPoints="0" sequenceCoverage="0" branchCoverage="100" maxCyclomaticComplexity="1" minCyclomaticComplexity="1" visitedClasses="0" numClasses="1" visitedMethods="0" numMethods="1" />
          <FullName>RadElement.Core.Infrastructure.UserAccounts</FullName>
          <Methods>
            <Method cyclomaticComplexity="1" nPathComplexity="0" sequenceCoverage="0" branchCoverage="100" isConstructor="False" isGetter="True" isSetter="False" isStatic="True">
              <Summary numSequencePoints="1" visitedSequencePoints="0" numBranchPoints="0" visitedBranchPoints="0" sequenceCoverage="0" branchCoverage="100" maxCyclomaticComplexity="1" minCyclomaticComplexity="1" visitedClasses="0" numClasses="0" visitedMethods="0" numMethods="1" />
              <MetadataToken />
              <Name>System.Collections.Generic.List`1&lt;RadElement.Core.Infrastructure.Account&gt; RadElement.Core.Infrastructure.UserAccounts::get_Accounts()</Name>
              <FileRef uid="10" />
              <SequencePoints>
                <SequencePoint vc="0" uspid="13" ordinal="0" sl="13" sc="1" el="13" ec="2" bec="0" bev="0" fileid="10" />
              </SequencePoints>
              <BranchPoints />
              <MethodPoint vc="0" uspid="0" p8:type="SequencePoint" ordinal="0" offset="0" sc="0" sl="13" ec="1" el="13" bec="0" bev="0" fileid="10" xmlns:p8="xsi" />
            </Method>
          </Methods>
        </Class>
        <Class>
          <Summary numSequencePoints="4" visitedSequencePoints="0" numBranchPoints="0" visitedBranchPoints="0" sequenceCoverage="0" branchCoverage="100" maxCyclomaticComplexity="1" minCyclomaticComplexity="1" visitedClasses="0" numClasses="1" visitedMethods="0" numMethods="4" />
          <FullName>RadElement.Core.DTO.BasicElementDetails</FullName>
          <Methods>
            <Method cyclomaticComplexity="1" nPathComplexity="0" sequenceCoverage="0" branchCoverage="100" isConstructor="False" isGetter="True" isSetter="False" isStatic="True">
              <Summary numSequencePoints="1" visitedSequencePoints="0" numBranchPoints="0" visitedBranchPoints="0" sequenceCoverage="0" branchCoverage="100" maxCyclomaticComplexity="1" minCyclomaticComplexity="1" visitedClasses="0" numClasses="0" visitedMethods="0" numMethods="1" />
              <MetadataToken />
              <Name>System.UInt32 RadElement.Core.DTO.BasicElementDetails::get_Id()</Name>
              <FileRef uid="11" />
              <SequencePoints>
                <SequencePoint vc="0" uspid="11" ordinal="0" sl="11" sc="1" el="11" ec="2" bec="0" bev="0" fileid="11" />
              </SequencePoints>
              <BranchPoints />
              <MethodPoint vc="0" uspid="0" p8:type="SequencePoint" ordinal="0" offset="0" sc="0" sl="11" ec="1" el="11" bec="0" bev="0" fileid="11" xmlns:p8="xsi" />
            </Method>
            <Method cyclomaticComplexity="1" nPathComplexity="0" sequenceCoverage="0" branchCoverage="100" isConstructor="False" isGetter="True" isSetter="False" isStatic="True">
              <Summary numSequencePoints="1" visitedSequencePoints="0" numBranchPoints="0" visitedBranchPoints="0" sequenceCoverage="0" branchCoverage="100" maxCyclomaticComplexity="1" minCyclomaticComplexity="1" visitedClasses="0" numClasses="0" visitedMethods="0" numMethods="1" />
              <MetadataToken />
              <Name>System.String RadElement.Core.DTO.BasicElementDetails::get_ElementId()</Name>
              <FileRef uid="11" />
              <SequencePoints>
                <SequencePoint vc="0" uspid="16" ordinal="0" sl="16" sc="1" el="16" ec="2" bec="0" bev="0" fileid="11" />
              </SequencePoints>
              <BranchPoints />
              <MethodPoint vc="0" uspid="0" p8:type="SequencePoint" ordinal="1" offset="1" sc="0" sl="16" ec="1" el="16" bec="0" bev="0" fileid="11" xmlns:p8="xsi" />
            </Method>
            <Method cyclomaticComplexity="1" nPathComplexity="0" sequenceCoverage="0" branchCoverage="100" isConstructor="False" isGetter="True" isSetter="False" isStatic="True">
              <Summary numSequencePoints="1" visitedSequencePoints="0" numBranchPoints="0" visitedBranchPoints="0" sequenceCoverage="0" branchCoverage="100" maxCyclomaticComplexity="1" minCyclomaticComplexity="1" visitedClasses="0" numClasses="0" visitedMethods="0" numMethods="1" />
              <MetadataToken />
              <Name>System.String RadElement.Core.DTO.BasicElementDetails::get_Name()</Name>
              <FileRef uid="11" />
              <SequencePoints>
                <SequencePoint vc="0" uspid="22" ordinal="0" sl="22" sc="1" el="22" ec="2" bec="0" bev="0" fileid="11" />
              </SequencePoints>
              <BranchPoints />
              <MethodPoint vc="0" uspid="0" p8:type="SequencePoint" ordinal="2" offset="2" sc="0" sl="22" ec="1" el="22" bec="0" bev="0" fileid="11" xmlns:p8="xsi" />
            </Method>
            <Method cyclomaticComplexity="1" nPathComplexity="0" sequenceCoverage="0" branchCoverage="100" isConstructor="False" isGetter="True" isSetter="False" isStatic="True">
              <Summary numSequencePoints="1" visitedSequencePoints="0" numBranchPoints="0" visitedBranchPoints="0" sequenceCoverage="0" branchCoverage="100" maxCyclomaticComplexity="1" minCyclomaticComplexity="1" visitedClasses="0" numClasses="0" visitedMethods="0" numMethods="1" />
              <MetadataToken />
              <Name>System.Collections.Generic.List`1&lt;RadElement.Core.DTO.SetBasicAttributes&gt; RadElement.Core.DTO.BasicElementDetails::get_SetInformation()</Name>
              <FileRef uid="11" />
              <SequencePoints>
                <SequencePoint vc="0" uspid="28" ordinal="0" sl="28" sc="1" el="28" ec="2" bec="0" bev="0" fileid="11" />
              </SequencePoints>
              <BranchPoints />
              <MethodPoint vc="0" uspid="0" p8:type="SequencePoint" ordinal="3" offset="3" sc="0" sl="28" ec="1" el="28" bec="0" bev="0" fileid="11" xmlns:p8="xsi" />
            </Method>
          </Methods>
        </Class>
        <Class>
          <Summary numSequencePoints="1" visitedSequencePoints="1" numBranchPoints="0" visitedBranchPoints="0" sequenceCoverage="100" branchCoverage="100" maxCyclomaticComplexity="1" minCyclomaticComplexity="1" visitedClasses="1" numClasses="1" visitedMethods="1" numMethods="1" />
          <FullName>RadElement.Core.DTO.CreateElement</FullName>
          <Methods>
            <Method cyclomaticComplexity="1" nPathComplexity="0" sequenceCoverage="100" branchCoverage="100" isConstructor="False" isGetter="True" isSetter="False" isStatic="True">
              <Summary numSequencePoints="1" visitedSequencePoints="1" numBranchPoints="0" visitedBranchPoints="0" sequenceCoverage="100" branchCoverage="100" maxCyclomaticComplexity="1" minCyclomaticComplexity="1" visitedClasses="0" numClasses="0" visitedMethods="1" numMethods="1" />
              <MetadataToken />
              <Name>System.String RadElement.Core.DTO.CreateElement::get_ElementId()</Name>
              <FileRef uid="12" />
              <SequencePoints>
                <SequencePoint vc="30" uspid="8" ordinal="0" sl="8" sc="1" el="8" ec="2" bec="0" bev="0" fileid="12" />
              </SequencePoints>
              <BranchPoints />
              <MethodPoint vc="1" uspid="0" p8:type="SequencePoint" ordinal="0" offset="0" sc="0" sl="8" ec="1" el="8" bec="0" bev="0" fileid="12" xmlns:p8="xsi" />
            </Method>
          </Methods>
        </Class>
        <Class>
          <Summary numSequencePoints="4" visitedSequencePoints="3" numBranchPoints="0" visitedBranchPoints="0" sequenceCoverage="75" branchCoverage="100" maxCyclomaticComplexity="1" minCyclomaticComplexity="1" visitedClasses="1" numClasses="1" visitedMethods="3" numMethods="4" />
          <FullName>RadElement.Core.DTO.CreateUpdateIndexCode</FullName>
          <Methods>
            <Method cyclomaticComplexity="1" nPathComplexity="0" sequenceCoverage="100" branchCoverage="100" isConstructor="False" isGetter="True" isSetter="False" isStatic="True">
              <Summary numSequencePoints="1" visitedSequencePoints="1" numBranchPoints="0" visitedBranchPoints="0" sequenceCoverage="100" branchCoverage="100" maxCyclomaticComplexity="1" minCyclomaticComplexity="1" visitedClasses="0" numClasses="0" visitedMethods="1" numMethods="1" />
              <MetadataToken />
              <Name>System.String RadElement.Core.DTO.CreateUpdateIndexCode::get_System()</Name>
              <FileRef uid="13" />
              <SequencePoints>
                <SequencePoint vc="54" uspid="8" ordinal="0" sl="8" sc="1" el="8" ec="2" bec="0" bev="0" fileid="13" />
              </SequencePoints>
              <BranchPoints />
              <MethodPoint vc="1" uspid="0" p8:type="SequencePoint" ordinal="0" offset="0" sc="0" sl="8" ec="1" el="8" bec="0" bev="0" fileid="13" xmlns:p8="xsi" />
            </Method>
            <Method cyclomaticComplexity="1" nPathComplexity="0" sequenceCoverage="100" branchCoverage="100" isConstructor="False" isGetter="True" isSetter="False" isStatic="True">
              <Summary numSequencePoints="1" visitedSequencePoints="1" numBranchPoints="0" visitedBranchPoints="0" sequenceCoverage="100" branchCoverage="100" maxCyclomaticComplexity="1" minCyclomaticComplexity="1" visitedClasses="0" numClasses="0" visitedMethods="1" numMethods="1" />
              <MetadataToken />
              <Name>System.String RadElement.Core.DTO.CreateUpdateIndexCode::get_Display()</Name>
              <FileRef uid="13" />
              <SequencePoints>
                <SequencePoint vc="15" uspid="13" ordinal="0" sl="13" sc="1" el="13" ec="2" bec="0" bev="0" fileid="13" />
              </SequencePoints>
              <BranchPoints />
              <MethodPoint vc="1" uspid="0" p8:type="SequencePoint" ordinal="1" offset="1" sc="0" sl="13" ec="1" el="13" bec="0" bev="0" fileid="13" xmlns:p8="xsi" />
            </Method>
            <Method cyclomaticComplexity="1" nPathComplexity="0" sequenceCoverage="100" branchCoverage="100" isConstructor="False" isGetter="True" isSetter="False" isStatic="True">
              <Summary numSequencePoints="1" visitedSequencePoints="1" numBranchPoints="0" visitedBranchPoints="0" sequenceCoverage="100" branchCoverage="100" maxCyclomaticComplexity="1" minCyclomaticComplexity="1" visitedClasses="0" numClasses="0" visitedMethods="1" numMethods="1" />
              <MetadataToken />
              <Name>System.String RadElement.Core.DTO.CreateUpdateIndexCode::get_Code()</Name>
              <FileRef uid="13" />
              <SequencePoints>
                <SequencePoint vc="24" uspid="18" ordinal="0" sl="18" sc="1" el="18" ec="2" bec="0" bev="0" fileid="13" />
              </SequencePoints>
              <BranchPoints />
              <MethodPoint vc="1" uspid="0" p8:type="SequencePoint" ordinal="2" offset="2" sc="0" sl="18" ec="1" el="18" bec="0" bev="0" fileid="13" xmlns:p8="xsi" />
            </Method>
            <Method cyclomaticComplexity="1" nPathComplexity="0" sequenceCoverage="0" branchCoverage="100" isConstructor="False" isGetter="True" isSetter="False" isStatic="True">
              <Summary numSequencePoints="1" visitedSequencePoints="0" numBranchPoints="0" visitedBranchPoints="0" sequenceCoverage="0" branchCoverage="100" maxCyclomaticComplexity="1" minCyclomaticComplexity="1" visitedClasses="0" numClasses="0" visitedMethods="0" numMethods="1" />
              <MetadataToken />
              <Name>System.String RadElement.Core.DTO.CreateUpdateIndexCode::get_Href()</Name>
              <FileRef uid="13" />
              <SequencePoints>
                <SequencePoint vc="0" uspid="23" ordinal="0" sl="23" sc="1" el="23" ec="2" bec="0" bev="0" fileid="13" />
              </SequencePoints>
              <BranchPoints />
              <MethodPoint vc="0" uspid="0" p8:type="SequencePoint" ordinal="3" offset="3" sc="0" sl="23" ec="1" el="23" bec="0" bev="0" fileid="13" xmlns:p8="xsi" />
            </Method>
          </Methods>
        </Class>
        <Class>
          <Summary numSequencePoints="6" visitedSequencePoints="3" numBranchPoints="0" visitedBranchPoints="0" sequenceCoverage="50" branchCoverage="100" maxCyclomaticComplexity="1" minCyclomaticComplexity="1" visitedClasses="1" numClasses="1" visitedMethods="3" numMethods="6" />
          <FullName>RadElement.Core.DTO.CreateUpdateOrganization</FullName>
          <Methods>
            <Method cyclomaticComplexity="1" nPathComplexity="0" sequenceCoverage="100" branchCoverage="100" isConstructor="False" isGetter="True" isSetter="False" isStatic="True">
              <Summary numSequencePoints="1" visitedSequencePoints="1" numBranchPoints="0" visitedBranchPoints="0" sequenceCoverage="100" branchCoverage="100" maxCyclomaticComplexity="1" minCyclomaticComplexity="1" visitedClasses="0" numClasses="0" visitedMethods="1" numMethods="1" />
              <MetadataToken />
              <Name>System.String RadElement.Core.DTO.CreateUpdateOrganization::get_Name()</Name>
              <FileRef uid="14" />
              <SequencePoints>
                <SequencePoint vc="27" uspid="13" ordinal="0" sl="13" sc="1" el="13" ec="2" bec="0" bev="0" fileid="14" />
              </SequencePoints>
              <BranchPoints />
              <MethodPoint vc="1" uspid="0" p8:type="SequencePoint" ordinal="0" offset="0" sc="0" sl="13" ec="1" el="13" bec="0" bev="0" fileid="14" xmlns:p8="xsi" />
            </Method>
            <Method cyclomaticComplexity="1" nPathComplexity="0" sequenceCoverage="100" branchCoverage="100" isConstructor="False" isGetter="True" isSetter="False" isStatic="True">
              <Summary numSequencePoints="1" visitedSequencePoints="1" numBranchPoints="0" visitedBranchPoints="0" sequenceCoverage="100" branchCoverage="100" maxCyclomaticComplexity="1" minCyclomaticComplexity="1" visitedClasses="0" numClasses="0" visitedMethods="1" numMethods="1" />
              <MetadataToken />
              <Name>System.String RadElement.Core.DTO.CreateUpdateOrganization::get_Abbreviation()</Name>
              <FileRef uid="14" />
              <SequencePoints>
                <SequencePoint vc="15" uspid="19" ordinal="0" sl="19" sc="1" el="19" ec="2" bec="0" bev="0" fileid="14" />
              </SequencePoints>
              <BranchPoints />
              <MethodPoint vc="1" uspid="0" p8:type="SequencePoint" ordinal="1" offset="1" sc="0" sl="19" ec="1" el="19" bec="0" bev="0" fileid="14" xmlns:p8="xsi" />
            </Method>
            <Method cyclomaticComplexity="1" nPathComplexity="0" sequenceCoverage="100" branchCoverage="100" isConstructor="False" isGetter="True" isSetter="False" isStatic="True">
              <Summary numSequencePoints="1" visitedSequencePoints="1" numBranchPoints="0" visitedBranchPoints="0" sequenceCoverage="100" branchCoverage="100" maxCyclomaticComplexity="1" minCyclomaticComplexity="1" visitedClasses="0" numClasses="0" visitedMethods="1" numMethods="1" />
              <MetadataToken />
              <Name>System.String RadElement.Core.DTO.CreateUpdateOrganization::get_Url()</Name>
              <FileRef uid="14" />
              <SequencePoints>
                <SequencePoint vc="9" uspid="25" ordinal="0" sl="25" sc="1" el="25" ec="2" bec="0" bev="0" fileid="14" />
              </SequencePoints>
              <BranchPoints />
              <MethodPoint vc="1" uspid="0" p8:type="SequencePoint" ordinal="2" offset="2" sc="0" sl="25" ec="1" el="25" bec="0" bev="0" fileid="14" xmlns:p8="xsi" />
            </Method>
            <Method cyclomaticComplexity="1" nPathComplexity="0" sequenceCoverage="0" branchCoverage="100" isConstructor="False" isGetter="True" isSetter="False" isStatic="True">
              <Summary numSequencePoints="1" visitedSequencePoints="0" numBranchPoints="0" visitedBranchPoints="0" sequenceCoverage="0" branchCoverage="100" maxCyclomaticComplexity="1" minCyclomaticComplexity="1" visitedClasses="0" numClasses="0" visitedMethods="0" numMethods="1" />
              <MetadataToken />
              <Name>System.String RadElement.Core.DTO.CreateUpdateOrganization::get_Comment()</Name>
              <FileRef uid="14" />
              <SequencePoints>
                <SequencePoint vc="0" uspid="31" ordinal="0" sl="31" sc="1" el="31" ec="2" bec="0" bev="0" fileid="14" />
              </SequencePoints>
              <BranchPoints />
              <MethodPoint vc="0" uspid="0" p8:type="SequencePoint" ordinal="3" offset="3" sc="0" sl="31" ec="1" el="31" bec="0" bev="0" fileid="14" xmlns:p8="xsi" />
            </Method>
            <Method cyclomaticComplexity="1" nPathComplexity="0" sequenceCoverage="0" branchCoverage="100" isConstructor="False" isGetter="True" isSetter="False" isStatic="True">
              <Summary numSequencePoints="1" visitedSequencePoints="0" numBranchPoints="0" visitedBranchPoints="0" sequenceCoverage="0" branchCoverage="100" maxCyclomaticComplexity="1" minCyclomaticComplexity="1" visitedClasses="0" numClasses="0" visitedMethods="0" numMethods="1" />
              <MetadataToken />
              <Name>System.String RadElement.Core.DTO.CreateUpdateOrganization::get_TwitterHandle()</Name>
              <FileRef uid="14" />
              <SequencePoints>
                <SequencePoint vc="0" uspid="37" ordinal="0" sl="37" sc="1" el="37" ec="2" bec="0" bev="0" fileid="14" />
              </SequencePoints>
              <BranchPoints />
              <MethodPoint vc="0" uspid="0" p8:type="SequencePoint" ordinal="4" offset="4" sc="0" sl="37" ec="1" el="37" bec="0" bev="0" fileid="14" xmlns:p8="xsi" />
            </Method>
            <Method cyclomaticComplexity="1" nPathComplexity="0" sequenceCoverage="0" branchCoverage="100" isConstructor="False" isGetter="True" isSetter="False" isStatic="True">
              <Summary numSequencePoints="1" visitedSequencePoints="0" numBranchPoints="0" visitedBranchPoints="0" sequenceCoverage="0" branchCoverage="100" maxCyclomaticComplexity="1" minCyclomaticComplexity="1" visitedClasses="0" numClasses="0" visitedMethods="0" numMethods="1" />
              <MetadataToken />
              <Name>System.String RadElement.Core.DTO.CreateUpdateOrganization::get_Email()</Name>
              <FileRef uid="14" />
              <SequencePoints>
                <SequencePoint vc="0" uspid="43" ordinal="0" sl="43" sc="1" el="43" ec="2" bec="0" bev="0" fileid="14" />
              </SequencePoints>
              <BranchPoints />
              <MethodPoint vc="0" uspid="0" p8:type="SequencePoint" ordinal="5" offset="5" sc="0" sl="43" ec="1" el="43" bec="0" bev="0" fileid="14" xmlns:p8="xsi" />
            </Method>
          </Methods>
        </Class>
        <Class>
          <Summary numSequencePoints="4" visitedSequencePoints="2" numBranchPoints="0" visitedBranchPoints="0" sequenceCoverage="50" branchCoverage="100" maxCyclomaticComplexity="1" minCyclomaticComplexity="1" visitedClasses="1" numClasses="1" visitedMethods="2" numMethods="4" />
          <FullName>RadElement.Core.DTO.CreateUpdatePerson</FullName>
          <Methods>
            <Method cyclomaticComplexity="1" nPathComplexity="0" sequenceCoverage="100" branchCoverage="100" isConstructor="False" isGetter="True" isSetter="False" isStatic="True">
              <Summary numSequencePoints="1" visitedSequencePoints="1" numBranchPoints="0" visitedBranchPoints="0" sequenceCoverage="100" branchCoverage="100" maxCyclomaticComplexity="1" minCyclomaticComplexity="1" visitedClasses="0" numClasses="0" visitedMethods="1" numMethods="1" />
              <MetadataToken />
              <Name>System.String RadElement.Core.DTO.CreateUpdatePerson::get_Name()</Name>
              <FileRef uid="15" />
              <SequencePoints>
                <SequencePoint vc="27" uspid="13" ordinal="0" sl="13" sc="1" el="13" ec="2" bec="0" bev="0" fileid="15" />
              </SequencePoints>
              <BranchPoints />
              <MethodPoint vc="1" uspid="0" p8:type="SequencePoint" ordinal="0" offset="0" sc="0" sl="13" ec="1" el="13" bec="0" bev="0" fileid="15" xmlns:p8="xsi" />
            </Method>
            <Method cyclomaticComplexity="1" nPathComplexity="0" sequenceCoverage="100" branchCoverage="100" isConstructor="False" isGetter="True" isSetter="False" isStatic="True">
              <Summary numSequencePoints="1" visitedSequencePoints="1" numBranchPoints="0" visitedBranchPoints="0" sequenceCoverage="100" branchCoverage="100" maxCyclomaticComplexity="1" minCyclomaticComplexity="1" visitedClasses="0" numClasses="0" visitedMethods="1" numMethods="1" />
              <MetadataToken />
              <Name>System.String RadElement.Core.DTO.CreateUpdatePerson::get_Orcid()</Name>
              <FileRef uid="15" />
              <SequencePoints>
                <SequencePoint vc="13" uspid="19" ordinal="0" sl="19" sc="1" el="19" ec="2" bec="0" bev="0" fileid="15" />
              </SequencePoints>
              <BranchPoints />
              <MethodPoint vc="1" uspid="0" p8:type="SequencePoint" ordinal="1" offset="1" sc="0" sl="19" ec="1" el="19" bec="0" bev="0" fileid="15" xmlns:p8="xsi" />
            </Method>
            <Method cyclomaticComplexity="1" nPathComplexity="0" sequenceCoverage="0" branchCoverage="100" isConstructor="False" isGetter="True" isSetter="False" isStatic="True">
              <Summary numSequencePoints="1" visitedSequencePoints="0" numBranchPoints="0" visitedBranchPoints="0" sequenceCoverage="0" branchCoverage="100" maxCyclomaticComplexity="1" minCyclomaticComplexity="1" visitedClasses="0" numClasses="0" visitedMethods="0" numMethods="1" />
              <MetadataToken />
              <Name>System.String RadElement.Core.DTO.CreateUpdatePerson::get_Url()</Name>
              <FileRef uid="15" />
              <SequencePoints>
                <SequencePoint vc="0" uspid="25" ordinal="0" sl="25" sc="1" el="25" ec="2" bec="0" bev="0" fileid="15" />
              </SequencePoints>
              <BranchPoints />
              <MethodPoint vc="0" uspid="0" p8:type="SequencePoint" ordinal="2" offset="2" sc="0" sl="25" ec="1" el="25" bec="0" bev="0" fileid="15" xmlns:p8="xsi" />
            </Method>
            <Method cyclomaticComplexity="1" nPathComplexity="0" sequenceCoverage="0" branchCoverage="100" isConstructor="False" isGetter="True" isSetter="False" isStatic="True">
              <Summary numSequencePoints="1" visitedSequencePoints="0" numBranchPoints="0" visitedBranchPoints="0" sequenceCoverage="0" branchCoverage="100" maxCyclomaticComplexity="1" minCyclomaticComplexity="1" visitedClasses="0" numClasses="0" visitedMethods="0" numMethods="1" />
              <MetadataToken />
              <Name>System.String RadElement.Core.DTO.CreateUpdatePerson::get_TwitterHandle()</Name>
              <FileRef uid="15" />
              <SequencePoints>
                <SequencePoint vc="0" uspid="31" ordinal="0" sl="31" sc="1" el="31" ec="2" bec="0" bev="0" fileid="15" />
              </SequencePoints>
              <BranchPoints />
              <MethodPoint vc="0" uspid="0" p8:type="SequencePoint" ordinal="3" offset="3" sc="0" sl="31" ec="1" el="31" bec="0" bev="0" fileid="15" xmlns:p8="xsi" />
            </Method>
          </Methods>
        </Class>
        <Class>
          <Summary numSequencePoints="4" visitedSequencePoints="3" numBranchPoints="0" visitedBranchPoints="0" sequenceCoverage="75" branchCoverage="100" maxCyclomaticComplexity="1" minCyclomaticComplexity="1" visitedClasses="1" numClasses="1" visitedMethods="3" numMethods="4" />
          <FullName>RadElement.Core.DTO.CreateUpdateReference</FullName>
          <Methods>
            <Method cyclomaticComplexity="1" nPathComplexity="0" sequenceCoverage="100" branchCoverage="100" isConstructor="False" isGetter="True" isSetter="False" isStatic="True">
              <Summary numSequencePoints="1" visitedSequencePoints="1" numBranchPoints="0" visitedBranchPoints="0" sequenceCoverage="100" branchCoverage="100" maxCyclomaticComplexity="1" minCyclomaticComplexity="1" visitedClasses="0" numClasses="0" visitedMethods="1" numMethods="1" />
              <MetadataToken />
              <Name>System.String RadElement.Core.DTO.CreateUpdateReference::get_Citation()</Name>
              <FileRef uid="16" />
              <SequencePoints>
                <SequencePoint vc="13" uspid="8" ordinal="0" sl="8" sc="1" el="8" ec="2" bec="0" bev="0" fileid="16" />
              </SequencePoints>
              <BranchPoints />
              <MethodPoint vc="1" uspid="0" p8:type="SequencePoint" ordinal="0" offset="0" sc="0" sl="8" ec="1" el="8" bec="0" bev="0" fileid="16" xmlns:p8="xsi" />
            </Method>
            <Method cyclomaticComplexity="1" nPathComplexity="0" sequenceCoverage="100" branchCoverage="100" isConstructor="False" isGetter="True" isSetter="False" isStatic="True">
              <Summary numSequencePoints="1" visitedSequencePoints="1" numBranchPoints="0" visitedBranchPoints="0" sequenceCoverage="100" branchCoverage="100" maxCyclomaticComplexity="1" minCyclomaticComplexity="1" visitedClasses="0" numClasses="0" visitedMethods="1" numMethods="1" />
              <MetadataToken />
              <Name>System.String RadElement.Core.DTO.CreateUpdateReference::get_DoiUri()</Name>
              <FileRef uid="16" />
              <SequencePoints>
                <SequencePoint vc="13" uspid="13" ordinal="0" sl="13" sc="1" el="13" ec="2" bec="0" bev="0" fileid="16" />
              </SequencePoints>
              <BranchPoints />
              <MethodPoint vc="1" uspid="0" p8:type="SequencePoint" ordinal="1" offset="1" sc="0" sl="13" ec="1" el="13" bec="0" bev="0" fileid="16" xmlns:p8="xsi" />
            </Method>
            <Method cyclomaticComplexity="1" nPathComplexity="0" sequenceCoverage="0" branchCoverage="100" isConstructor="False" isGetter="True" isSetter="False" isStatic="True">
              <Summary numSequencePoints="1" visitedSequencePoints="0" numBranchPoints="0" visitedBranchPoints="0" sequenceCoverage="0" branchCoverage="100" maxCyclomaticComplexity="1" minCyclomaticComplexity="1" visitedClasses="0" numClasses="0" visitedMethods="0" numMethods="1" />
              <MetadataToken />
              <Name>System.Nullable`1&lt;System.Int32&gt; RadElement.Core.DTO.CreateUpdateReference::get_PubmedId()</Name>
              <FileRef uid="16" />
              <SequencePoints>
                <SequencePoint vc="0" uspid="18" ordinal="0" sl="18" sc="1" el="18" ec="2" bec="0" bev="0" fileid="16" />
              </SequencePoints>
              <BranchPoints />
              <MethodPoint vc="0" uspid="0" p8:type="SequencePoint" ordinal="2" offset="2" sc="0" sl="18" ec="1" el="18" bec="0" bev="0" fileid="16" xmlns:p8="xsi" />
            </Method>
            <Method cyclomaticComplexity="1" nPathComplexity="0" sequenceCoverage="100" branchCoverage="100" isConstructor="False" isGetter="True" isSetter="False" isStatic="True">
              <Summary numSequencePoints="1" visitedSequencePoints="1" numBranchPoints="0" visitedBranchPoints="0" sequenceCoverage="100" branchCoverage="100" maxCyclomaticComplexity="1" minCyclomaticComplexity="1" visitedClasses="0" numClasses="0" visitedMethods="1" numMethods="1" />
              <MetadataToken />
              <Name>System.String RadElement.Core.DTO.CreateUpdateReference::get_Url()</Name>
              <FileRef uid="16" />
              <SequencePoints>
                <SequencePoint vc="13" uspid="23" ordinal="0" sl="23" sc="1" el="23" ec="2" bec="0" bev="0" fileid="16" />
              </SequencePoints>
              <BranchPoints />
              <MethodPoint vc="1" uspid="0" p8:type="SequencePoint" ordinal="3" offset="3" sc="0" sl="23" ec="1" el="23" bec="0" bev="0" fileid="16" xmlns:p8="xsi" />
            </Method>
          </Methods>
        </Class>
        <Class>
          <Summary numSequencePoints="16" visitedSequencePoints="8" numBranchPoints="0" visitedBranchPoints="0" sequenceCoverage="50" branchCoverage="100" maxCyclomaticComplexity="1" minCyclomaticComplexity="1" visitedClasses="1" numClasses="1" visitedMethods="8" numMethods="16" />
          <FullName>RadElement.Core.DTO.CreateUpdateSet</FullName>
          <Methods>
            <Method cyclomaticComplexity="1" nPathComplexity="0" sequenceCoverage="100" branchCoverage="100" isConstructor="False" isGetter="True" isSetter="False" isStatic="True">
              <Summary numSequencePoints="1" visitedSequencePoints="1" numBranchPoints="0" visitedBranchPoints="0" sequenceCoverage="100" branchCoverage="100" maxCyclomaticComplexity="1" minCyclomaticComplexity="1" visitedClasses="0" numClasses="0" visitedMethods="1" numMethods="1" />
              <MetadataToken />
              <Name>System.String RadElement.Core.DTO.CreateUpdateSet::get_Name()</Name>
              <FileRef uid="17" />
              <SequencePoints>
                <SequencePoint vc="16" uspid="13" ordinal="0" sl="13" sc="1" el="13" ec="2" bec="0" bev="0" fileid="17" />
              </SequencePoints>
              <BranchPoints />
              <MethodPoint vc="1" uspid="0" p8:type="SequencePoint" ordinal="0" offset="0" sc="0" sl="13" ec="1" el="13" bec="0" bev="0" fileid="17" xmlns:p8="xsi" />
            </Method>
            <Method cyclomaticComplexity="1" nPathComplexity="0" sequenceCoverage="100" branchCoverage="100" isConstructor="False" isGetter="True" isSetter="False" isStatic="True">
              <Summary numSequencePoints="1" visitedSequencePoints="1" numBranchPoints="0" visitedBranchPoints="0" sequenceCoverage="100" branchCoverage="100" maxCyclomaticComplexity="1" minCyclomaticComplexity="1" visitedClasses="0" numClasses="0" visitedMethods="1" numMethods="1" />
              <MetadataToken />
              <Name>System.String RadElement.Core.DTO.CreateUpdateSet::get_Description()</Name>
              <FileRef uid="17" />
              <SequencePoints>
                <SequencePoint vc="16" uspid="19" ordinal="0" sl="19" sc="1" el="19" ec="2" bec="0" bev="0" fileid="17" />
              </SequencePoints>
              <BranchPoints />
              <MethodPoint vc="1" uspid="0" p8:type="SequencePoint" ordinal="1" offset="1" sc="0" sl="19" ec="1" el="19" bec="0" bev="0" fileid="17" xmlns:p8="xsi" />
            </Method>
            <Method cyclomaticComplexity="1" nPathComplexity="0" sequenceCoverage="100" branchCoverage="100" isConstructor="False" isGetter="True" isSetter="False" isStatic="True">
              <Summary numSequencePoints="1" visitedSequencePoints="1" numBranchPoints="0" visitedBranchPoints="0" sequenceCoverage="100" branchCoverage="100" maxCyclomaticComplexity="1" minCyclomaticComplexity="1" visitedClasses="0" numClasses="0" visitedMethods="1" numMethods="1" />
              <MetadataToken />
              <Name>System.String RadElement.Core.DTO.CreateUpdateSet::get_ContactName()</Name>
              <FileRef uid="17" />
              <SequencePoints>
                <SequencePoint vc="16" uspid="25" ordinal="0" sl="25" sc="1" el="25" ec="2" bec="0" bev="0" fileid="17" />
              </SequencePoints>
              <BranchPoints />
              <MethodPoint vc="1" uspid="0" p8:type="SequencePoint" ordinal="2" offset="2" sc="0" sl="25" ec="1" el="25" bec="0" bev="0" fileid="17" xmlns:p8="xsi" />
            </Method>
            <Method cyclomaticComplexity="1" nPathComplexity="0" sequenceCoverage="0" branchCoverage="100" isConstructor="False" isGetter="True" isSetter="False" isStatic="True">
              <Summary numSequencePoints="1" visitedSequencePoints="0" numBranchPoints="0" visitedBranchPoints="0" sequenceCoverage="0" branchCoverage="100" maxCyclomaticComplexity="1" minCyclomaticComplexity="1" visitedClasses="0" numClasses="0" visitedMethods="0" numMethods="1" />
              <MetadataToken />
              <Name>System.Nullable`1&lt;System.Int32&gt; RadElement.Core.DTO.CreateUpdateSet::get_ParentId()</Name>
              <FileRef uid="17" />
              <SequencePoints>
                <SequencePoint vc="0" uspid="30" ordinal="0" sl="30" sc="1" el="30" ec="2" bec="0" bev="0" fileid="17" />
              </SequencePoints>
              <BranchPoints />
              <MethodPoint vc="0" uspid="0" p8:type="SequencePoint" ordinal="3" offset="3" sc="0" sl="30" ec="1" el="30" bec="0" bev="0" fileid="17" xmlns:p8="xsi" />
            </Method>
            <Method cyclomaticComplexity="1" nPathComplexity="0" sequenceCoverage="0" branchCoverage="100" isConstructor="False" isGetter="True" isSetter="False" isStatic="True">
              <Summary numSequencePoints="1" visitedSequencePoints="0" numBranchPoints="0" visitedBranchPoints="0" sequenceCoverage="0" branchCoverage="100" maxCyclomaticComplexity="1" minCyclomaticComplexity="1" visitedClasses="0" numClasses="0" visitedMethods="0" numMethods="1" />
              <MetadataToken />
              <Name>System.Collections.Generic.List`1&lt;RadElement.Core.DTO.ModalityType&gt; RadElement.Core.DTO.CreateUpdateSet::get_Modality()</Name>
              <FileRef uid="17" />
              <SequencePoints>
                <SequencePoint vc="0" uspid="35" ordinal="0" sl="35" sc="1" el="35" ec="2" bec="0" bev="0" fileid="17" />
              </SequencePoints>
              <BranchPoints />
              <MethodPoint vc="0" uspid="0" p8:type="SequencePoint" ordinal="4" offset="4" sc="0" sl="35" ec="1" el="35" bec="0" bev="0" fileid="17" xmlns:p8="xsi" />
            </Method>
            <Method cyclomaticComplexity="1" nPathComplexity="0" sequenceCoverage="0" branchCoverage="100" isConstructor="False" isGetter="True" isSetter="False" isStatic="True">
              <Summary numSequencePoints="1" visitedSequencePoints="0" numBranchPoints="0" visitedBranchPoints="0" sequenceCoverage="0" branchCoverage="100" maxCyclomaticComplexity="1" minCyclomaticComplexity="1" visitedClasses="0" numClasses="0" visitedMethods="0" numMethods="1" />
              <MetadataToken />
              <Name>System.Collections.Generic.List`1&lt;RadElement.Core.DTO.BiologicalSex&gt; RadElement.Core.DTO.CreateUpdateSet::get_BiologicalSex()</Name>
              <FileRef uid="17" />
              <SequencePoints>
                <SequencePoint vc="0" uspid="40" ordinal="0" sl="40" sc="1" el="40" ec="2" bec="0" bev="0" fileid="17" />
              </SequencePoints>
              <BranchPoints />
              <MethodPoint vc="0" uspid="0" p8:type="SequencePoint" ordinal="5" offset="5" sc="0" sl="40" ec="1" el="40" bec="0" bev="0" fileid="17" xmlns:p8="xsi" />
            </Method>
            <Method cyclomaticComplexity="1" nPathComplexity="0" sequenceCoverage="0" branchCoverage="100" isConstructor="False" isGetter="True" isSetter="False" isStatic="True">
              <Summary numSequencePoints="1" visitedSequencePoints="0" numBranchPoints="0" visitedBranchPoints="0" sequenceCoverage="0" branchCoverage="100" maxCyclomaticComplexity="1" minCyclomaticComplexity="1" visitedClasses="0" numClasses="0" visitedMethods="0" numMethods="1" />
              <MetadataToken />
              <Name>System.Nullable`1&lt;System.Single&gt; RadElement.Core.DTO.CreateUpdateSet::get_AgeUpperBound()</Name>
              <FileRef uid="17" />
              <SequencePoints>
                <SequencePoint vc="0" uspid="45" ordinal="0" sl="45" sc="1" el="45" ec="2" bec="0" bev="0" fileid="17" />
              </SequencePoints>
              <BranchPoints />
              <MethodPoint vc="0" uspid="0" p8:type="SequencePoint" ordinal="6" offset="6" sc="0" sl="45" ec="1" el="45" bec="0" bev="0" fileid="17" xmlns:p8="xsi" />
            </Method>
            <Method cyclomaticComplexity="1" nPathComplexity="0" sequenceCoverage="0" branchCoverage="100" isConstructor="False" isGetter="True" isSetter="False" isStatic="True">
              <Summary numSequencePoints="1" visitedSequencePoints="0" numBranchPoints="0" visitedBranchPoints="0" sequenceCoverage="0" branchCoverage="100" maxCyclomaticComplexity="1" minCyclomaticComplexity="1" visitedClasses="0" numClasses="0" visitedMethods="0" numMethods="1" />
              <MetadataToken />
              <Name>System.Nullable`1&lt;System.Single&gt; RadElement.Core.DTO.CreateUpdateSet::get_AgeLowerBound()</Name>
              <FileRef uid="17" />
              <SequencePoints>
                <SequencePoint vc="0" uspid="50" ordinal="0" sl="50" sc="1" el="50" ec="2" bec="0" bev="0" fileid="17" />
              </SequencePoints>
              <BranchPoints />
              <MethodPoint vc="0" uspid="0" p8:type="SequencePoint" ordinal="7" offset="7" sc="0" sl="50" ec="1" el="50" bec="0" bev="0" fileid="17" xmlns:p8="xsi" />
            </Method>
            <Method cyclomaticComplexity="1" nPathComplexity="0" sequenceCoverage="0" branchCoverage="100" isConstructor="False" isGetter="True" isSetter="False" isStatic="True">
              <Summary numSequencePoints="1" visitedSequencePoints="0" numBranchPoints="0" visitedBranchPoints="0" sequenceCoverage="0" branchCoverage="100" maxCyclomaticComplexity="1" minCyclomaticComplexity="1" visitedClasses="0" numClasses="0" visitedMethods="0" numMethods="1" />
              <MetadataToken />
              <Name>System.String RadElement.Core.DTO.CreateUpdateSet::get_Version()</Name>
              <FileRef uid="17" />
              <SequencePoints>
                <SequencePoint vc="0" uspid="56" ordinal="0" sl="56" sc="1" el="56" ec="2" bec="0" bev="0" fileid="17" />
              </SequencePoints>
              <BranchPoints />
              <MethodPoint vc="0" uspid="0" p8:type="SequencePoint" ordinal="8" offset="8" sc="0" sl="56" ec="1" el="56" bec="0" bev="0" fileid="17" xmlns:p8="xsi" />
            </Method>
            <Method cyclomaticComplexity="1" nPathComplexity="0" sequenceCoverage="0" branchCoverage="100" isConstructor="False" isGetter="True" isSetter="False" isStatic="True">
              <Summary numSequencePoints="1" visitedSequencePoints="0" numBranchPoints="0" visitedBranchPoints="0" sequenceCoverage="0" branchCoverage="100" maxCyclomaticComplexity="1" minCyclomaticComplexity="1" visitedClasses="0" numClasses="0" visitedMethods="0" numMethods="1" />
              <MetadataToken />
              <Name>System.DateTime RadElement.Core.DTO.CreateUpdateSet::get_VersionDate()</Name>
              <FileRef uid="17" />
              <SequencePoints>
                <SequencePoint vc="0" uspid="61" ordinal="0" sl="61" sc="1" el="61" ec="2" bec="0" bev="0" fileid="17" />
              </SequencePoints>
              <BranchPoints />
[...]
          <FullName>RadElement.Service.ReferenceService/&lt;CreateReference&gt;d__6</FullName>
          <Methods>
            <Method cyclomaticComplexity="14" nPathComplexity="0" sequenceCoverage="96.15" branchCoverage="64.28" isConstructor="False" isGetter="False" isSetter="False" isStatic="True">
              <Summary numSequencePoints="26" visitedSequencePoints="25" numBranchPoints="14" visitedBranchPoints="9" sequenceCoverage="96.15" branchCoverage="64.28" maxCyclomaticComplexity="14" minCyclomaticComplexity="14" visitedClasses="0" numClasses="0" visitedMethods="1" numMethods="1" />
              <MetadataToken />
              <Name>System.Void RadElement.Service.ReferenceService/&lt;CreateReference&gt;d__6::MoveNext()</Name>
              <FileRef uid="69" />
              <SequencePoints>
                <SequencePoint vc="5" uspid="126" ordinal="0" sl="126" sc="1" el="126" ec="2" bec="0" bev="0" fileid="69" />
                <SequencePoint vc="5" uspid="127" ordinal="1" sl="127" sc="1" el="127" ec="2" bec="0" bev="0" fileid="69" />
                <SequencePoint vc="5" uspid="128" ordinal="2" sl="128" sc="1" el="128" ec="2" bec="0" bev="0" fileid="69" />
                <SequencePoint vc="5" uspid="130" ordinal="3" sl="130" sc="1" el="130" ec="2" bec="0" bev="0" fileid="69" />
                <SequencePoint vc="5" uspid="131" ordinal="4" sl="131" sc="1" el="131" ec="2" bec="0" bev="0" fileid="69" />
                <SequencePoint vc="1" uspid="132" ordinal="5" sl="132" sc="1" el="132" ec="2" bec="0" bev="0" fileid="69" />
                <SequencePoint vc="1" uspid="133" ordinal="6" sl="133" sc="1" el="133" ec="2" bec="0" bev="0" fileid="69" />
                <SequencePoint vc="4" uspid="136" ordinal="7" sl="136" sc="1" el="136" ec="2" bec="0" bev="0" fileid="69" />
                <SequencePoint vc="4" uspid="137" ordinal="8" sl="137" sc="1" el="137" ec="2" bec="0" bev="0" fileid="69" />
                <SequencePoint vc="4" uspid="138" ordinal="9" sl="138" sc="1" el="138" ec="2" bec="0" bev="0" fileid="69" />
                <SequencePoint vc="4" uspid="139" ordinal="10" sl="139" sc="1" el="139" ec="2" bec="0" bev="0" fileid="69" />
                <SequencePoint vc="4" uspid="140" ordinal="11" sl="140" sc="1" el="140" ec="2" bec="0" bev="0" fileid="69" />
                <SequencePoint vc="4" uspid="141" ordinal="12" sl="141" sc="1" el="141" ec="2" bec="0" bev="0" fileid="69" />
                <SequencePoint vc="4" uspid="142" ordinal="13" sl="142" sc="1" el="142" ec="2" bec="0" bev="0" fileid="69" />
                <SequencePoint vc="4" uspid="144" ordinal="14" sl="144" sc="1" el="144" ec="2" bec="0" bev="0" fileid="69" />
                <SequencePoint vc="2" uspid="145" ordinal="15" sl="145" sc="1" el="145" ec="2" bec="0" bev="0" fileid="69" />
                <SequencePoint vc="2" uspid="146" ordinal="16" sl="146" sc="1" el="146" ec="2" bec="0" bev="0" fileid="69" />
                <SequencePoint vc="2" uspid="148" ordinal="17" sl="148" sc="1" el="148" ec="2" bec="0" bev="0" fileid="69" />
                <SequencePoint vc="2" uspid="150" ordinal="18" sl="150" sc="1" el="150" ec="2" bec="0" bev="0" fileid="69" />
                <SequencePoint vc="2" uspid="151" ordinal="19" sl="151" sc="1" el="151" ec="2" bec="0" bev="0" fileid="69" />
                <SequencePoint vc="2" uspid="152" ordinal="20" sl="152" sc="1" el="152" ec="2" bec="0" bev="0" fileid="69" />
                <SequencePoint vc="2" uspid="153" ordinal="21" sl="153" sc="1" el="153" ec="2" bec="0" bev="0" fileid="69" />
                <SequencePoint vc="2" uspid="154" ordinal="22" sl="154" sc="1" el="154" ec="2" bec="0" bev="0" fileid="69" />
                <SequencePoint vc="2" uspid="155" ordinal="23" sl="155" sc="1" el="155" ec="2" bec="0" bev="0" fileid="69" />
                <SequencePoint vc="0" uspid="157" ordinal="24" sl="157" sc="1" el="157" ec="2" bec="0" bev="0" fileid="69" />
                <SequencePoint vc="5" uspid="158" ordinal="25" sl="158" sc="1" el="158" ec="2" bec="0" bev="0" fileid="69" />
              </SequencePoints>
              <BranchPoints>
                <BranchPoint vc="5" uspid="127" ordinal="0" path="0" offset="46" offsetend="50" sl="127" fileid="69" />
                <BranchPoint vc="5" uspid="127" ordinal="2" path="0" offset="52" offsetend="63" sl="127" fileid="69" />
                <BranchPoint vc="5" uspid="127" ordinal="1" path="1" offset="46" offsetend="71" sl="127" fileid="69" />
                <BranchPoint vc="5" uspid="128" ordinal="4" path="0" offset="73" offsetend="77" sl="128" fileid="69" />
                <BranchPoint vc="5" uspid="128" ordinal="6" path="0" offset="79" offsetend="90" sl="128" fileid="69" />
                <BranchPoint vc="1" uspid="131" ordinal="8" path="0" offset="102" offsetend="107" sl="131" fileid="69" />
                <BranchPoint vc="0" uspid="128" ordinal="5" path="1" offset="73" offsetend="183" sl="128" fileid="69" />
                <BranchPoint vc="4" uspid="131" ordinal="9" path="1" offset="102" offsetend="236" sl="131" fileid="69" />
                <BranchPoint vc="0" uspid="128" ordinal="7" path="1" offset="79" offsetend="480" sl="128" fileid="69" />
                <BranchPoint vc="2" uspid="150" ordinal="11" path="1" offset="564" offsetend="571" sl="150" fileid="69" />
                <BranchPoint vc="2" uspid="154" ordinal="12" path="0" offset="641" offsetend="643" sl="154" fileid="69" />
                <BranchPoint vc="0" uspid="154" ordinal="13" path="1" offset="641" offsetend="656" sl="154" fileid="69" />
                <BranchPoint vc="0" uspid="127" ordinal="3" path="1" offset="52" offsetend="755" sl="127" fileid="69" />
                <BranchPoint vc="0" uspid="150" ordinal="10" path="0" offset="564" offsetend="806" sl="150" fileid="69" />
              </BranchPoints>
              <MethodPoint vc="25" uspid="0" p8:type="SequencePoint" ordinal="0" offset="0" sc="0" sl="126" ec="1" el="158" bec="0" bev="0" fileid="69" xmlns:p8="xsi" />
            </Method>
          </Methods>
        </Class>
        <Class>
          <Summary numSequencePoints="29" visitedSequencePoints="28" numBranchPoints="18" visitedBranchPoints="12" sequenceCoverage="96.55" branchCoverage="66.66" maxCyclomaticComplexity="18" minCyclomaticComplexity="18" visitedClasses="1" numClasses="1" visitedMethods="1" numMethods="1" />
          <FullName>RadElement.Service.ReferenceService/&lt;UpdateReference&gt;d__7</FullName>
          <Methods>
            <Method cyclomaticComplexity="18" nPathComplexity="0" sequenceCoverage="96.55" branchCoverage="66.66" isConstructor="False" isGetter="False" isSetter="False" isStatic="True">
              <Summary numSequencePoints="29" visitedSequencePoints="28" numBranchPoints="18" visitedBranchPoints="12" sequenceCoverage="96.55" branchCoverage="66.66" maxCyclomaticComplexity="18" minCyclomaticComplexity="18" visitedClasses="0" numClasses="0" visitedMethods="1" numMethods="1" />
              <MetadataToken />
              <Name>System.Void RadElement.Service.ReferenceService/&lt;UpdateReference&gt;d__7::MoveNext()</Name>
              <FileRef uid="69" />
              <SequencePoints>
                <SequencePoint vc="6" uspid="167" ordinal="0" sl="167" sc="1" el="167" ec="2" bec="0" bev="0" fileid="69" />
                <SequencePoint vc="6" uspid="168" ordinal="1" sl="168" sc="1" el="168" ec="2" bec="0" bev="0" fileid="69" />
                <SequencePoint vc="6" uspid="169" ordinal="2" sl="169" sc="1" el="169" ec="2" bec="0" bev="0" fileid="69" />
                <SequencePoint vc="6" uspid="171" ordinal="3" sl="171" sc="1" el="171" ec="2" bec="0" bev="0" fileid="69" />
                <SequencePoint vc="6" uspid="172" ordinal="4" sl="172" sc="1" el="172" ec="2" bec="0" bev="0" fileid="69" />
                <SequencePoint vc="2" uspid="173" ordinal="5" sl="173" sc="1" el="173" ec="2" bec="0" bev="0" fileid="69" />
                <SequencePoint vc="2" uspid="174" ordinal="6" sl="174" sc="1" el="174" ec="2" bec="0" bev="0" fileid="69" />
                <SequencePoint vc="4" uspid="177" ordinal="7" sl="177" sc="1" el="177" ec="2" bec="0" bev="0" fileid="69" />
                <SequencePoint vc="4" uspid="178" ordinal="8" sl="178" sc="1" el="178" ec="2" bec="0" bev="0" fileid="69" />
                <SequencePoint vc="4" uspid="179" ordinal="9" sl="179" sc="1" el="179" ec="2" bec="0" bev="0" fileid="69" />
                <SequencePoint vc="3" uspid="181" ordinal="10" sl="181" sc="1" el="181" ec="2" bec="0" bev="0" fileid="69" />
                <SequencePoint vc="1" uspid="182" ordinal="11" sl="182" sc="1" el="182" ec="2" bec="0" bev="0" fileid="69" />
                <SequencePoint vc="1" uspid="183" ordinal="12" sl="183" sc="1" el="183" ec="2" bec="0" bev="0" fileid="69" />
                <SequencePoint vc="1" uspid="184" ordinal="13" sl="184" sc="1" el="184" ec="2" bec="0" bev="0" fileid="69" />
                <SequencePoint vc="1" uspid="185" ordinal="14" sl="185" sc="1" el="185" ec="2" bec="0" bev="0" fileid="69" />
                <SequencePoint vc="1" uspid="186" ordinal="15" sl="186" sc="1" el="186" ec="2" bec="0" bev="0" fileid="69" />
                <SequencePoint vc="1" uspid="188" ordinal="16" sl="188" sc="1" el="188" ec="2" bec="0" bev="0" fileid="69" />
                <SequencePoint vc="1" uspid="189" ordinal="17" sl="189" sc="1" el="189" ec="2" bec="0" bev="0" fileid="69" />
                <SequencePoint vc="1" uspid="191" ordinal="18" sl="191" sc="1" el="191" ec="2" bec="0" bev="0" fileid="69" />
                <SequencePoint vc="2" uspid="193" ordinal="19" sl="193" sc="1" el="193" ec="2" bec="0" bev="0" fileid="69" />
                <SequencePoint vc="2" uspid="195" ordinal="20" sl="195" sc="1" el="195" ec="2" bec="0" bev="0" fileid="69" />
                <SequencePoint vc="1" uspid="197" ordinal="21" sl="197" sc="1" el="197" ec="2" bec="0" bev="0" fileid="69" />
                <SequencePoint vc="1" uspid="198" ordinal="22" sl="198" sc="1" el="198" ec="2" bec="0" bev="0" fileid="69" />
                <SequencePoint vc="1" uspid="199" ordinal="23" sl="199" sc="1" el="199" ec="2" bec="0" bev="0" fileid="69" />
                <SequencePoint vc="1" uspid="200" ordinal="24" sl="200" sc="1" el="200" ec="2" bec="0" bev="0" fileid="69" />
                <SequencePoint vc="1" uspid="201" ordinal="25" sl="201" sc="1" el="201" ec="2" bec="0" bev="0" fileid="69" />
                <SequencePoint vc="1" uspid="202" ordinal="26" sl="202" sc="1" el="202" ec="2" bec="0" bev="0" fileid="69" />
                <SequencePoint vc="0" uspid="204" ordinal="27" sl="204" sc="1" el="204" ec="2" bec="0" bev="0" fileid="69" />
                <SequencePoint vc="6" uspid="205" ordinal="28" sl="205" sc="1" el="205" ec="2" bec="0" bev="0" fileid="69" />
              </SequencePoints>
              <BranchPoints>
                <BranchPoint vc="6" uspid="168" ordinal="0" path="0" offset="74" offsetend="78" sl="168" fileid="69" />
                <BranchPoint vc="6" uspid="168" ordinal="2" path="0" offset="80" offsetend="91" sl="168" fileid="69" />
                <BranchPoint vc="6" uspid="168" ordinal="1" path="1" offset="74" offsetend="99" sl="168" fileid="69" />
                <BranchPoint vc="6" uspid="169" ordinal="4" path="0" offset="101" offsetend="132" sl="169" fileid="69" />
                <BranchPoint vc="2" uspid="172" ordinal="8" path="0" offset="144" offsetend="149" sl="172" fileid="69" />
                <BranchPoint vc="0" uspid="169" ordinal="5" path="1" offset="101" offsetend="225" sl="169" fileid="69" />
                <BranchPoint vc="4" uspid="172" ordinal="9" path="1" offset="144" offsetend="278" sl="172" fileid="69" />
                <BranchPoint vc="4" uspid="177" ordinal="10" path="0" offset="296" offsetend="301" sl="177" fileid="69" />
                <BranchPoint vc="1" uspid="181" ordinal="12" path="0" offset="448" offsetend="453" sl="181" fileid="69" />
                <BranchPoint vc="0" uspid="169" ordinal="6" path="2" offset="101" offsetend="673" sl="169" fileid="69" />
                <BranchPoint vc="2" uspid="181" ordinal="13" path="1" offset="448" offsetend="727" sl="181" fileid="69" />
                <BranchPoint vc="2" uspid="177" ordinal="11" path="1" offset="296" offsetend="735" sl="177" fileid="69" />
                <BranchPoint vc="0" uspid="169" ordinal="7" path="3" offset="101" offsetend="833" sl="169" fileid="69" />
                <BranchPoint vc="1" uspid="197" ordinal="15" path="1" offset="917" offsetend="924" sl="197" fileid="69" />
                <BranchPoint vc="1" uspid="201" ordinal="16" path="0" offset="994" offsetend="996" sl="201" fileid="69" />
                <BranchPoint vc="0" uspid="201" ordinal="17" path="1" offset="994" offsetend="1009" sl="201" fileid="69" />
                <BranchPoint vc="0" uspid="168" ordinal="3" path="1" offset="80" offsetend="1108" sl="168" fileid="69" />
                <BranchPoint vc="0" uspid="197" ordinal="14" path="0" offset="917" offsetend="1159" sl="197" fileid="69" />
              </BranchPoints>
              <MethodPoint vc="28" uspid="0" p8:type="SequencePoint" ordinal="0" offset="0" sc="0" sl="167" ec="1" el="205" bec="0" bev="0" fileid="69" xmlns:p8="xsi" />
            </Method>
          </Methods>
        </Class>
        <Class>
          <Summary numSequencePoints="24" visitedSequencePoints="23" numBranchPoints="16" visitedBranchPoints="11" sequenceCoverage="95.83" branchCoverage="68.75" maxCyclomaticComplexity="16" minCyclomaticComplexity="16" visitedClasses="1" numClasses="1" visitedMethods="1" numMethods="1" />
          <FullName>RadElement.Service.ReferenceService/&lt;DeleteReference&gt;d__8</FullName>
          <Methods>
            <Method cyclomaticComplexity="16" nPathComplexity="0" sequenceCoverage="95.83" branchCoverage="68.75" isConstructor="False" isGetter="False" isSetter="False" isStatic="True">
              <Summary numSequencePoints="24" visitedSequencePoints="23" numBranchPoints="16" visitedBranchPoints="11" sequenceCoverage="95.83" branchCoverage="68.75" maxCyclomaticComplexity="16" minCyclomaticComplexity="16" visitedClasses="0" numClasses="0" visitedMethods="1" numMethods="1" />
              <MetadataToken />
              <Name>System.Void RadElement.Service.ReferenceService/&lt;DeleteReference&gt;d__8::MoveNext()</Name>
              <FileRef uid="69" />
              <SequencePoints>
                <SequencePoint vc="13" uspid="213" ordinal="0" sl="213" sc="1" el="213" ec="2" bec="0" bev="0" fileid="69" />
                <SequencePoint vc="13" uspid="214" ordinal="1" sl="214" sc="1" el="214" ec="2" bec="0" bev="0" fileid="69" />
                <SequencePoint vc="13" uspid="215" ordinal="2" sl="215" sc="1" el="215" ec="2" bec="0" bev="0" fileid="69" />
                <SequencePoint vc="13" uspid="217" ordinal="3" sl="217" sc="1" el="217" ec="2" bec="0" bev="0" fileid="69" />
                <SequencePoint vc="13" uspid="218" ordinal="4" sl="218" sc="1" el="218" ec="2" bec="0" bev="0" fileid="69" />
                <SequencePoint vc="13" uspid="219" ordinal="5" sl="219" sc="1" el="219" ec="2" bec="0" bev="0" fileid="69" />
                <SequencePoint vc="13" uspid="220" ordinal="6" sl="220" sc="1" el="220" ec="2" bec="0" bev="0" fileid="69" />
                <SequencePoint vc="9" uspid="222" ordinal="7" sl="222" sc="1" el="222" ec="2" bec="0" bev="0" fileid="69" />
                <SequencePoint vc="4" uspid="223" ordinal="8" sl="223" sc="1" el="223" ec="2" bec="0" bev="0" fileid="69" />
                <SequencePoint vc="4" uspid="224" ordinal="9" sl="224" sc="1" el="224" ec="2" bec="0" bev="0" fileid="69" />
                <SequencePoint vc="4" uspid="226" ordinal="10" sl="226" sc="1" el="226" ec="2" bec="0" bev="0" fileid="69" />
                <SequencePoint vc="4" uspid="227" ordinal="11" sl="227" sc="1" el="227" ec="2" bec="0" bev="0" fileid="69" />
                <SequencePoint vc="4" uspid="228" ordinal="12" sl="228" sc="1" el="228" ec="2" bec="0" bev="0" fileid="69" />
                <SequencePoint vc="4" uspid="230" ordinal="13" sl="230" sc="1" el="230" ec="2" bec="0" bev="0" fileid="69" />
                <SequencePoint vc="5" uspid="232" ordinal="14" sl="232" sc="1" el="232" ec="2" bec="0" bev="0" fileid="69" />
                <SequencePoint vc="5" uspid="233" ordinal="15" sl="233" sc="1" el="233" ec="2" bec="0" bev="0" fileid="69" />
                <SequencePoint vc="4" uspid="235" ordinal="16" sl="235" sc="1" el="235" ec="2" bec="0" bev="0" fileid="69" />
                <SequencePoint vc="4" uspid="236" ordinal="17" sl="236" sc="1" el="236" ec="2" bec="0" bev="0" fileid="69" />
                <SequencePoint vc="4" uspid="237" ordinal="18" sl="237" sc="1" el="237" ec="2" bec="0" bev="0" fileid="69" />
                <SequencePoint vc="4" uspid="238" ordinal="19" sl="238" sc="1" el="238" ec="2" bec="0" bev="0" fileid="69" />
                <SequencePoint vc="4" uspid="239" ordinal="20" sl="239" sc="1" el="239" ec="2" bec="0" bev="0" fileid="69" />
                <SequencePoint vc="4" uspid="240" ordinal="21" sl="240" sc="1" el="240" ec="2" bec="0" bev="0" fileid="69" />
                <SequencePoint vc="0" uspid="242" ordinal="22" sl="242" sc="1" el="242" ec="2" bec="0" bev="0" fileid="69" />
                <SequencePoint vc="13" uspid="243" ordinal="23" sl="243" sc="1" el="243" ec="2" bec="0" bev="0" fileid="69" />
              </SequencePoints>
              <BranchPoints>
                <BranchPoint vc="13" uspid="214" ordinal="0" path="0" offset="74" offsetend="78" sl="214" fileid="69" />
                <BranchPoint vc="13" uspid="214" ordinal="2" path="0" offset="80" offsetend="91" sl="214" fileid="69" />
                <BranchPoint vc="13" uspid="214" ordinal="1" path="1" offset="74" offsetend="99" sl="214" fileid="69" />
                <BranchPoint vc="13" uspid="215" ordinal="4" path="0" offset="101" offsetend="105" sl="215" fileid="69" />
                <BranchPoint vc="13" uspid="215" ordinal="6" path="0" offset="107" offsetend="121" sl="215" fileid="69" />
                <BranchPoint vc="13" uspid="218" ordinal="8" path="0" offset="138" offsetend="143" sl="218" fileid="69" />
                <BranchPoint vc="4" uspid="222" ordinal="10" path="0" offset="287" offsetend="292" sl="222" fileid="69" />
                <BranchPoint vc="0" uspid="215" ordinal="5" path="1" offset="101" offsetend="466" sl="215" fileid="69" />
                <BranchPoint vc="5" uspid="222" ordinal="11" path="1" offset="287" offsetend="520" sl="222" fileid="69" />
                <BranchPoint vc="5" uspid="218" ordinal="9" path="1" offset="138" offsetend="528" sl="218" fileid="69" />
                <BranchPoint vc="0" uspid="215" ordinal="7" path="1" offset="107" offsetend="626" sl="215" fileid="69" />
                <BranchPoint vc="4" uspid="235" ordinal="13" path="1" offset="710" offsetend="717" sl="235" fileid="69" />
                <BranchPoint vc="4" uspid="239" ordinal="14" path="0" offset="787" offsetend="789" sl="239" fileid="69" />
                <BranchPoint vc="0" uspid="239" ordinal="15" path="1" offset="787" offsetend="802" sl="239" fileid="69" />
                <BranchPoint vc="0" uspid="214" ordinal="3" path="1" offset="80" offsetend="901" sl="214" fileid="69" />
                <BranchPoint vc="0" uspid="235" ordinal="12" path="0" offset="710" offsetend="952" sl="235" fileid="69" />
              </BranchPoints>
              <MethodPoint vc="23" uspid="0" p8:type="SequencePoint" ordinal="0" offset="0" sc="0" sl="213" ec="1" el="243" bec="0" bev="0" fileid="69" xmlns:p8="xsi" />
            </Method>
          </Methods>
        </Class>
      </Classes>
    </Module>
  </Modules>
</CoverageSession>