<?xml version="1.0" encoding="utf-8"?>
<CoverageSession>
  <Summary numSequencePoints="1835" visitedSequencePoints="1241" numBranchPoints="985" visitedBranchPoints="579" sequenceCoverage="67.62" branchCoverage="58.78" maxCyclomaticComplexity="1019" minCyclomaticComplexity="9" visitedClasses="84" numClasses="120" visitedMethods="195" numMethods="359" />
  <Modules>
    <Module hash="EA1174BF-8D60-4DF1-9292-5E93ED7B49DF">
      <ModulePath>RadElement.Core.dll</ModulePath>
      <ModuleTime>2020-04-21T08:39:07</ModuleTime>
      <ModuleName>RadElement.Core</ModuleName>
      <Files>
        <File uid="1" fullPath="D:\Projects\rad_element_microservice\RadElement.Core\Services\Exception\InputValidationFailureException.cs" />
        <File uid="2" fullPath="D:\Projects\rad_element_microservice\RadElement.Core\Services\Exception\ResourceNotFoundException.cs" />
        <File uid="3" fullPath="D:\Projects\rad_element_microservice\RadElement.Core\Profile\ElementProfile.cs" />
        <File uid="4" fullPath="D:\Projects\rad_element_microservice\RadElement.Core\Profile\ElementSetProfile.cs" />
        <File uid="5" fullPath="D:\Projects\rad_element_microservice\RadElement.Core\Profile\OrganizationProfile.cs" />
        <File uid="6" fullPath="D:\Projects\rad_element_microservice\RadElement.Core\Profile\PersonProfile.cs" />
        <File uid="7" fullPath="D:\Projects\rad_element_microservice\RadElement.Core\Infrastructure\Account.cs" />
        <File uid="8" fullPath="D:\Projects\rad_element_microservice\RadElement.Core\Infrastructure\AuthorizationConfig.cs" />
        <File uid="9" fullPath="D:\Projects\rad_element_microservice\RadElement.Core\Infrastructure\UserAccounts.cs" />
        <File uid="10" fullPath="D:\Projects\rad_element_microservice\RadElement.Core\DTO\ChoiceElement.cs" />
        <File uid="11" fullPath="D:\Projects\rad_element_microservice\RadElement.Core\DTO\CreateUpdateElement.cs" />
        <File uid="12" fullPath="D:\Projects\rad_element_microservice\RadElement.Core\DTO\CreateUpdateElementOld.cs" />
        <File uid="13" fullPath="D:\Projects\rad_element_microservice\RadElement.Core\DTO\CreateUpdateOrganization.cs" />
        <File uid="14" fullPath="D:\Projects\rad_element_microservice\RadElement.Core\DTO\CreateUpdatePerson.cs" />
        <File uid="15" fullPath="D:\Projects\rad_element_microservice\RadElement.Core\DTO\CreateUpdateSet.cs" />
        <File uid="16" fullPath="D:\Projects\rad_element_microservice\RadElement.Core\DTO\DateTimeElement.cs" />
        <File uid="17" fullPath="D:\Projects\rad_element_microservice\RadElement.Core\DTO\DurationElement.cs" />
        <File uid="18" fullPath="D:\Projects\rad_element_microservice\RadElement.Core\DTO\ElementBasicAttributes.cs" />
        <File uid="19" fullPath="D:\Projects\rad_element_microservice\RadElement.Core\DTO\ElementDetails.cs" />
        <File uid="20" fullPath="D:\Projects\rad_element_microservice\RadElement.Core\DTO\ElementIdDetails.cs" />
        <File uid="21" fullPath="D:\Projects\rad_element_microservice\RadElement.Core\DTO\ElementSetDetails.cs" />
        <File uid="22" fullPath="D:\Projects\rad_element_microservice\RadElement.Core\DTO\IntegerElement.cs" />
        <File uid="23" fullPath="D:\Projects\rad_element_microservice\RadElement.Core\DTO\MultipleChoiceElement.cs" />
        <File uid="24" fullPath="D:\Projects\rad_element_microservice\RadElement.Core\DTO\NumericElement.cs" />
        <File uid="25" fullPath="D:\Projects\rad_element_microservice\RadElement.Core\DTO\Option.cs" />
        <File uid="26" fullPath="D:\Projects\rad_element_microservice\RadElement.Core\DTO\OptionOld.cs" />
        <File uid="27" fullPath="D:\Projects\rad_element_microservice\RadElement.Core\DTO\OrganizationDetails.cs" />
        <File uid="28" fullPath="D:\Projects\rad_element_microservice\RadElement.Core\DTO\OrganizationIdDetails.cs" />
        <File uid="29" fullPath="D:\Projects\rad_element_microservice\RadElement.Core\DTO\PersonDetails.cs" />
        <File uid="30" fullPath="D:\Projects\rad_element_microservice\RadElement.Core\DTO\PersonIdDetails.cs" />
        <File uid="31" fullPath="D:\Projects\rad_element_microservice\RadElement.Core\DTO\SearchKeyword.cs" />
        <File uid="32" fullPath="D:\Projects\rad_element_microservice\RadElement.Core\DTO\SetBasicAttributes.cs" />
        <File uid="33" fullPath="D:\Projects\rad_element_microservice\RadElement.Core\DTO\SetIdDetails.cs" />
        <File uid="34" fullPath="D:\Projects\rad_element_microservice\RadElement.Core\Domain\Code.cs" />
        <File uid="35" fullPath="D:\Projects\rad_element_microservice\RadElement.Core\Domain\CodeRef.cs" />
        <File uid="36" fullPath="D:\Projects\rad_element_microservice\RadElement.Core\Domain\CodeSystem.cs" />
        <File uid="37" fullPath="D:\Projects\rad_element_microservice\RadElement.Core\Domain\DataElement.cs" />
        <File uid="38" fullPath="D:\Projects\rad_element_microservice\RadElement.Core\Domain\Editor.cs" />
        <File uid="39" fullPath="D:\Projects\rad_element_microservice\RadElement.Core\Domain\Element.cs" />
        <File uid="40" fullPath="D:\Projects\rad_element_microservice\RadElement.Core\Domain\ElementSet.cs" />
        <File uid="41" fullPath="D:\Projects\rad_element_microservice\RadElement.Core\Domain\ElementSetRef.cs" />
        <File uid="42" fullPath="D:\Projects\rad_element_microservice\RadElement.Core\Domain\ElementValue.cs" />
        <File uid="43" fullPath="D:\Projects\rad_element_microservice\RadElement.Core\Domain\Image.cs" />
        <File uid="44" fullPath="D:\Projects\rad_element_microservice\RadElement.Core\Domain\ImageRef.cs" />
        <File uid="45" fullPath="D:\Projects\rad_element_microservice\RadElement.Core\Domain\JsonResult.cs" />
        <File uid="46" fullPath="D:\Projects\rad_element_microservice\RadElement.Core\Domain\Organization.cs" />
        <File uid="47" fullPath="D:\Projects\rad_element_microservice\RadElement.Core\Domain\OrganizationRoleElementRef.cs" />
        <File uid="48" fullPath="D:\Projects\rad_element_microservice\RadElement.Core\Domain\OrganizationRoleElementSetRef.cs" />
        <File uid="49" fullPath="D:\Projects\rad_element_microservice\RadElement.Core\Domain\Person.cs" />
        <File uid="50" fullPath="D:\Projects\rad_element_microservice\RadElement.Core\Domain\PersonRoleElementRef.cs" />
        <File uid="51" fullPath="D:\Projects\rad_element_microservice\RadElement.Core\Domain\PersonRoleElementSetRef.cs" />
        <File uid="52" fullPath="D:\Projects\rad_element_microservice\RadElement.Core\Data\RadElementDbContext.cs" />
      </Files>
      <Classes>
        <Class>
          <Summary numSequencePoints="12" visitedSequencePoints="0" numBranchPoints="0" visitedBranchPoints="0" sequenceCoverage="0" branchCoverage="100" maxCyclomaticComplexity="1" minCyclomaticComplexity="1" visitedClasses="0" numClasses="1" visitedMethods="0" numMethods="4" />
          <FullName>RadElement.Core.Services.Exception.InputValidationFailureException</FullName>
          <Methods>
            <Method cyclomaticComplexity="1" nPathComplexity="0" sequenceCoverage="0" branchCoverage="100" isConstructor="False" isGetter="True" isSetter="False" isStatic="True">
              <Summary numSequencePoints="1" visitedSequencePoints="0" numBranchPoints="0" visitedBranchPoints="0" sequenceCoverage="0" branchCoverage="100" maxCyclomaticComplexity="1" minCyclomaticComplexity="1" visitedClasses="0" numClasses="0" visitedMethods="0" numMethods="1" />
              <MetadataToken />
              <Name>System.Collections.Generic.Dictionary`2&lt;System.String,System.String&gt; RadElement.Core.Services.Exception.InputValidationFailureException::get_Errors()</Name>
              <FileRef uid="1" />
              <SequencePoints>
                <SequencePoint vc="0" uspid="14" ordinal="0" sl="14" sc="1" el="14" ec="2" bec="0" bev="0" fileid="1" />
              </SequencePoints>
              <BranchPoints />
              <MethodPoint vc="0" uspid="0" p8:type="SequencePoint" ordinal="0" offset="0" sc="0" sl="14" ec="1" el="14" bec="0" bev="0" fileid="1" xmlns:p8="xsi" />
            </Method>
            <Method cyclomaticComplexity="1" nPathComplexity="0" sequenceCoverage="0" branchCoverage="100" isConstructor="True" isGetter="False" isSetter="False" isStatic="True">
              <Summary numSequencePoints="4" visitedSequencePoints="0" numBranchPoints="0" visitedBranchPoints="0" sequenceCoverage="0" branchCoverage="100" maxCyclomaticComplexity="1" minCyclomaticComplexity="1" visitedClasses="0" numClasses="0" visitedMethods="0" numMethods="1" />
              <MetadataToken />
              <Name>System.Void RadElement.Core.Services.Exception.InputValidationFailureException::.ctor(System.Collections.Generic.Dictionary`2&lt;System.String,System.String&gt;)</Name>
              <FileRef uid="1" />
              <SequencePoints>
                <SequencePoint vc="0" uspid="25" ordinal="0" sl="25" sc="1" el="25" ec="2" bec="0" bev="0" fileid="1" />
                <SequencePoint vc="0" uspid="26" ordinal="1" sl="26" sc="1" el="26" ec="2" bec="0" bev="0" fileid="1" />
                <SequencePoint vc="0" uspid="27" ordinal="2" sl="27" sc="1" el="27" ec="2" bec="0" bev="0" fileid="1" />
                <SequencePoint vc="0" uspid="28" ordinal="3" sl="28" sc="1" el="28" ec="2" bec="0" bev="0" fileid="1" />
              </SequencePoints>
              <BranchPoints />
              <MethodPoint vc="0" uspid="0" p8:type="SequencePoint" ordinal="1" offset="1" sc="0" sl="25" ec="1" el="28" bec="0" bev="0" fileid="1" xmlns:p8="xsi" />
            </Method>
            <Method cyclomaticComplexity="1" nPathComplexity="0" sequenceCoverage="0" branchCoverage="100" isConstructor="True" isGetter="False" isSetter="False" isStatic="True">
              <Summary numSequencePoints="4" visitedSequencePoints="0" numBranchPoints="0" visitedBranchPoints="0" sequenceCoverage="0" branchCoverage="100" maxCyclomaticComplexity="1" minCyclomaticComplexity="1" visitedClasses="0" numClasses="0" visitedMethods="0" numMethods="1" />
              <MetadataToken />
              <Name>System.Void RadElement.Core.Services.Exception.InputValidationFailureException::.ctor(System.String,System.Collections.Generic.Dictionary`2&lt;System.String,System.String&gt;)</Name>
              <FileRef uid="1" />
              <SequencePoints>
                <SequencePoint vc="0" uspid="35" ordinal="0" sl="35" sc="1" el="35" ec="2" bec="0" bev="0" fileid="1" />
                <SequencePoint vc="0" uspid="36" ordinal="1" sl="36" sc="1" el="36" ec="2" bec="0" bev="0" fileid="1" />
                <SequencePoint vc="0" uspid="37" ordinal="2" sl="37" sc="1" el="37" ec="2" bec="0" bev="0" fileid="1" />
                <SequencePoint vc="0" uspid="38" ordinal="3" sl="38" sc="1" el="38" ec="2" bec="0" bev="0" fileid="1" />
              </SequencePoints>
              <BranchPoints />
              <MethodPoint vc="0" uspid="0" p8:type="SequencePoint" ordinal="2" offset="2" sc="0" sl="35" ec="1" el="38" bec="0" bev="0" fileid="1" xmlns:p8="xsi" />
            </Method>
            <Method cyclomaticComplexity="1" nPathComplexity="0" sequenceCoverage="0" branchCoverage="100" isConstructor="True" isGetter="False" isSetter="False" isStatic="True">
              <Summary numSequencePoints="3" visitedSequencePoints="0" numBranchPoints="0" visitedBranchPoints="0" sequenceCoverage="0" branchCoverage="100" maxCyclomaticComplexity="1" minCyclomaticComplexity="1" visitedClasses="0" numClasses="0" visitedMethods="0" numMethods="1" />
              <MetadataToken />
              <Name>System.Void RadElement.Core.Services.Exception.InputValidationFailureException::.ctor(System.String,System.Exception)</Name>
              <FileRef uid="1" />
              <SequencePoints>
                <SequencePoint vc="0" uspid="45" ordinal="0" sl="45" sc="1" el="45" ec="2" bec="0" bev="0" fileid="1" />
                <SequencePoint vc="0" uspid="46" ordinal="1" sl="46" sc="1" el="46" ec="2" bec="0" bev="0" fileid="1" />
                <SequencePoint vc="0" uspid="47" ordinal="2" sl="47" sc="1" el="47" ec="2" bec="0" bev="0" fileid="1" />
              </SequencePoints>
              <BranchPoints />
              <MethodPoint vc="0" uspid="0" p8:type="SequencePoint" ordinal="3" offset="3" sc="0" sl="45" ec="1" el="47" bec="0" bev="0" fileid="1" xmlns:p8="xsi" />
            </Method>
          </Methods>
        </Class>
        <Class>
          <Summary numSequencePoints="12" visitedSequencePoints="0" numBranchPoints="0" visitedBranchPoints="0" sequenceCoverage="0" branchCoverage="100" maxCyclomaticComplexity="1" minCyclomaticComplexity="1" visitedClasses="0" numClasses="1" visitedMethods="0" numMethods="4" />
          <FullName>RadElement.Core.Services.Exception.ResourceNotFoundException</FullName>
          <Methods>
            <Method cyclomaticComplexity="1" nPathComplexity="0" sequenceCoverage="0" branchCoverage="100" isConstructor="True" isGetter="False" isSetter="False" isStatic="True">
              <Summary numSequencePoints="3" visitedSequencePoints="0" numBranchPoints="0" visitedBranchPoints="0" sequenceCoverage="0" branchCoverage="100" maxCyclomaticComplexity="1" minCyclomaticComplexity="1" visitedClasses="0" numClasses="0" visitedMethods="0" numMethods="1" />
              <MetadataToken />
              <Name>System.Void RadElement.Core.Services.Exception.ResourceNotFoundException::.ctor()</Name>
              <FileRef uid="2" />
              <SequencePoints>
                <SequencePoint vc="0" uspid="14" ordinal="0" sl="14" sc="1" el="14" ec="2" bec="0" bev="0" fileid="2" />
                <SequencePoint vc="0" uspid="15" ordinal="1" sl="15" sc="1" el="15" ec="2" bec="0" bev="0" fileid="2" />
                <SequencePoint vc="0" uspid="16" ordinal="2" sl="16" sc="1" el="16" ec="2" bec="0" bev="0" fileid="2" />
              </SequencePoints>
              <BranchPoints />
              <MethodPoint vc="0" uspid="0" p8:type="SequencePoint" ordinal="0" offset="0" sc="0" sl="14" ec="1" el="16" bec="0" bev="0" fileid="2" xmlns:p8="xsi" />
            </Method>
            <Method cyclomaticComplexity="1" nPathComplexity="0" sequenceCoverage="0" branchCoverage="100" isConstructor="True" isGetter="False" isSetter="False" isStatic="True">
              <Summary numSequencePoints="3" visitedSequencePoints="0" numBranchPoints="0" visitedBranchPoints="0" sequenceCoverage="0" branchCoverage="100" maxCyclomaticComplexity="1" minCyclomaticComplexity="1" visitedClasses="0" numClasses="0" visitedMethods="0" numMethods="1" />
              <MetadataToken />
              <Name>System.Void RadElement.Core.Services.Exception.ResourceNotFoundException::.ctor(System.String)</Name>
              <FileRef uid="2" />
              <SequencePoints>
                <SequencePoint vc="0" uspid="22" ordinal="0" sl="22" sc="1" el="22" ec="2" bec="0" bev="0" fileid="2" />
                <SequencePoint vc="0" uspid="23" ordinal="1" sl="23" sc="1" el="23" ec="2" bec="0" bev="0" fileid="2" />
                <SequencePoint vc="0" uspid="24" ordinal="2" sl="24" sc="1" el="24" ec="2" bec="0" bev="0" fileid="2" />
              </SequencePoints>
              <BranchPoints />
              <MethodPoint vc="0" uspid="0" p8:type="SequencePoint" ordinal="1" offset="1" sc="0" sl="22" ec="1" el="24" bec="0" bev="0" fileid="2" xmlns:p8="xsi" />
            </Method>
            <Method cyclomaticComplexity="1" nPathComplexity="0" sequenceCoverage="0" branchCoverage="100" isConstructor="True" isGetter="False" isSetter="False" isStatic="True">
              <Summary numSequencePoints="3" visitedSequencePoints="0" numBranchPoints="0" visitedBranchPoints="0" sequenceCoverage="0" branchCoverage="100" maxCyclomaticComplexity="1" minCyclomaticComplexity="1" visitedClasses="0" numClasses="0" visitedMethods="0" numMethods="1" />
              <MetadataToken />
              <Name>System.Void RadElement.Core.Services.Exception.ResourceNotFoundException::.ctor(System.String,System.Exception)</Name>
              <FileRef uid="2" />
              <SequencePoints>
                <SequencePoint vc="0" uspid="31" ordinal="0" sl="31" sc="1" el="31" ec="2" bec="0" bev="0" fileid="2" />
                <SequencePoint vc="0" uspid="32" ordinal="1" sl="32" sc="1" el="32" ec="2" bec="0" bev="0" fileid="2" />
                <SequencePoint vc="0" uspid="33" ordinal="2" sl="33" sc="1" el="33" ec="2" bec="0" bev="0" fileid="2" />
              </SequencePoints>
              <BranchPoints />
              <MethodPoint vc="0" uspid="0" p8:type="SequencePoint" ordinal="2" offset="2" sc="0" sl="31" ec="1" el="33" bec="0" bev="0" fileid="2" xmlns:p8="xsi" />
            </Method>
            <Method cyclomaticComplexity="1" nPathComplexity="0" sequenceCoverage="0" branchCoverage="100" isConstructor="True" isGetter="False" isSetter="False" isStatic="True">
              <Summary numSequencePoints="3" visitedSequencePoints="0" numBranchPoints="0" visitedBranchPoints="0" sequenceCoverage="0" branchCoverage="100" maxCyclomaticComplexity="1" minCyclomaticComplexity="1" visitedClasses="0" numClasses="0" visitedMethods="0" numMethods="1" />
              <MetadataToken />
              <Name>System.Void RadElement.Core.Services.Exception.ResourceNotFoundException::.ctor(System.Runtime.Serialization.SerializationInfo,System.Runtime.Serialization.StreamingContext)</Name>
              <FileRef uid="2" />
              <SequencePoints>
                <SequencePoint vc="0" uspid="40" ordinal="0" sl="40" sc="1" el="40" ec="2" bec="0" bev="0" fileid="2" />
                <SequencePoint vc="0" uspid="41" ordinal="1" sl="41" sc="1" el="41" ec="2" bec="0" bev="0" fileid="2" />
                <SequencePoint vc="0" uspid="42" ordinal="2" sl="42" sc="1" el="42" ec="2" bec="0" bev="0" fileid="2" />
              </SequencePoints>
              <BranchPoints />
              <MethodPoint vc="0" uspid="0" p8:type="SequencePoint" ordinal="3" offset="3" sc="0" sl="40" ec="1" el="42" bec="0" bev="0" fileid="2" xmlns:p8="xsi" />
            </Method>
          </Methods>
        </Class>
        <Class>
          <Summary numSequencePoints="4" visitedSequencePoints="4" numBranchPoints="2" visitedBranchPoints="2" sequenceCoverage="100" branchCoverage="100" maxCyclomaticComplexity="2" minCyclomaticComplexity="2" visitedClasses="1" numClasses="1" visitedMethods="1" numMethods="1" />
          <FullName>RadElement.Core.Profile.ElementProfile</FullName>
          <Methods>
            <Method cyclomaticComplexity="2" nPathComplexity="0" sequenceCoverage="100" branchCoverage="100" isConstructor="True" isGetter="False" isSetter="False" isStatic="True">
              <Summary numSequencePoints="4" visitedSequencePoints="4" numBranchPoints="2" visitedBranchPoints="2" sequenceCoverage="100" branchCoverage="100" maxCyclomaticComplexity="2" minCyclomaticComplexity="2" visitedClasses="0" numClasses="0" visitedMethods="1" numMethods="1" />
              <MetadataToken />
              <Name>System.Void RadElement.Core.Profile.ElementProfile::.ctor()</Name>
              <FileRef uid="3" />
              <SequencePoints>
                <SequencePoint vc="166" uspid="11" ordinal="0" sl="11" sc="1" el="11" ec="2" bec="0" bev="0" fileid="3" />
                <SequencePoint vc="166" uspid="12" ordinal="1" sl="12" sc="1" el="12" ec="2" bec="0" bev="0" fileid="3" />
                <SequencePoint vc="332" uspid="13" ordinal="2" sl="13" sc="1" el="13" ec="2" bec="0" bev="0" fileid="3" />
                <SequencePoint vc="166" uspid="14" ordinal="3" sl="14" sc="1" el="14" ec="2" bec="0" bev="0" fileid="3" />
              </SequencePoints>
              <BranchPoints>
                <BranchPoint vc="1" uspid="13" ordinal="0" path="0" offset="77" offsetend="79" sl="13" fileid="3" />
                <BranchPoint vc="166" uspid="13" ordinal="1" path="1" offset="77" offsetend="102" sl="13" fileid="3" />
              </BranchPoints>
              <MethodPoint vc="4" uspid="0" p8:type="SequencePoint" ordinal="0" offset="0" sc="0" sl="11" ec="1" el="14" bec="0" bev="0" fileid="3" xmlns:p8="xsi" />
            </Method>
          </Methods>
        </Class>
        <Class>
          <Summary numSequencePoints="4" visitedSequencePoints="4" numBranchPoints="2" visitedBranchPoints="2" sequenceCoverage="100" branchCoverage="100" maxCyclomaticComplexity="2" minCyclomaticComplexity="2" visitedClasses="1" numClasses="1" visitedMethods="1" numMethods="1" />
          <FullName>RadElement.Core.Profile.ElementSetProfile</FullName>
          <Methods>
            <Method cyclomaticComplexity="2" nPathComplexity="0" sequenceCoverage="100" branchCoverage="100" isConstructor="True" isGetter="False" isSetter="False" isStatic="True">
              <Summary numSequencePoints="4" visitedSequencePoints="4" numBranchPoints="2" visitedBranchPoints="2" sequenceCoverage="100" branchCoverage="100" maxCyclomaticComplexity="2" minCyclomaticComplexity="2" visitedClasses="0" numClasses="0" visitedMethods="1" numMethods="1" />
              <MetadataToken />
              <Name>System.Void RadElement.Core.Profile.ElementSetProfile::.ctor()</Name>
              <FileRef uid="4" />
              <SequencePoints>
                <SequencePoint vc="142" uspid="11" ordinal="0" sl="11" sc="1" el="11" ec="2" bec="0" bev="0" fileid="4" />
                <SequencePoint vc="142" uspid="12" ordinal="1" sl="12" sc="1" el="12" ec="2" bec="0" bev="0" fileid="4" />
                <SequencePoint vc="284" uspid="13" ordinal="2" sl="13" sc="1" el="13" ec="2" bec="0" bev="0" fileid="4" />
                <SequencePoint vc="142" uspid="14" ordinal="3" sl="14" sc="1" el="14" ec="2" bec="0" bev="0" fileid="4" />
              </SequencePoints>
              <BranchPoints>
                <BranchPoint vc="1" uspid="13" ordinal="0" path="0" offset="77" offsetend="79" sl="13" fileid="4" />
                <BranchPoint vc="142" uspid="13" ordinal="1" path="1" offset="77" offsetend="102" sl="13" fileid="4" />
              </BranchPoints>
              <MethodPoint vc="4" uspid="0" p8:type="SequencePoint" ordinal="0" offset="0" sc="0" sl="11" ec="1" el="14" bec="0" bev="0" fileid="4" xmlns:p8="xsi" />
            </Method>
          </Methods>
        </Class>
        <Class>
          <Summary numSequencePoints="4" visitedSequencePoints="4" numBranchPoints="0" visitedBranchPoints="0" sequenceCoverage="100" branchCoverage="100" maxCyclomaticComplexity="1" minCyclomaticComplexity="1" visitedClasses="1" numClasses="1" visitedMethods="1" numMethods="1" />
          <FullName>RadElement.Core.Profile.OrganizationProfile</FullName>
          <Methods>
            <Method cyclomaticComplexity="1" nPathComplexity="0" sequenceCoverage="100" branchCoverage="100" isConstructor="True" isGetter="False" isSetter="False" isStatic="True">
              <Summary numSequencePoints="4" visitedSequencePoints="4" numBranchPoints="0" visitedBranchPoints="0" sequenceCoverage="100" branchCoverage="100" maxCyclomaticComplexity="1" minCyclomaticComplexity="1" visitedClasses="0" numClasses="0" visitedMethods="1" numMethods="1" />
              <MetadataToken />
              <Name>System.Void RadElement.Core.Profile.OrganizationProfile::.ctor()</Name>
              <FileRef uid="5" />
              <SequencePoints>
                <SequencePoint vc="110" uspid="11" ordinal="0" sl="11" sc="1" el="11" ec="2" bec="0" bev="0" fileid="5" />
                <SequencePoint vc="110" uspid="12" ordinal="1" sl="12" sc="1" el="12" ec="2" bec="0" bev="0" fileid="5" />
                <SequencePoint vc="110" uspid="13" ordinal="2" sl="13" sc="1" el="13" ec="2" bec="0" bev="0" fileid="5" />
                <SequencePoint vc="110" uspid="14" ordinal="3" sl="14" sc="1" el="14" ec="2" bec="0" bev="0" fileid="5" />
              </SequencePoints>
              <BranchPoints />
              <MethodPoint vc="4" uspid="0" p8:type="SequencePoint" ordinal="0" offset="0" sc="0" sl="11" ec="1" el="14" bec="0" bev="0" fileid="5" xmlns:p8="xsi" />
            </Method>
          </Methods>
        </Class>
        <Class>
          <Summary numSequencePoints="4" visitedSequencePoints="4" numBranchPoints="0" visitedBranchPoints="0" sequenceCoverage="100" branchCoverage="100" maxCyclomaticComplexity="1" minCyclomaticComplexity="1" visitedClasses="1" numClasses="1" visitedMethods="1" numMethods="1" />
          <FullName>RadElement.Core.Profile.PersonProfile</FullName>
          <Methods>
            <Method cyclomaticComplexity="1" nPathComplexity="0" sequenceCoverage="100" branchCoverage="100" isConstructor="True" isGetter="False" isSetter="False" isStatic="True">
              <Summary numSequencePoints="4" visitedSequencePoints="4" numBranchPoints="0" visitedBranchPoints="0" sequenceCoverage="100" branchCoverage="100" maxCyclomaticComplexity="1" minCyclomaticComplexity="1" visitedClasses="0" numClasses="0" visitedMethods="1" numMethods="1" />
              <MetadataToken />
              <Name>System.Void RadElement.Core.Profile.PersonProfile::.ctor()</Name>
              <FileRef uid="6" />
              <SequencePoints>
                <SequencePoint vc="55" uspid="11" ordinal="0" sl="11" sc="1" el="11" ec="2" bec="0" bev="0" fileid="6" />
                <SequencePoint vc="55" uspid="12" ordinal="1" sl="12" sc="1" el="12" ec="2" bec="0" bev="0" fileid="6" />
                <SequencePoint vc="55" uspid="13" ordinal="2" sl="13" sc="1" el="13" ec="2" bec="0" bev="0" fileid="6" />
                <SequencePoint vc="55" uspid="14" ordinal="3" sl="14" sc="1" el="14" ec="2" bec="0" bev="0" fileid="6" />
              </SequencePoints>
              <BranchPoints />
              <MethodPoint vc="4" uspid="0" p8:type="SequencePoint" ordinal="0" offset="0" sc="0" sl="11" ec="1" el="14" bec="0" bev="0" fileid="6" xmlns:p8="xsi" />
            </Method>
          </Methods>
        </Class>
        <Class>
          <Summary numSequencePoints="3" visitedSequencePoints="0" numBranchPoints="0" visitedBranchPoints="0" sequenceCoverage="0" branchCoverage="100" maxCyclomaticComplexity="1" minCyclomaticComplexity="1" visitedClasses="0" numClasses="1" visitedMethods="0" numMethods="3" />
          <FullName>RadElement.Core.Infrastructure.Account</FullName>
          <Methods>
            <Method cyclomaticComplexity="1" nPathComplexity="0" sequenceCoverage="0" branchCoverage="100" isConstructor="False" isGetter="True" isSetter="False" isStatic="True">
              <Summary numSequencePoints="1" visitedSequencePoints="0" numBranchPoints="0" visitedBranchPoints="0" sequenceCoverage="0" branchCoverage="100" maxCyclomaticComplexity="1" minCyclomaticComplexity="1" visitedClasses="0" numClasses="0" visitedMethods="0" numMethods="1" />
              <MetadataToken />
              <Name>System.String RadElement.Core.Infrastructure.Account::get_UserId()</Name>
              <FileRef uid="7" />
              <SequencePoints>
                <SequencePoint vc="0" uspid="8" ordinal="0" sl="8" sc="1" el="8" ec="2" bec="0" bev="0" fileid="7" />
              </SequencePoints>
              <BranchPoints />
              <MethodPoint vc="0" uspid="0" p8:type="SequencePoint" ordinal="0" offset="0" sc="0" sl="8" ec="1" el="8" bec="0" bev="0" fileid="7" xmlns:p8="xsi" />
            </Method>
            <Method cyclomaticComplexity="1" nPathComplexity="0" sequenceCoverage="0" branchCoverage="100" isConstructor="False" isGetter="True" isSetter="False" isStatic="True">
              <Summary numSequencePoints="1" visitedSequencePoints="0" numBranchPoints="0" visitedBranchPoints="0" sequenceCoverage="0" branchCoverage="100" maxCyclomaticComplexity="1" minCyclomaticComplexity="1" visitedClasses="0" numClasses="0" visitedMethods="0" numMethods="1" />
              <MetadataToken />
              <Name>System.String RadElement.Core.Infrastructure.Account::get_Secret()</Name>
              <FileRef uid="7" />
              <SequencePoints>
                <SequencePoint vc="0" uspid="13" ordinal="0" sl="13" sc="1" el="13" ec="2" bec="0" bev="0" fileid="7" />
              </SequencePoints>
              <BranchPoints />
              <MethodPoint vc="0" uspid="0" p8:type="SequencePoint" ordinal="1" offset="1" sc="0" sl="13" ec="1" el="13" bec="0" bev="0" fileid="7" xmlns:p8="xsi" />
            </Method>
            <Method cyclomaticComplexity="1" nPathComplexity="0" sequenceCoverage="0" branchCoverage="100" isConstructor="False" isGetter="True" isSetter="False" isStatic="True">
              <Summary numSequencePoints="1" visitedSequencePoints="0" numBranchPoints="0" visitedBranchPoints="0" sequenceCoverage="0" branchCoverage="100" maxCyclomaticComplexity="1" minCyclomaticComplexity="1" visitedClasses="0" numClasses="0" visitedMethods="0" numMethods="1" />
              <MetadataToken />
              <Name>System.String RadElement.Core.Infrastructure.Account::get_Role()</Name>
              <FileRef uid="7" />
              <SequencePoints>
                <SequencePoint vc="0" uspid="18" ordinal="0" sl="18" sc="1" el="18" ec="2" bec="0" bev="0" fileid="7" />
              </SequencePoints>
              <BranchPoints />
              <MethodPoint vc="0" uspid="0" p8:type="SequencePoint" ordinal="2" offset="2" sc="0" sl="18" ec="1" el="18" bec="0" bev="0" fileid="7" xmlns:p8="xsi" />
            </Method>
          </Methods>
        </Class>
        <Class>
          <Summary numSequencePoints="19" visitedSequencePoints="0" numBranchPoints="2" visitedBranchPoints="0" sequenceCoverage="0" branchCoverage="0" maxCyclomaticComplexity="2" minCyclomaticComplexity="1" visitedClasses="0" numClasses="1" visitedMethods="0" numMethods="6" />
          <FullName>RadElement.Core.Infrastructure.AuthorizationConfig</FullName>
          <Methods>
            <Method cyclomaticComplexity="1" nPathComplexity="0" sequenceCoverage="0" branchCoverage="100" isConstructor="False" isGetter="True" isSetter="False" isStatic="True">
              <Summary numSequencePoints="1" visitedSequencePoints="0" numBranchPoints="0" visitedBranchPoints="0" sequenceCoverage="0" branchCoverage="100" maxCyclomaticComplexity="1" minCyclomaticComplexity="1" visitedClasses="0" numClasses="0" visitedMethods="0" numMethods="1" />
              <MetadataToken />
              <Name>System.String RadElement.Core.Infrastructure.AuthorizationConfig::get_Issuer()</Name>
              <FileRef uid="8" />
              <SequencePoints>
                <SequencePoint vc="0" uspid="16" ordinal="0" sl="16" sc="1" el="16" ec="2" bec="0" bev="0" fileid="8" />
              </SequencePoints>
              <BranchPoints />
              <MethodPoint vc="0" uspid="0" p8:type="SequencePoint" ordinal="0" offset="0" sc="0" sl="16" ec="1" el="16" bec="0" bev="0" fileid="8" xmlns:p8="xsi" />
            </Method>
            <Method cyclomaticComplexity="1" nPathComplexity="0" sequenceCoverage="0" branchCoverage="100" isConstructor="False" isGetter="True" isSetter="False" isStatic="True">
              <Summary numSequencePoints="1" visitedSequencePoints="0" numBranchPoints="0" visitedBranchPoints="0" sequenceCoverage="0" branchCoverage="100" maxCyclomaticComplexity="1" minCyclomaticComplexity="1" visitedClasses="0" numClasses="0" visitedMethods="0" numMethods="1" />
              <MetadataToken />
              <Name>System.String RadElement.Core.Infrastructure.AuthorizationConfig::get_Audience()</Name>
              <FileRef uid="8" />
              <SequencePoints>
                <SequencePoint vc="0" uspid="21" ordinal="0" sl="21" sc="1" el="21" ec="2" bec="0" bev="0" fileid="8" />
              </SequencePoints>
              <BranchPoints />
              <MethodPoint vc="0" uspid="0" p8:type="SequencePoint" ordinal="1" offset="1" sc="0" sl="21" ec="1" el="21" bec="0" bev="0" fileid="8" xmlns:p8="xsi" />
            </Method>
            <Method cyclomaticComplexity="1" nPathComplexity="0" sequenceCoverage="0" branchCoverage="100" isConstructor="False" isGetter="True" isSetter="False" isStatic="True">
              <Summary numSequencePoints="1" visitedSequencePoints="0" numBranchPoints="0" visitedBranchPoints="0" sequenceCoverage="0" branchCoverage="100" maxCyclomaticComplexity="1" minCyclomaticComplexity="1" visitedClasses="0" numClasses="0" visitedMethods="0" numMethods="1" />
              <MetadataToken />
              <Name>System.String RadElement.Core.Infrastructure.AuthorizationConfig::get_KeyFilePath()</Name>
              <FileRef uid="8" />
              <SequencePoints>
                <SequencePoint vc="0" uspid="26" ordinal="0" sl="26" sc="1" el="26" ec="2" bec="0" bev="0" fileid="8" />
              </SequencePoints>
              <BranchPoints />
              <MethodPoint vc="0" uspid="0" p8:type="SequencePoint" ordinal="2" offset="2" sc="0" sl="26" ec="1" el="26" bec="0" bev="0" fileid="8" xmlns:p8="xsi" />
            </Method>
            <Method cyclomaticComplexity="1" nPathComplexity="0" sequenceCoverage="0" branchCoverage="100" isConstructor="False" isGetter="True" isSetter="False" isStatic="True">
              <Summary numSequencePoints="1" visitedSequencePoints="0" numBranchPoints="0" visitedBranchPoints="0" sequenceCoverage="0" branchCoverage="100" maxCyclomaticComplexity="1" minCyclomaticComplexity="1" visitedClasses="0" numClasses="0" visitedMethods="0" numMethods="1" />
              <MetadataToken />
              <Name>System.Security.SecureString RadElement.Core.Infrastructure.AuthorizationConfig::get_SigningPassword()</Name>
              <FileRef uid="8" />
              <SequencePoints>
                <SequencePoint vc="0" uspid="31" ordinal="0" sl="31" sc="1" el="31" ec="2" bec="0" bev="0" fileid="8" />
              </SequencePoints>
              <BranchPoints />
              <MethodPoint vc="0" uspid="0" p8:type="SequencePoint" ordinal="3" offset="3" sc="0" sl="31" ec="1" el="31" bec="0" bev="0" fileid="8" xmlns:p8="xsi" />
            </Method>
            <Method cyclomaticComplexity="1" nPathComplexity="0" sequenceCoverage="0" branchCoverage="100" isConstructor="False" isGetter="False" isSetter="False" isStatic="True">
              <Summary numSequencePoints="4" visitedSequencePoints="0" numBranchPoints="0" visitedBranchPoints="0" sequenceCoverage="0" branchCoverage="100" maxCyclomaticComplexity="1" minCyclomaticComplexity="1" visitedClasses="0" numClasses="0" visitedMethods="0" numMethods="1" />
              <MetadataToken />
              <Name>System.Void RadElement.Core.Infrastructure.AuthorizationConfig::SetKeyFilePassword(System.String)</Name>
              <FileRef uid="8" />
              <SequencePoints>
                <SequencePoint vc="0" uspid="38" ordinal="0" sl="38" sc="1" el="38" ec="2" bec="0" bev="0" fileid="8" />
                <SequencePoint vc="0" uspid="39" ordinal="1" sl="39" sc="1" el="39" ec="2" bec="0" bev="0" fileid="8" />
                <SequencePoint vc="0" uspid="40" ordinal="2" sl="40" sc="1" el="40" ec="2" bec="0" bev="0" fileid="8" />
                <SequencePoint vc="0" uspid="41" ordinal="3" sl="41" sc="1" el="41" ec="2" bec="0" bev="0" fileid="8" />
              </SequencePoints>
              <BranchPoints />
              <MethodPoint vc="0" uspid="0" p8:type="SequencePoint" ordinal="4" offset="4" sc="0" sl="38" ec="1" el="41" bec="0" bev="0" fileid="8" xmlns:p8="xsi" />
            </Method>
            <Method cyclomaticComplexity="2" nPathComplexity="0" sequenceCoverage="0" branchCoverage="0" isConstructor="False" isGetter="False" isSetter="False" isStatic="True">
              <Summary numSequencePoints="11" visitedSequencePoints="0" numBranchPoints="2" visitedBranchPoints="0" sequenceCoverage="0" branchCoverage="0" maxCyclomaticComplexity="2" minCyclomaticComplexity="2" visitedClasses="0" numClasses="0" visitedMethods="0" numMethods="1" />
              <MetadataToken />
              <Name>System.String RadElement.Core.Infrastructure.AuthorizationConfig::ConvertToUnsecureString(System.Security.SecureString)</Name>
              <FileRef uid="8" />
              <SequencePoints>
                <SequencePoint vc="0" uspid="50" ordinal="0" sl="50" sc="1" el="50" ec="2" bec="0" bev="0" fileid="8" />
                <SequencePoint vc="0" uspid="51" ordinal="1" sl="51" sc="1" el="51" ec="2" bec="0" bev="0" fileid="8" />
                <SequencePoint vc="0" uspid="52" ordinal="2" sl="52" sc="1" el="52" ec="2" bec="0" bev="0" fileid="8" />
                <SequencePoint vc="0" uspid="54" ordinal="3" sl="54" sc="1" el="54" ec="2" bec="0" bev="0" fileid="8" />
                <SequencePoint vc="0" uspid="56" ordinal="4" sl="56" sc="1" el="56" ec="2" bec="0" bev="0" fileid="8" />
                <SequencePoint vc="0" uspid="57" ordinal="5" sl="57" sc="1" el="57" ec="2" bec="0" bev="0" fileid="8" />
                <SequencePoint vc="0" uspid="58" ordinal="6" sl="58" sc="1" el="58" ec="2" bec="0" bev="0" fileid="8" />
                <SequencePoint vc="0" uspid="61" ordinal="7" sl="61" sc="1" el="61" ec="2" bec="0" bev="0" fileid="8" />
                <SequencePoint vc="0" uspid="62" ordinal="8" sl="62" sc="1" el="62" ec="2" bec="0" bev="0" fileid="8" />
                <SequencePoint vc="0" uspid="63" ordinal="9" sl="63" sc="1" el="63" ec="2" bec="0" bev="0" fileid="8" />
                <SequencePoint vc="0" uspid="64" ordinal="10" sl="64" sc="1" el="64" ec="2" bec="0" bev="0" fileid="8" />
              </SequencePoints>
              <BranchPoints>
                <BranchPoint vc="0" uspid="51" ordinal="0" path="0" offset="7" offsetend="9" sl="51" fileid="8" />
                <BranchPoint vc="0" uspid="51" ordinal="1" path="1" offset="7" offsetend="20" sl="51" fileid="8" />
              </BranchPoints>
              <MethodPoint vc="0" uspid="0" p8:type="SequencePoint" ordinal="5" offset="5" sc="0" sl="50" ec="1" el="64" bec="0" bev="0" fileid="8" xmlns:p8="xsi" />
            </Method>
          </Methods>
        </Class>
        <Class>
          <Summary numSequencePoints="1" visitedSequencePoints="0" numBranchPoints="0" visitedBranchPoints="0" sequenceCoverage="0" branchCoverage="100" maxCyclomaticComplexity="1" minCyclomaticComplexity="1" visitedClasses="0" numClasses="1" visitedMethods="0" numMethods="1" />
          <FullName>RadElement.Core.Infrastructure.UserAccounts</FullName>
          <Methods>
            <Method cyclomaticComplexity="1" nPathComplexity="0" sequenceCoverage="0" branchCoverage="100" isConstructor="False" isGetter="True" isSetter="False" isStatic="True">
              <Summary numSequencePoints="1" visitedSequencePoints="0" numBranchPoints="0" visitedBranchPoints="0" sequenceCoverage="0" branchCoverage="100" maxCyclomaticComplexity="1" minCyclomaticComplexity="1" visitedClasses="0" numClasses="0" visitedMethods="0" numMethods="1" />
              <MetadataToken />
              <Name>System.Collections.Generic.List`1&lt;RadElement.Core.Infrastructure.Account&gt; RadElement.Core.Infrastructure.UserAccounts::get_Accounts()</Name>
              <FileRef uid="9" />
              <SequencePoints>
                <SequencePoint vc="0" uspid="13" ordinal="0" sl="13" sc="1" el="13" ec="2" bec="0" bev="0" fileid="9" />
              </SequencePoints>
              <BranchPoints />
              <MethodPoint vc="0" uspid="0" p8:type="SequencePoint" ordinal="0" offset="0" sc="0" sl="13" ec="1" el="13" bec="0" bev="0" fileid="9" xmlns:p8="xsi" />
            </Method>
          </Methods>
        </Class>
        <Class>
          <Summary numSequencePoints="5" visitedSequencePoints="0" numBranchPoints="0" visitedBranchPoints="0" sequenceCoverage="0" branchCoverage="100" maxCyclomaticComplexity="1" minCyclomaticComplexity="1" visitedClasses="0" numClasses="1" visitedMethods="0" numMethods="2" />
          <FullName>RadElement.Core.DTO.ChoiceElement</FullName>
          <Methods>
            <Method cyclomaticComplexity="1" nPathComplexity="0" sequenceCoverage="0" branchCoverage="100" isConstructor="False" isGetter="True" isSetter="False" isStatic="True">
              <Summary numSequencePoints="1" visitedSequencePoints="0" numBranchPoints="0" visitedBranchPoints="0" sequenceCoverage="0" branchCoverage="100" maxCyclomaticComplexity="1" minCyclomaticComplexity="1" visitedClasses="0" numClasses="0" visitedMethods="0" numMethods="1" />
              <MetadataToken />
              <Name>System.Collections.Generic.List`1&lt;RadElement.Core.DTO.Option&gt; RadElement.Core.DTO.ChoiceElement::get_Options()</Name>
              <FileRef uid="10" />
              <SequencePoints>
                <SequencePoint vc="0" uspid="22" ordinal="0" sl="22" sc="1" el="22" ec="2" bec="0" bev="0" fileid="10" />
              </SequencePoints>
              <BranchPoints />
              <MethodPoint vc="0" uspid="0" p8:type="SequencePoint" ordinal="0" offset="0" sc="0" sl="22" ec="1" el="22" bec="0" bev="0" fileid="10" xmlns:p8="xsi" />
            </Method>
            <Method cyclomaticComplexity="1" nPathComplexity="0" sequenceCoverage="0" branchCoverage="100" isConstructor="True" isGetter="False" isSetter="False" isStatic="True">
              <Summary numSequencePoints="4" visitedSequencePoints="0" numBranchPoints="0" visitedBranchPoints="0" sequenceCoverage="0" branchCoverage="100" maxCyclomaticComplexity="1" minCyclomaticComplexity="1" visitedClasses="0" numClasses="0" visitedMethods="0" numMethods="1" />
              <MetadataToken />
              <Name>System.Void RadElement.Core.DTO.ChoiceElement::.ctor()</Name>
              <FileRef uid="10" />
              <SequencePoints>
                <SequencePoint vc="0" uspid="14" ordinal="0" sl="14" sc="1" el="14" ec="2" bec="0" bev="0" fileid="10" />
                <SequencePoint vc="0" uspid="15" ordinal="1" sl="15" sc="1" el="15" ec="2" bec="0" bev="0" fileid="10" />
                <SequencePoint vc="0" uspid="16" ordinal="2" sl="16" sc="1" el="16" ec="2" bec="0" bev="0" fileid="10" />
                <SequencePoint vc="0" uspid="17" ordinal="3" sl="17" sc="1" el="17" ec="2" bec="0" bev="0" fileid="10" />
              </SequencePoints>
              <BranchPoints />
              <MethodPoint vc="0" uspid="0" p8:type="SequencePoint" ordinal="1" offset="1" sc="0" sl="14" ec="1" el="17" bec="0" bev="0" fileid="10" xmlns:p8="xsi" />
            </Method>
          </Methods>
        </Class>
        <Class>
          <Summary numSequencePoints="21" visitedSequencePoints="7" numBranchPoints="0" visitedBranchPoints="0" sequenceCoverage="33.33" branchCoverage="100" maxCyclomaticComplexity="1" minCyclomaticComplexity="1" visitedClasses="1" numClasses="1" visitedMethods="7" numMethods="21" />
          <FullName>RadElement.Core.DTO.CreateUpdateElement</FullName>
          <Methods>
            <Method cyclomaticComplexity="1" nPathComplexity="0" sequenceCoverage="100" branchCoverage="100" isConstructor="False" isGetter="True" isSetter="False" isStatic="True">
              <Summary numSequencePoints="1" visitedSequencePoints="1" numBranchPoints="0" visitedBranchPoints="0" sequenceCoverage="100" branchCoverage="100" maxCyclomaticComplexity="1" minCyclomaticComplexity="1" visitedClasses="0" numClasses="0" visitedMethods="1" numMethods="1" />
              <MetadataToken />
              <Name>System.String RadElement.Core.DTO.CreateUpdateElement::get_ElementId()</Name>
              <FileRef uid="11" />
              <SequencePoints>
                <SequencePoint vc="29" uspid="13" ordinal="0" sl="13" sc="1" el="13" ec="2" bec="0" bev="0" fileid="11" />
              </SequencePoints>
              <BranchPoints />
              <MethodPoint vc="1" uspid="0" p8:type="SequencePoint" ordinal="0" offset="0" sc="0" sl="13" ec="1" el="13" bec="0" bev="0" fileid="11" xmlns:p8="xsi" />
            </Method>
            <Method cyclomaticComplexity="1" nPathComplexity="0" sequenceCoverage="100" branchCoverage="100" isConstructor="False" isGetter="True" isSetter="False" isStatic="True">
              <Summary numSequencePoints="1" visitedSequencePoints="1" numBranchPoints="0" visitedBranchPoints="0" sequenceCoverage="100" branchCoverage="100" maxCyclomaticComplexity="1" minCyclomaticComplexity="1" visitedClasses="0" numClasses="0" visitedMethods="1" numMethods="1" />
              <MetadataToken />
              <Name>System.String RadElement.Core.DTO.CreateUpdateElement::get_Name()</Name>
              <FileRef uid="11" />
              <SequencePoints>
                <SequencePoint vc="44" uspid="20" ordinal="0" sl="20" sc="1" el="20" ec="2" bec="0" bev="0" fileid="11" />
              </SequencePoints>
              <BranchPoints />
              <MethodPoint vc="1" uspid="0" p8:type="SequencePoint" ordinal="1" offset="1" sc="0" sl="20" ec="1" el="20" bec="0" bev="0" fileid="11" xmlns:p8="xsi" />
            </Method>
            <Method cyclomaticComplexity="1" nPathComplexity="0" sequenceCoverage="0" branchCoverage="100" isConstructor="False" isGetter="True" isSetter="False" isStatic="True">
              <Summary numSequencePoints="1" visitedSequencePoints="0" numBranchPoints="0" visitedBranchPoints="0" sequenceCoverage="0" branchCoverage="100" maxCyclomaticComplexity="1" minCyclomaticComplexity="1" visitedClasses="0" numClasses="0" visitedMethods="0" numMethods="1" />
              <MetadataToken />
              <Name>System.String RadElement.Core.DTO.CreateUpdateElement::get_ShortName()</Name>
              <FileRef uid="11" />
              <SequencePoints>
                <SequencePoint vc="0" uspid="26" ordinal="0" sl="26" sc="1" el="26" ec="2" bec="0" bev="0" fileid="11" />
              </SequencePoints>
              <BranchPoints />
              <MethodPoint vc="0" uspid="0" p8:type="SequencePoint" ordinal="2" offset="2" sc="0" sl="26" ec="1" el="26" bec="0" bev="0" fileid="11" xmlns:p8="xsi" />
            </Method>
            <Method cyclomaticComplexity="1" nPathComplexity="0" sequenceCoverage="100" branchCoverage="100" isConstructor="False" isGetter="True" isSetter="False" isStatic="True">
              <Summary numSequencePoints="1" visitedSequencePoints="1" numBranchPoints="0" visitedBranchPoints="0" sequenceCoverage="100" branchCoverage="100" maxCyclomaticComplexity="1" minCyclomaticComplexity="1" visitedClasses="0" numClasses="0" visitedMethods="1" numMethods="1" />
              <MetadataToken />
              <Name>System.String RadElement.Core.DTO.CreateUpdateElement::get_Definition()</Name>
              <FileRef uid="11" />
              <SequencePoints>
                <SequencePoint vc="28" uspid="31" ordinal="0" sl="31" sc="1" el="31" ec="2" bec="0" bev="0" fileid="11" />
              </SequencePoints>
              <BranchPoints />
              <MethodPoint vc="1" uspid="0" p8:type="SequencePoint" ordinal="3" offset="3" sc="0" sl="31" ec="1" el="31" bec="0" bev="0" fileid="11" xmlns:p8="xsi" />
            </Method>
            <Method cyclomaticComplexity="1" nPathComplexity="0" sequenceCoverage="100" branchCoverage="100" isConstructor="False" isGetter="True" isSetter="False" isStatic="True">
              <Summary numSequencePoints="1" visitedSequencePoints="1" numBranchPoints="0" visitedBranchPoints="0" sequenceCoverage="100" branchCoverage="100" maxCyclomaticComplexity="1" minCyclomaticComplexity="1" visitedClasses="0" numClasses="0" visitedMethods="1" numMethods="1" />
              <MetadataToken />
              <Name>System.Nullable`1&lt;RadElement.Core.Domain.DataElementType&gt; RadElement.Core.DTO.CreateUpdateElement::get_ValueType()</Name>
              <FileRef uid="11" />
              <SequencePoints>
                <SequencePoint vc="171" uspid="37" ordinal="0" sl="37" sc="1" el="37" ec="2" bec="0" bev="0" fileid="11" />
              </SequencePoints>
              <BranchPoints />
              <MethodPoint vc="1" uspid="0" p8:type="SequencePoint" ordinal="4" offset="4" sc="0" sl="37" ec="1" el="37" bec="0" bev="0" fileid="11" xmlns:p8="xsi" />
            </Method>
            <Method cyclomaticComplexity="1" nPathComplexity="0" sequenceCoverage="100" branchCoverage="100" isConstructor="False" isGetter="True" isSetter="False" isStatic="True">
              <Summary numSequencePoints="1" visitedSequencePoints="1" numBranchPoints="0" visitedBranchPoints="0" sequenceCoverage="100" branchCoverage="100" maxCyclomaticComplexity="1" minCyclomaticComplexity="1" visitedClasses="0" numClasses="0" visitedMethods="1" numMethods="1" />
              <MetadataToken />
              <Name>System.Nullable`1&lt;System.Single&gt; RadElement.Core.DTO.CreateUpdateElement::get_ValueMin()</Name>
              <FileRef uid="11" />
              <SequencePoints>
                <SequencePoint vc="16" uspid="42" ordinal="0" sl="42" sc="1" el="42" ec="2" bec="0" bev="0" fileid="11" />
              </SequencePoints>
              <BranchPoints />
              <MethodPoint vc="1" uspid="0" p8:type="SequencePoint" ordinal="5" offset="5" sc="0" sl="42" ec="1" el="42" bec="0" bev="0" fileid="11" xmlns:p8="xsi" />
            </Method>
            <Method cyclomaticComplexity="1" nPathComplexity="0" sequenceCoverage="100" branchCoverage="100" isConstructor="False" isGetter="True" isSetter="False" isStatic="True">
              <Summary numSequencePoints="1" visitedSequencePoints="1" numBranchPoints="0" visitedBranchPoints="0" sequenceCoverage="100" branchCoverage="100" maxCyclomaticComplexity="1" minCyclomaticComplexity="1" visitedClasses="0" numClasses="0" visitedMethods="1" numMethods="1" />
              <MetadataToken />
              <Name>System.Nullable`1&lt;System.Single&gt; RadElement.Core.DTO.CreateUpdateElement::get_ValueMax()</Name>
              <FileRef uid="11" />
              <SequencePoints>
                <SequencePoint vc="16" uspid="48" ordinal="0" sl="48" sc="1" el="48" ec="2" bec="0" bev="0" fileid="11" />
              </SequencePoints>
              <BranchPoints />
              <MethodPoint vc="1" uspid="0" p8:type="SequencePoint" ordinal="6" offset="6" sc="0" sl="48" ec="1" el="48" bec="0" bev="0" fileid="11" xmlns:p8="xsi" />
            </Method>
            <Method cyclomaticComplexity="1" nPathComplexity="0" sequenceCoverage="0" branchCoverage="100" isConstructor="False" isGetter="True" isSetter="False" isStatic="True">
              <Summary numSequencePoints="1" visitedSequencePoints="0" numBranchPoints="0" visitedBranchPoints="0" sequenceCoverage="0" branchCoverage="100" maxCyclomaticComplexity="1" minCyclomaticComplexity="1" visitedClasses="0" numClasses="0" visitedMethods="0" numMethods="1" />
              <MetadataToken />
              <Name>System.String RadElement.Core.DTO.CreateUpdateElement::get_Unit()</Name>
              <FileRef uid="11" />
              <SequencePoints>
                <SequencePoint vc="0" uspid="53" ordinal="0" sl="53" sc="1" el="53" ec="2" bec="0" bev="0" fileid="11" />
              </SequencePoints>
              <BranchPoints />
              <MethodPoint vc="0" uspid="0" p8:type="SequencePoint" ordinal="7" offset="7" sc="0" sl="53" ec="1" el="53" bec="0" bev="0" fileid="11" xmlns:p8="xsi" />
            </Method>
            <Method cyclomaticComplexity="1" nPathComplexity="0" sequenceCoverage="0" branchCoverage="100" isConstructor="False" isGetter="True" isSetter="False" isStatic="True">
              <Summary numSequencePoints="1" visitedSequencePoints="0" numBranchPoints="0" visitedBranchPoints="0" sequenceCoverage="0" branchCoverage="100" maxCyclomaticComplexity="1" minCyclomaticComplexity="1" visitedClasses="0" numClasses="0" visitedMethods="0" numMethods="1" />
              <MetadataToken />
              <Name>System.String RadElement.Core.DTO.CreateUpdateElement::get_Question()</Name>
              <FileRef uid="11" />
              <SequencePoints>
                <SequencePoint vc="0" uspid="58" ordinal="0" sl="58" sc="1" el="58" ec="2" bec="0" bev="0" fileid="11" />
              </SequencePoints>
              <BranchPoints />
              <MethodPoint vc="0" uspid="0" p8:type="SequencePoint" ordinal="8" offset="8" sc="0" sl="58" ec="1" el="58" bec="0" bev="0" fileid="11" xmlns:p8="xsi" />
            </Method>
            <Method cyclomaticComplexity="1" nPathComplexity="0" sequenceCoverage="0" branchCoverage="100" isConstructor="False" isGetter="True" isSetter="False" isStatic="True">
              <Summary numSequencePoints="1" visitedSequencePoints="0" numBranchPoints="0" visitedBranchPoints="0" sequenceCoverage="0" branchCoverage="100" maxCyclomaticComplexity="1" minCyclomaticComplexity="1" visitedClasses="0" numClasses="0" visitedMethods="0" numMethods="1" />
              <MetadataToken />
              <Name>System.String RadElement.Core.DTO.CreateUpdateElement::get_Instructions()</Name>
              <FileRef uid="11" />
              <SequencePoints>
                <SequencePoint vc="0" uspid="63" ordinal="0" sl="63" sc="1" el="63" ec="2" bec="0" bev="0" fileid="11" />
              </SequencePoints>
              <BranchPoints />
              <MethodPoint vc="0" uspid="0" p8:type="SequencePoint" ordinal="9" offset="9" sc="0" sl="63" ec="1" el="63" bec="0" bev="0" fileid="11" xmlns:p8="xsi" />
            </Method>
            <Method cyclomaticComplexity="1" nPathComplexity="0" sequenceCoverage="0" branchCoverage="100" isConstructor="False" isGetter="True" isSetter="False" isStatic="True">
              <Summary numSequencePoints="1" visitedSequencePoints="0" numBranchPoints="0" visitedBranchPoints="0" sequenceCoverage="0" branchCoverage="100" maxCyclomaticComplexity="1" minCyclomaticComplexity="1" visitedClasses="0" numClasses="0" visitedMethods="0" numMethods="1" />
              <MetadataToken />
              <Name>System.String RadElement.Core.DTO.CreateUpdateElement::get_References()</Name>
              <FileRef uid="11" />
              <SequencePoints>
                <SequencePoint vc="0" uspid="68" ordinal="0" sl="68" sc="1" el="68" ec="2" bec="0" bev="0" fileid="11" />
              </SequencePoints>
              <BranchPoints />
              <MethodPoint vc="0" uspid="0" p8:type="SequencePoint" ordinal="10" offset="10" sc="0" sl="68" ec="1" el="68" bec="0" bev="0" fileid="11" xmlns:p8="xsi" />
            </Method>
            <Method cyclomaticComplexity="1" nPathComplexity="0" sequenceCoverage="0" branchCoverage="100" isConstructor="False" isGetter="True" isSetter="False" isStatic="True">
              <Summary numSequencePoints="1" visitedSequencePoints="0" numBranchPoints="0" visitedBranchPoints="0" sequenceCoverage="0" branchCoverage="100" maxCyclomaticComplexity="1" minCyclomaticComplexity="1" visitedClasses="0" numClasses="0" visitedMethods="0" numMethods="1" />
              <MetadataToken />
              <Name>System.String RadElement.Core.DTO.CreateUpdateElement::get_Version()</Name>
              <FileRef uid="11" />
              <SequencePoints>
                <SequencePoint vc="0" uspid="74" ordinal="0" sl="74" sc="1" el="74" ec="2" bec="0" bev="0" fileid="11" />
              </SequencePoints>
              <BranchPoints />
              <MethodPoint vc="0" uspid="0" p8:type="SequencePoint" ordinal="11" offset="11" sc="0" sl="74" ec="1" el="74" bec="0" bev="0" fileid="11" xmlns:p8="xsi" />
            </Method>
            <Method cyclomaticComplexity="1" nPathComplexity="0" sequenceCoverage="0" branchCoverage="100" isConstructor="False" isGetter="True" isSetter="False" isStatic="True">
              <Summary numSequencePoints="1" visitedSequencePoints="0" numBranchPoints="0" visitedBranchPoints="0" sequenceCoverage="0" branchCoverage="100" maxCyclomaticComplexity="1" minCyclomaticComplexity="1" visitedClasses="0" numClasses="0" visitedMethods="0" numMethods="1" />
              <MetadataToken />
              <Name>System.Nullable`1&lt;System.DateTime&gt; RadElement.Core.DTO.CreateUpdateElement::get_VersionDate()</Name>
              <FileRef uid="11" />
              <SequencePoints>
                <SequencePoint vc="0" uspid="79" ordinal="0" sl="79" sc="1" el="79" ec="2" bec="0" bev="0" fileid="11" />
              </SequencePoints>
              <BranchPoints />
              <MethodPoint vc="0" uspid="0" p8:type="SequencePoint" ordinal="12" offset="12" sc="0" sl="79" ec="1" el="79" bec="0" bev="0" fileid="11" xmlns:p8="xsi" />
            </Method>
            <Method cyclomaticComplexity="1" nPathComplexity="0" sequenceCoverage="0" branchCoverage="100" isConstructor="False" isGetter="True" isSetter="False" isStatic="True">
              <Summary numSequencePoints="1" visitedSequencePoints="0" numBranchPoints="0" visitedBranchPoints="0" sequenceCoverage="0" branchCoverage="100" maxCyclomaticComplexity="1" minCyclomaticComplexity="1" visitedClasses="0" numClasses="0" visitedMethods="0" numMethods="1" />
              <MetadataToken />
              <Name>System.String RadElement.Core.DTO.CreateUpdateElement::get_Synonyms()</Name>
              <FileRef uid="11" />
              <SequencePoints>
                <SequencePoint vc="0" uspid="84" ordinal="0" sl="84" sc="1" el="84" ec="2" bec="0" bev="0" fileid="11" />
              </SequencePoints>
              <BranchPoints />
              <MethodPoint vc="0" uspid="0" p8:type="SequencePoint" ordinal="13" offset="13" sc="0" sl="84" ec="1" el="84" bec="0" bev="0" fileid="11" xmlns:p8="xsi" />
            </Method>
            <Method cyclomaticComplexity="1" nPathComplexity="0" sequenceCoverage="0" branchCoverage="100" isConstructor="False" isGetter="True" isSetter="False" isStatic="True">
              <Summary numSequencePoints="1" visitedSequencePoints="0" numBranchPoints="0" visitedBranchPoints="0" sequenceCoverage="0" branchCoverage="100" maxCyclomaticComplexity="1" minCyclomaticComplexity="1" visitedClasses="0" numClasses="0" visitedMethods="0" numMethods="1" />
              <MetadataToken />
              <Name>System.String RadElement.Core.DTO.CreateUpdateElement::get_Source()</Name>
              <FileRef uid="11" />
              <SequencePoints>
                <SequencePoint vc="0" uspid="89" ordinal="0" sl="89" sc="1" el="89" ec="2" bec="0" bev="0" fileid="11" />
              </SequencePoints>
              <BranchPoints />
              <MethodPoint vc="0" uspid="0" p8:type="SequencePoint" ordinal="14" offset="14" sc="0" sl="89" ec="1" el="89" bec="0" bev="0" fileid="11" xmlns:p8="xsi" />
            </Method>
            <Method cyclomaticComplexity="1" nPathComplexity="0" sequenceCoverage="0" branchCoverage="100" isConstructor="False" isGetter="True" isSetter="False" isStatic="True">
              <Summary numSequencePoints="1" visitedSequencePoints="0" numBranchPoints="0" visitedBranchPoints="0" sequenceCoverage="0" branchCoverage="100" maxCyclomaticComplexity="1" minCyclomaticComplexity="1" visitedClasses="0" numClasses="0" visitedMethods="0" numMethods="1" />
              <MetadataToken />
              <Name>System.String RadElement.Core.DTO.CreateUpdateElement::get_Editor()</Name>
              <FileRef uid="11" />
              <SequencePoints>
                <SequencePoint vc="0" uspid="98" ordinal="0" sl="98" sc="1" el="98" ec="2" bec="0" bev="0" fileid="11" />
              </SequencePoints>
              <BranchPoints />
              <MethodPoint vc="0" uspid="0" p8:type="SequencePoint" ordinal="15" offset="15" sc="0" sl="98" ec="1" el="98" bec="0" bev="0" fileid="11" xmlns:p8="xsi" />
            </Method>
            <Method cyclomaticComplexity="1" nPathComplexity="0" sequenceCoverage="0" branchCoverage="100" isConstructor="False" isGetter="True" isSetter="False" isStatic="True">
              <Summary numSequencePoints="1" visitedSequencePoints="0" numBranchPoints="0" visitedBranchPoints="0" sequenceCoverage="0" branchCoverage="100" maxCyclomaticComplexity="1" minCyclomaticComplexity="1" visitedClasses="0" numClasses="0" visitedMethods="0" numMethods="1" />
              <MetadataToken />
              <Name>System.Collections.Generic.List`1&lt;RadElement.Core.DTO.ModalityType&gt; RadElement.Core.DTO.CreateUpdateElement::get_Modality()</Name>
              <FileRef uid="11" />
              <SequencePoints>
                <SequencePoint vc="0" uspid="103" ordinal="0" sl="103" sc="1" el="103" ec="2" bec="0" bev="0" fileid="11" />
              </SequencePoints>
              <BranchPoints />
              <MethodPoint vc="0" uspid="0" p8:type="SequencePoint" ordinal="16" offset="16" sc="0" sl="103" ec="1" el="103" bec="0" bev="0" fileid="11" xmlns:p8="xsi" />
            </Method>
            <Method cyclomaticComplexity="1" nPathComplexity="0" sequenceCoverage="0" branchCoverage="100" isConstructor="False" isGetter="True" isSetter="False" isStatic="True">
              <Summary numSequencePoints="1" visitedSequencePoints="0" numBranchPoints="0" visitedBranchPoints="0" sequenceCoverage="0" branchCoverage="100" maxCyclomaticComplexity="1" minCyclomaticComplexity="1" visitedClasses="0" numClasses="0" visitedMethods="0" numMethods="1" />
              <MetadataToken />
              <Name>System.Collections.Generic.List`1&lt;RadElement.Core.DTO.BiologicalSex&gt; RadElement.Core.DTO.CreateUpdateElement::get_BiologicalSex()</Name>
              <FileRef uid="11" />
              <SequencePoints>
                <SequencePoint vc="0" uspid="108" ordinal="0" sl="108" sc="1" el="108" ec="2" bec="0" bev="0" fileid="11" />
              </SequencePoints>
              <BranchPoints />
              <MethodPoint vc="0" uspid="0" p8:type="SequencePoint" ordinal="17" offset="17" sc="0" sl="108" ec="1" el="108" bec="0" bev="0" fileid="11" xmlns:p8="xsi" />
            </Method>
            <Method cyclomaticComplexity="1" nPathComplexity="0" sequenceCoverage="0" branchCoverage="100" isConstructor="False" isGetter="True" isSetter="False" isStatic="True">
              <Summary numSequencePoints="1" visitedSequencePoints="0" numBranchPoints="0" visitedBranchPoints="0" sequenceCoverage="0" branchCoverage="100" maxCyclomaticComplexity="1" minCyclomaticComplexity="1" visitedClasses="0" numClasses="0" visitedMethods="0" numMethods="1" />
              <MetadataToken />
              <Name>System.Nullable`1&lt;System.Single&gt; RadElement.Core.DTO.CreateUpdateElement::get_AgeUpperBound()</Name>
              <FileRef uid="11" />
              <SequencePoints>
                <SequencePoint vc="0" uspid="113" ordinal="0" sl="113" sc="1" el="113" ec="2" bec="0" bev="0" fileid="11" />
              </SequencePoints>
              <BranchPoints />
              <MethodPoint vc="0" uspid="0" p8:type="SequencePoint" ordinal="18" offset="18" sc="0" sl="113" ec="1" el="113" bec="0" bev="0" fileid="11" xmlns:p8="xsi" />
            </Method>
            <Method cyclomaticComplexity="1" nPathComplexity="0" sequenceCoverage="0" branchCoverage="100" isConstructor="False" isGetter="True" isSetter="False" isStatic="True">
              <Summary numSequencePoints="1" visitedSequencePoints="0" numBranchPoints="0" visitedBranchPoints="0" sequenceCoverage="0" branchCoverage="100" maxCyclomaticComplexity="1" minCyclomaticComplexity="1" visitedClasses="0" numClasses="0" visitedMethods="0" numMethods="1" />
              <MetadataToken />
              <Name>System.Nullable`1&lt;System.Single&gt; RadElement.Core.DTO.CreateUpdateElement::get_AgeLowerBound()</Name>
              <FileRef uid="11" />
              <SequencePoints>
                <SequencePoint vc="0" uspid="118" ordinal="0" sl="118" sc="1" el="118" ec="2" bec="0" bev="0" fileid="11" />
              </SequencePoints>
              <BranchPoints />
              <MethodPoint vc="0" uspid="0" p8:type="SequencePoint" ordinal="19" offset="19" sc="0" sl="118" ec="1" el="118" bec="0" bev="0" fileid="11" xmlns:p8="xsi" />
            </Method>
            <Method cyclomaticComplexity="1" nPathComplexity="0" sequenceCoverage="100" branchCoverage="100" isConstructor="False" isGetter="True" isSetter="False" isStatic="True">
              <Summary numSequencePoints="1" visitedSequencePoints="1" numBranchPoints="0" visitedBranchPoints="0" sequenceCoverage="100" branchCoverage="100" maxCyclomaticComplexity="1" minCyclomaticComplexity="1" visitedClasses="0" numClasses="0" visitedMethods="1" numMethods="1" />
              <MetadataToken />
              <Name>System.Collections.Generic.List`1&lt;RadElement.Core.DTO.Option&gt; RadElement.Core.DTO.CreateUpdateElement::get_Options()</Name>
              <FileRef uid="11" />
              <SequencePoints>
                <SequencePoint vc="50" uspid="123" ordinal="0" sl="123" sc="1" el="123" ec="2" bec="0" bev="0" fileid="11" />
              </SequencePoints>
              <BranchPoints />
              <MethodPoint vc="1" uspid="0" p8:type="SequencePoint" ordinal="20" offset="20" sc="0" sl="123" ec="1" el="123" bec="0" bev="0" fileid="11" xmlns:p8="xsi" />
            </Method>
          </Methods>
        </Class>
        <Class>
          <Summary numSequencePoints="7" visitedSequencePoints="0" numBranchPoints="0" visitedBranchPoints="0" sequenceCoverage="0" branchCoverage="100" maxCyclomaticComplexity="1" minCyclomaticComplexity="1" visitedClasses="0" numClasses="1" visitedMethods="0" numMethods="7" />
          <FullName>RadElement.Core.DTO.CreateUpdateElementOld</FullName>
          <Methods>
            <Method cyclomaticComplexity="1" nPathComplexity="0" sequenceCoverage="0" branchCoverage="100" isConstructor="False" isGetter="True" isSetter="False" isStatic="True">
              <Summary numSequencePoints="1" visitedSequencePoints="0" numBranchPoints="0" visitedBranchPoints="0" sequenceCoverage="0" branchCoverage="100" maxCyclomaticComplexity="1" minCyclomaticComplexity="1" visitedClasses="0" numClasses="0" visitedMethods="0" numMethods="1" />
              <MetadataToken />
              <Name>System.String RadElement.Core.DTO.CreateUpdateElementOld::get_Label()</Name>
              <FileRef uid="12" />
              <SequencePoints>
                <SequencePoint vc="0" uspid="10" ordinal="0" sl="10" sc="1" el="10" ec="2" bec="0" bev="0" fileid="12" />
              </SequencePoints>
              <BranchPoints />
              <MethodPoint vc="0" uspid="0" p8:type="SequencePoint" ordinal="0" offset="0" sc="0" sl="10" ec="1" el="10" bec="0" bev="0" fileid="12" xmlns:p8="xsi" />
            </Method>
            <Method cyclomaticComplexity="1" nPathComplexity="0" sequenceCoverage="0" branchCoverage="100" isConstructor="False" isGetter="True" isSetter="False" isStatic="True">
              <Summary numSequencePoints="1" visitedSequencePoints="0" numBranchPoints="0" visitedBranchPoints="0" sequenceCoverage="0" branchCoverage="100" maxCyclomaticComplexity="1" minCyclomaticComplexity="1" visitedClasses="0" numClasses="0" visitedMethods="0" numMethods="1" />
              <MetadataToken />
              <Name>System.String RadElement.Core.DTO.CreateUpdateElementOld::get_Definition()</Name>
              <FileRef uid="12" />
              <SequencePoints>
                <SequencePoint vc="0" uspid="15" ordinal="0" sl="15" sc="1" el="15" ec="2" bec="0" bev="0" fileid="12" />
              </SequencePoints>
              <BranchPoints />
              <MethodPoint vc="0" uspid="0" p8:type="SequencePoint" ordinal="1" offset="1" sc="0" sl="15" ec="1" el="15" bec="0" bev="0" fileid="12" xmlns:p8="xsi" />
            </Method>
            <Method cyclomaticComplexity="1" nPathComplexity="0" sequenceCoverage="0" branchCoverage="100" isConstructor="False" isGetter="True" isSetter="False" isStatic="True">
              <Summary numSequencePoints="1" visitedSequencePoints="0" numBranchPoints="0" visitedBranchPoints="0" sequenceCoverage="0" branchCoverage="100" maxCyclomaticComplexity="1" minCyclomaticComplexity="1" visitedClasses="0" numClasses="0" visitedMethods="0" numMethods="1" />
              <MetadataToken />
              <Name>System.String RadElement.Core.DTO.CreateUpdateElementOld::get_Question()</Name>
              <FileRef uid="12" />
              <SequencePoints>
                <SequencePoint vc="0" uspid="20" ordinal="0" sl="20" sc="1" el="20" ec="2" bec="0" bev="0" fileid="12" />
              </SequencePoints>
              <BranchPoints />
              <MethodPoint vc="0" uspid="0" p8:type="SequencePoint" ordinal="2" offset="2" sc="0" sl="20" ec="1" el="20" bec="0" bev="0" fileid="12" xmlns:p8="xsi" />
            </Method>
            <Method cyclomaticComplexity="1" nPathComplexity="0" sequenceCoverage="0" branchCoverage="100" isConstructor="False" isGetter="True" isSetter="False" isStatic="True">
              <Summary numSequencePoints="1" visitedSequencePoints="0" numBranchPoints="0" visitedBranchPoints="0" sequenceCoverage="0" branchCoverage="100" maxCyclomaticComplexity="1" minCyclomaticComplexity="1" visitedClasses="0" numClasses="0" visitedMethods="0" numMethods="1" />
              <MetadataToken />
              <Name>System.String RadElement.Core.DTO.CreateUpdateElementOld::get_Unit()</Name>
              <FileRef uid="12" />
              <SequencePoints>
                <SequencePoint vc="0" uspid="25" ordinal="0" sl="25" sc="1" el="25" ec="2" bec="0" bev="0" fileid="12" />
              </SequencePoints>
              <BranchPoints />
              <MethodPoint vc="0" uspid="0" p8:type="SequencePoint" ordinal="3" offset="3" sc="0" sl="25" ec="1" el="25" bec="0" bev="0" fileid="12" xmlns:p8="xsi" />
            </Method>
            <Method cyclomaticComplexity="1" nPathComplexity="0" sequenceCoverage="0" branchCoverage="100" isConstructor="False" isGetter="True" isSetter="False" isStatic="True">
              <Summary numSequencePoints="1" visitedSequencePoints="0" numBranchPoints="0" visitedBranchPoints="0" sequenceCoverage="0" branchCoverage="100" maxCyclomaticComplexity="1" minCyclomaticComplexity="1" visitedClasses="0" numClasses="0" visitedMethods="0" numMethods="1" />
              <MetadataToken />
              <Name>System.Nullable`1&lt;System.Single&gt; RadElement.Core.DTO.CreateUpdateElementOld::get_ValueMin()</Name>
              <FileRef uid="12" />
              <SequencePoints>
                <SequencePoint vc="0" uspid="30" ordinal="0" sl="30" sc="1" el="30" ec="2" bec="0" bev="0" fileid="12" />
              </SequencePoints>
              <BranchPoints />
              <MethodPoint vc="0" uspid="0" p8:type="SequencePoint" ordinal="4" offset="4" sc="0" sl="30" ec="1" el="30" bec="0" bev="0" fileid="12" xmlns:p8="xsi" />
            </Method>
            <Method cyclomaticComplexity="1" nPathComplexity="0" sequenceCoverage="0" branchCoverage="100" isConstructor="False" isGetter="True" isSetter="False" isStatic="True">
              <Summary numSequencePoints="1" visitedSequencePoints="0" numBranchPoints="0" visitedBranchPoints="0" sequenceCoverage="0" branchCoverage="100" maxCyclomaticComplexity="1" minCyclomaticComplexity="1" visitedClasses="0" numClasses="0" visitedMethods="0" numMethods="1" />
              <MetadataToken />
              <Name>System.Nullable`1&lt;System.Single&gt; RadElement.Core.DTO.CreateUpdateElementOld::get_ValueMax()</Name>
              <FileRef uid="12" />
              <SequencePoints>
                <SequencePoint vc="0" uspid="36" ordinal="0" sl="36" sc="1" el="36" ec="2" bec="0" bev="0" fileid="12" />
              </SequencePoints>
              <BranchPoints />
              <MethodPoint vc="0" uspid="0" p8:type="SequencePoint" ordinal="5" offset="5" sc="0" sl="36" ec="1" el="36" bec="0" bev="0" fileid="12" xmlns:p8="xsi" />
            </Method>
            <Method cyclomaticComplexity="1" nPathComplexity="0" sequenceCoverage="0" branchCoverage="100" isConstructor="False" isGetter="True" isSetter="False" isStatic="True">
              <Summary numSequencePoints="1" visitedSequencePoints="0" numBranchPoints="0" visitedBranchPoints="0" sequenceCoverage="0" branchCoverage="100" maxCyclomaticComplexity="1" minCyclomaticComplexity="1" visitedClasses="0" numClasses="0" visitedMethods="0" numMethods="1" />
              <MetadataToken />
              <Name>System.Collections.Generic.List`1&lt;RadElement.Core.DTO.OptionOld&gt; RadElement.Core.DTO.CreateUpdateElementOld::get_Options()</Name>
              <FileRef uid="12" />
              <SequencePoints>
                <SequencePoint vc="0" uspid="44" ordinal="0" sl="44" sc="1" el="44" ec="2" bec="0" bev="0" fileid="12" />
              </SequencePoints>
              <BranchPoints />
              <MethodPoint vc="0" uspid="0" p8:type="SequencePoint" ordinal="6" offset="6" sc="0" sl="44" ec="1" el="44" bec="0" bev="0" fileid="12" xmlns:p8="xsi" />
            </Method>
          </Methods>
        </Class>
        <Class>
          <Summary numSequencePoints="9" visitedSequencePoints="5" numBranchPoints="0" visitedBranchPoints="0" sequenceCoverage="55.55" branchCoverage="100" maxCyclomaticComplexity="1" minCyclomaticComplexity="1" visitedClasses="1" numClasses="1" visitedMethods="5" numMethods="9" />
          <FullName>RadElement.Core.DTO.CreateUpdateOrganization</FullName>
          <Methods>
            <Method cyclomaticComplexity="1" nPathComplexity="0" sequenceCoverage="100" branchCoverage="100" isConstructor="False" isGetter="True" isSetter="False" isStatic="True">
              <Summary numSequencePoints="1" visitedSequencePoints="1" numBranchPoints="0" visitedBranchPoints="0" sequenceCoverage="100" branchCoverage="100" maxCyclomaticComplexity="1" minCyclomaticComplexity="1" visitedClasses="0" numClasses="0" visitedMethods="1" numMethods="1" />
              <MetadataToken />
              <Name>System.String RadElement.Core.DTO.CreateUpdateOrganization::get_Name()</Name>
              <FileRef uid="13" />
              <SequencePoints>
                <SequencePoint vc="50" uspid="13" ordinal="0" sl="13" sc="1" el="13" ec="2" bec="0" bev="0" fileid="13" />
              </SequencePoints>
              <BranchPoints />
              <MethodPoint vc="1" uspid="0" p8:type="SequencePoint" ordinal="0" offset="0" sc="0" sl="13" ec="1" el="13" bec="0" bev="0" fileid="13" xmlns:p8="xsi" />
            </Method>
            <Method cyclomaticComplexity="1" nPathComplexity="0" sequenceCoverage="100" branchCoverage="100" isConstructor="False" isGetter="True" isSetter="False" isStatic="True">
              <Summary numSequencePoints="1" visitedSequencePoints="1" numBranchPoints="0" visitedBranchPoints="0" sequenceCoverage="100" branchCoverage="100" maxCyclomaticComplexity="1" minCyclomaticComplexity="1" visitedClasses="0" numClasses="0" visitedMethods="1" numMethods="1" />
              <MetadataToken />
              <Name>System.String RadElement.Core.DTO.CreateUpdateOrganization::get_Abbreviation()</Name>
              <FileRef uid="13" />
              <SequencePoints>
                <SequencePoint vc="30" uspid="19" ordinal="0" sl="19" sc="1" el="19" ec="2" bec="0" bev="0" fileid="13" />
              </SequencePoints>
              <BranchPoints />
              <MethodPoint vc="1" uspid="0" p8:type="SequencePoint" ordinal="1" offset="1" sc="0" sl="19" ec="1" el="19" bec="0" bev="0" fileid="13" xmlns:p8="xsi" />
            </Method>
            <Method cyclomaticComplexity="1" nPathComplexity="0" sequenceCoverage="100" branchCoverage="100" isConstructor="False" isGetter="True" isSetter="False" isStatic="True">
              <Summary numSequencePoints="1" visitedSequencePoints="1" numBranchPoints="0" visitedBranchPoints="0" sequenceCoverage="100" branchCoverage="100" maxCyclomaticComplexity="1" minCyclomaticComplexity="1" visitedClasses="0" numClasses="0" visitedMethods="1" numMethods="1" />
              <MetadataToken />
              <Name>System.String RadElement.Core.DTO.CreateUpdateOrganization::get_Url()</Name>
              <FileRef uid="13" />
              <SequencePoints>
                <SequencePoint vc="21" uspid="25" ordinal="0" sl="25" sc="1" el="25" ec="2" bec="0" bev="0" fileid="13" />
              </SequencePoints>
              <BranchPoints />
              <MethodPoint vc="1" uspid="0" p8:type="SequencePoint" ordinal="2" offset="2" sc="0" sl="25" ec="1" el="25" bec="0" bev="0" fileid="13" xmlns:p8="xsi" />
            </Method>
            <Method cyclomaticComplexity="1" nPathComplexity="0" sequenceCoverage="0" branchCoverage="100" isConstructor="False" isGetter="True" isSetter="False" isStatic="True">
              <Summary numSequencePoints="1" visitedSequencePoints="0" numBranchPoints="0" visitedBranchPoints="0" sequenceCoverage="0" branchCoverage="100" maxCyclomaticComplexity="1" minCyclomaticComplexity="1" visitedClasses="0" numClasses="0" visitedMethods="0" numMethods="1" />
              <MetadataToken />
              <Name>System.String RadElement.Core.DTO.CreateUpdateOrganization::get_Comment()</Name>
              <FileRef uid="13" />
              <SequencePoints>
                <SequencePoint vc="0" uspid="31" ordinal="0" sl="31" sc="1" el="31" ec="2" bec="0" bev="0" fileid="13" />
              </SequencePoints>
              <BranchPoints />
              <MethodPoint vc="0" uspid="0" p8:type="SequencePoint" ordinal="3" offset="3" sc="0" sl="31" ec="1" el="31" bec="0" bev="0" fileid="13" xmlns:p8="xsi" />
            </Method>
            <Method cyclomaticComplexity="1" nPathComplexity="0" sequenceCoverage="0" branchCoverage="100" isConstructor="False" isGetter="True" isSetter="False" isStatic="True">
              <Summary numSequencePoints="1" visitedSequencePoints="0" numBranchPoints="0" visitedBranchPoints="0" sequenceCoverage="0" branchCoverage="100" maxCyclomaticComplexity="1" minCyclomaticComplexity="1" visitedClasses="0" numClasses="0" visitedMethods="0" numMethods="1" />
              <MetadataToken />
              <Name>System.String RadElement.Core.DTO.CreateUpdateOrganization::get_TwitterHandle()</Name>
              <FileRef uid="13" />
              <SequencePoints>
                <SequencePoint vc="0" uspid="37" ordinal="0" sl="37" sc="1" el="37" ec="2" bec="0" bev="0" fileid="13" />
              </SequencePoints>
              <BranchPoints />
              <MethodPoint vc="0" uspid="0" p8:type="SequencePoint" ordinal="4" offset="4" sc="0" sl="37" ec="1" el="37" bec="0" bev="0" fileid="13" xmlns:p8="xsi" />
            </Method>
            <Method cyclomaticComplexity="1" nPathComplexity="0" sequenceCoverage="0" branchCoverage="100" isConstructor="False" isGetter="True" isSetter="False" isStatic="True">
              <Summary numSequencePoints="1" visitedSequencePoints="0" numBranchPoints="0" visitedBranchPoints="0" sequenceCoverage="0" branchCoverage="100" maxCyclomaticComplexity="1" minCyclomaticComplexity="1" visitedClasses="0" numClasses="0" visitedMethods="0" numMethods="1" />
              <MetadataToken />
              <Name>System.String RadElement.Core.DTO.CreateUpdateOrganization::get_Email()</Name>
              <FileRef uid="13" />
              <SequencePoints>
                <SequencePoint vc="0" uspid="43" ordinal="0" sl="43" sc="1" el="43" ec="2" bec="0" bev="0" fileid="13" />
              </SequencePoints>
              <BranchPoints />
              <MethodPoint vc="0" uspid="0" p8:type="SequencePoint" ordinal="5" offset="5" sc="0" sl="43" ec="1" el="43" bec="0" bev="0" fileid="13" xmlns:p8="xsi" />
            </Method>
            <Method cyclomaticComplexity="1" nPathComplexity="0" sequenceCoverage="100" branchCoverage="100" isConstructor="False" isGetter="True" isSetter="False" isStatic="True">
              <Summary numSequencePoints="1" visitedSequencePoints="1" numBranchPoints="0" visitedBranchPoints="0" sequenceCoverage="100" branchCoverage="100" maxCyclomaticComplexity="1" minCyclomaticComplexity="1" visitedClasses="0" numClasses="0" visitedMethods="1" numMethods="1" />
              <MetadataToken />
[...]
                <SequencePoint vc="9" uspid="295" ordinal="4" sl="295" sc="1" el="295" ec="2" bec="0" bev="0" fileid="57" />
                <SequencePoint vc="2" uspid="296" ordinal="5" sl="296" sc="1" el="296" ec="2" bec="0" bev="0" fileid="57" />
                <SequencePoint vc="2" uspid="297" ordinal="6" sl="297" sc="1" el="297" ec="2" bec="0" bev="0" fileid="57" />
                <SequencePoint vc="7" uspid="300" ordinal="7" sl="300" sc="1" el="300" ec="2" bec="0" bev="0" fileid="57" />
                <SequencePoint vc="5" uspid="301" ordinal="8" sl="301" sc="1" el="301" ec="2" bec="0" bev="0" fileid="57" />
                <SequencePoint vc="5" uspid="302" ordinal="9" sl="302" sc="1" el="302" ec="2" bec="0" bev="0" fileid="57" />
                <SequencePoint vc="1" uspid="303" ordinal="10" sl="303" sc="1" el="303" ec="2" bec="0" bev="0" fileid="57" />
                <SequencePoint vc="1" uspid="304" ordinal="11" sl="304" sc="1" el="304" ec="2" bec="0" bev="0" fileid="57" />
                <SequencePoint vc="4" uspid="306" ordinal="12" sl="306" sc="1" el="306" ec="2" bec="0" bev="0" fileid="57" />
                <SequencePoint vc="6" uspid="308" ordinal="13" sl="308" sc="1" el="308" ec="2" bec="0" bev="0" fileid="57" />
                <SequencePoint vc="5" uspid="309" ordinal="14" sl="309" sc="1" el="309" ec="2" bec="0" bev="0" fileid="57" />
                <SequencePoint vc="5" uspid="310" ordinal="15" sl="310" sc="1" el="310" ec="2" bec="0" bev="0" fileid="57" />
                <SequencePoint vc="1" uspid="311" ordinal="16" sl="311" sc="1" el="311" ec="2" bec="0" bev="0" fileid="57" />
                <SequencePoint vc="1" uspid="312" ordinal="17" sl="312" sc="1" el="312" ec="2" bec="0" bev="0" fileid="57" />
                <SequencePoint vc="4" uspid="314" ordinal="18" sl="314" sc="1" el="314" ec="2" bec="0" bev="0" fileid="57" />
                <SequencePoint vc="5" uspid="315" ordinal="19" sl="315" sc="1" el="315" ec="2" bec="0" bev="0" fileid="57" />
                <SequencePoint vc="5" uspid="316" ordinal="20" sl="316" sc="1" el="316" ec="2" bec="0" bev="0" fileid="57" />
                <SequencePoint vc="5" uspid="317" ordinal="21" sl="317" sc="1" el="317" ec="2" bec="0" bev="0" fileid="57" />
                <SequencePoint vc="5" uspid="323" ordinal="22" sl="323" sc="1" el="323" ec="2" bec="0" bev="0" fileid="57" />
                <SequencePoint vc="4" uspid="324" ordinal="23" sl="324" sc="1" el="324" ec="2" bec="0" bev="0" fileid="57" />
                <SequencePoint vc="4" uspid="325" ordinal="24" sl="325" sc="1" el="325" ec="2" bec="0" bev="0" fileid="57" />
                <SequencePoint vc="1" uspid="330" ordinal="25" sl="330" sc="1" el="330" ec="2" bec="0" bev="0" fileid="57" />
                <SequencePoint vc="1" uspid="331" ordinal="26" sl="331" sc="1" el="331" ec="2" bec="0" bev="0" fileid="57" />
                <SequencePoint vc="1" uspid="332" ordinal="27" sl="332" sc="1" el="332" ec="2" bec="0" bev="0" fileid="57" />
                <SequencePoint vc="1" uspid="333" ordinal="28" sl="333" sc="1" el="333" ec="2" bec="0" bev="0" fileid="57" />
                <SequencePoint vc="1" uspid="335" ordinal="29" sl="335" sc="1" el="335" ec="2" bec="0" bev="0" fileid="57" />
                <SequencePoint vc="1" uspid="336" ordinal="30" sl="336" sc="1" el="336" ec="2" bec="0" bev="0" fileid="57" />
                <SequencePoint vc="1" uspid="337" ordinal="31" sl="337" sc="1" el="337" ec="2" bec="0" bev="0" fileid="57" />
                <SequencePoint vc="1" uspid="338" ordinal="32" sl="338" sc="1" el="338" ec="2" bec="0" bev="0" fileid="57" />
                <SequencePoint vc="1" uspid="340" ordinal="33" sl="340" sc="1" el="340" ec="2" bec="0" bev="0" fileid="57" />
                <SequencePoint vc="1" uspid="342" ordinal="34" sl="342" sc="1" el="342" ec="2" bec="0" bev="0" fileid="57" />
                <SequencePoint vc="1" uspid="343" ordinal="35" sl="343" sc="1" el="343" ec="2" bec="0" bev="0" fileid="57" />
                <SequencePoint vc="1" uspid="345" ordinal="36" sl="345" sc="1" el="345" ec="2" bec="0" bev="0" fileid="57" />
                <SequencePoint vc="0" uspid="346" ordinal="37" sl="346" sc="1" el="346" ec="2" bec="0" bev="0" fileid="57" />
                <SequencePoint vc="0" uspid="347" ordinal="38" sl="347" sc="1" el="347" ec="2" bec="0" bev="0" fileid="57" />
                <SequencePoint vc="0" uspid="348" ordinal="39" sl="348" sc="1" el="348" ec="2" bec="0" bev="0" fileid="57" />
                <SequencePoint vc="1" uspid="349" ordinal="40" sl="349" sc="1" el="349" ec="2" bec="0" bev="0" fileid="57" />
                <SequencePoint vc="0" uspid="350" ordinal="41" sl="350" sc="1" el="350" ec="2" bec="0" bev="0" fileid="57" />
                <SequencePoint vc="0" uspid="351" ordinal="42" sl="351" sc="1" el="351" ec="2" bec="0" bev="0" fileid="57" />
                <SequencePoint vc="0" uspid="352" ordinal="43" sl="352" sc="1" el="352" ec="2" bec="0" bev="0" fileid="57" />
                <SequencePoint vc="1" uspid="354" ordinal="44" sl="354" sc="1" el="354" ec="2" bec="0" bev="0" fileid="57" />
                <SequencePoint vc="1" uspid="355" ordinal="45" sl="355" sc="1" el="355" ec="2" bec="0" bev="0" fileid="57" />
                <SequencePoint vc="1" uspid="357" ordinal="46" sl="357" sc="1" el="357" ec="2" bec="0" bev="0" fileid="57" />
                <SequencePoint vc="0" uspid="359" ordinal="47" sl="359" sc="1" el="359" ec="2" bec="0" bev="0" fileid="57" />
                <SequencePoint vc="0" uspid="361" ordinal="48" sl="361" sc="1" el="361" ec="2" bec="0" bev="0" fileid="57" />
                <SequencePoint vc="0" uspid="363" ordinal="49" sl="363" sc="1" el="363" ec="2" bec="0" bev="0" fileid="57" />
                <SequencePoint vc="0" uspid="364" ordinal="50" sl="364" sc="1" el="364" ec="2" bec="0" bev="0" fileid="57" />
                <SequencePoint vc="0" uspid="365" ordinal="51" sl="365" sc="1" el="365" ec="2" bec="0" bev="0" fileid="57" />
                <SequencePoint vc="0" uspid="366" ordinal="52" sl="366" sc="1" el="366" ec="2" bec="0" bev="0" fileid="57" />
                <SequencePoint vc="0" uspid="367" ordinal="53" sl="367" sc="1" el="367" ec="2" bec="0" bev="0" fileid="57" />
                <SequencePoint vc="0" uspid="368" ordinal="54" sl="368" sc="1" el="368" ec="2" bec="0" bev="0" fileid="57" />
                <SequencePoint vc="0" uspid="370" ordinal="55" sl="370" sc="1" el="370" ec="2" bec="0" bev="0" fileid="57" />
                <SequencePoint vc="9" uspid="371" ordinal="56" sl="371" sc="1" el="371" ec="2" bec="0" bev="0" fileid="57" />
              </SequencePoints>
              <BranchPoints>
                <BranchPoint vc="9" uspid="291" ordinal="0" path="0" offset="91" offsetend="95" sl="291" fileid="57" />
                <BranchPoint vc="9" uspid="291" ordinal="2" path="0" offset="97" offsetend="108" sl="291" fileid="57" />
                <BranchPoint vc="9" uspid="291" ordinal="1" path="1" offset="91" offsetend="116" sl="291" fileid="57" />
                <BranchPoint vc="9" uspid="292" ordinal="4" path="0" offset="118" offsetend="176" sl="292" fileid="57" />
                <BranchPoint vc="2" uspid="295" ordinal="11" path="0" offset="193" offsetend="198" sl="295" fileid="57" />
                <BranchPoint vc="0" uspid="292" ordinal="5" path="1" offset="118" offsetend="274" sl="292" fileid="57" />
                <BranchPoint vc="7" uspid="295" ordinal="12" path="1" offset="193" offsetend="327" sl="295" fileid="57" />
                <BranchPoint vc="5" uspid="300" ordinal="13" path="0" offset="355" offsetend="360" sl="300" fileid="57" />
                <BranchPoint vc="1" uspid="302" ordinal="15" path="0" offset="395" offsetend="400" sl="302" fileid="57" />
                <BranchPoint vc="0" uspid="292" ordinal="6" path="2" offset="118" offsetend="499" sl="292" fileid="57" />
                <BranchPoint vc="4" uspid="302" ordinal="16" path="1" offset="395" offsetend="553" sl="302" fileid="57" />
                <BranchPoint vc="6" uspid="300" ordinal="14" path="1" offset="355" offsetend="554" sl="300" fileid="57" />
                <BranchPoint vc="5" uspid="308" ordinal="17" path="0" offset="582" offsetend="587" sl="308" fileid="57" />
                <BranchPoint vc="1" uspid="310" ordinal="19" path="0" offset="622" offsetend="627" sl="310" fileid="57" />
                <BranchPoint vc="0" uspid="292" ordinal="7" path="3" offset="118" offsetend="726" sl="292" fileid="57" />
                <BranchPoint vc="4" uspid="310" ordinal="20" path="1" offset="622" offsetend="780" sl="310" fileid="57" />
                <BranchPoint vc="5" uspid="308" ordinal="18" path="1" offset="582" offsetend="781" sl="308" fileid="57" />
                <BranchPoint vc="5" uspid="315" ordinal="21" path="0" offset="799" offsetend="804" sl="315" fileid="57" />
                <BranchPoint vc="4" uspid="323" ordinal="23" path="0" offset="876" offsetend="881" sl="323" fileid="57" />
                <BranchPoint vc="0" uspid="292" ordinal="8" path="4" offset="118" offsetend="959" sl="292" fileid="57" />
                <BranchPoint vc="1" uspid="323" ordinal="24" path="1" offset="876" offsetend="1013" sl="323" fileid="57" />
                <BranchPoint vc="1" uspid="330" ordinal="25" path="0" offset="1060" offsetend="1065" sl="330" fileid="57" />
                <BranchPoint vc="1" uspid="332" ordinal="27" path="0" offset="1088" offsetend="1090" sl="332" fileid="57" />
                <BranchPoint vc="0" uspid="332" ordinal="28" path="1" offset="1088" offsetend="1093" sl="332" fileid="57" />
                <BranchPoint vc="1" uspid="333" ordinal="29" path="0" offset="1148" offsetend="1150" sl="333" fileid="57" />
                <BranchPoint vc="0" uspid="333" ordinal="30" path="1" offset="1148" offsetend="1153" sl="333" fileid="57" />
                <BranchPoint vc="0" uspid="345" ordinal="31" path="0" offset="1364" offsetend="1366" sl="345" fileid="57" />
                <BranchPoint vc="1" uspid="345" ordinal="32" path="1" offset="1364" offsetend="1413" sl="345" fileid="57" />
                <BranchPoint vc="0" uspid="349" ordinal="33" path="0" offset="1426" offsetend="1428" sl="349" fileid="57" />
                <BranchPoint vc="1" uspid="349" ordinal="34" path="1" offset="1426" offsetend="1475" sl="349" fileid="57" />
                <BranchPoint vc="0" uspid="292" ordinal="9" path="5" offset="118" offsetend="1602" sl="292" fileid="57" />
                <BranchPoint vc="0" uspid="330" ordinal="26" path="1" offset="1060" offsetend="1656" sl="330" fileid="57" />
                <BranchPoint vc="0" uspid="315" ordinal="22" path="1" offset="799" offsetend="1671" sl="315" fileid="57" />
                <BranchPoint vc="0" uspid="292" ordinal="10" path="6" offset="118" offsetend="1769" sl="292" fileid="57" />
                <BranchPoint vc="0" uspid="363" ordinal="36" path="1" offset="1853" offsetend="1860" sl="363" fileid="57" />
                <BranchPoint vc="0" uspid="367" ordinal="37" path="0" offset="1930" offsetend="1932" sl="367" fileid="57" />
                <BranchPoint vc="0" uspid="367" ordinal="38" path="1" offset="1930" offsetend="1945" sl="367" fileid="57" />
                <BranchPoint vc="0" uspid="291" ordinal="3" path="1" offset="97" offsetend="2044" sl="291" fileid="57" />
                <BranchPoint vc="0" uspid="363" ordinal="35" path="0" offset="1853" offsetend="2095" sl="363" fileid="57" />
              </BranchPoints>
              <MethodPoint vc="42" uspid="0" p8:type="SequencePoint" ordinal="0" offset="0" sc="0" sl="290" ec="1" el="371" bec="0" bev="0" fileid="57" xmlns:p8="xsi" />
            </Method>
          </Methods>
        </Class>
        <Class>
          <Summary numSequencePoints="1" visitedSequencePoints="1" numBranchPoints="0" visitedBranchPoints="0" sequenceCoverage="100" branchCoverage="100" maxCyclomaticComplexity="1" minCyclomaticComplexity="1" visitedClasses="1" numClasses="1" visitedMethods="1" numMethods="1" />
          <FullName>RadElement.Service.PersonService/&lt;&gt;c__DisplayClass11_0</FullName>
          <Methods>
            <Method cyclomaticComplexity="1" nPathComplexity="0" sequenceCoverage="100" branchCoverage="100" isConstructor="False" isGetter="False" isSetter="False" isStatic="True">
              <Summary numSequencePoints="1" visitedSequencePoints="1" numBranchPoints="0" visitedBranchPoints="0" sequenceCoverage="100" branchCoverage="100" maxCyclomaticComplexity="1" minCyclomaticComplexity="1" visitedClasses="0" numClasses="0" visitedMethods="1" numMethods="1" />
              <MetadataToken />
              <Name>System.Boolean RadElement.Service.PersonService/&lt;&gt;c__DisplayClass11_0::&lt;DeletePerson&gt;b__0(RadElement.Core.Domain.Person)</Name>
              <FileRef uid="57" />
              <SequencePoints>
                <SequencePoint vc="34" uspid="387" ordinal="0" sl="387" sc="1" el="387" ec="2" bec="0" bev="0" fileid="57" />
              </SequencePoints>
              <BranchPoints />
              <MethodPoint vc="1" uspid="0" p8:type="SequencePoint" ordinal="0" offset="0" sc="0" sl="387" ec="1" el="387" bec="0" bev="0" fileid="57" xmlns:p8="xsi" />
            </Method>
          </Methods>
        </Class>
        <Class>
          <Summary numSequencePoints="25" visitedSequencePoints="24" numBranchPoints="16" visitedBranchPoints="11" sequenceCoverage="96" branchCoverage="68.75" maxCyclomaticComplexity="16" minCyclomaticComplexity="16" visitedClasses="1" numClasses="1" visitedMethods="1" numMethods="1" />
          <FullName>RadElement.Service.PersonService/&lt;DeletePerson&gt;d__11</FullName>
          <Methods>
            <Method cyclomaticComplexity="16" nPathComplexity="0" sequenceCoverage="96" branchCoverage="68.75" isConstructor="False" isGetter="False" isSetter="False" isStatic="True">
              <Summary numSequencePoints="25" visitedSequencePoints="24" numBranchPoints="16" visitedBranchPoints="11" sequenceCoverage="96" branchCoverage="68.75" maxCyclomaticComplexity="16" minCyclomaticComplexity="16" visitedClasses="0" numClasses="0" visitedMethods="1" numMethods="1" />
              <MetadataToken />
              <Name>System.Void RadElement.Service.PersonService/&lt;DeletePerson&gt;d__11::MoveNext()</Name>
              <FileRef uid="57" />
              <SequencePoints>
                <SequencePoint vc="13" uspid="379" ordinal="0" sl="379" sc="1" el="379" ec="2" bec="0" bev="0" fileid="57" />
                <SequencePoint vc="13" uspid="380" ordinal="1" sl="380" sc="1" el="380" ec="2" bec="0" bev="0" fileid="57" />
                <SequencePoint vc="13" uspid="381" ordinal="2" sl="381" sc="1" el="381" ec="2" bec="0" bev="0" fileid="57" />
                <SequencePoint vc="13" uspid="383" ordinal="3" sl="383" sc="1" el="383" ec="2" bec="0" bev="0" fileid="57" />
                <SequencePoint vc="13" uspid="384" ordinal="4" sl="384" sc="1" el="384" ec="2" bec="0" bev="0" fileid="57" />
                <SequencePoint vc="12" uspid="385" ordinal="5" sl="385" sc="1" el="385" ec="2" bec="0" bev="0" fileid="57" />
                <SequencePoint vc="12" uspid="386" ordinal="6" sl="386" sc="1" el="386" ec="2" bec="0" bev="0" fileid="57" />
                <SequencePoint vc="8" uspid="389" ordinal="7" sl="389" sc="1" el="389" ec="2" bec="0" bev="0" fileid="57" />
                <SequencePoint vc="4" uspid="390" ordinal="8" sl="390" sc="1" el="390" ec="2" bec="0" bev="0" fileid="57" />
                <SequencePoint vc="4" uspid="391" ordinal="9" sl="391" sc="1" el="391" ec="2" bec="0" bev="0" fileid="57" />
                <SequencePoint vc="4" uspid="392" ordinal="10" sl="392" sc="1" el="392" ec="2" bec="0" bev="0" fileid="57" />
                <SequencePoint vc="4" uspid="394" ordinal="11" sl="394" sc="1" el="394" ec="2" bec="0" bev="0" fileid="57" />
                <SequencePoint vc="4" uspid="395" ordinal="12" sl="395" sc="1" el="395" ec="2" bec="0" bev="0" fileid="57" />
                <SequencePoint vc="4" uspid="396" ordinal="13" sl="396" sc="1" el="396" ec="2" bec="0" bev="0" fileid="57" />
                <SequencePoint vc="4" uspid="398" ordinal="14" sl="398" sc="1" el="398" ec="2" bec="0" bev="0" fileid="57" />
                <SequencePoint vc="4" uspid="400" ordinal="15" sl="400" sc="1" el="400" ec="2" bec="0" bev="0" fileid="57" />
                <SequencePoint vc="5" uspid="401" ordinal="16" sl="401" sc="1" el="401" ec="2" bec="0" bev="0" fileid="57" />
                <SequencePoint vc="4" uspid="403" ordinal="17" sl="403" sc="1" el="403" ec="2" bec="0" bev="0" fileid="57" />
                <SequencePoint vc="4" uspid="404" ordinal="18" sl="404" sc="1" el="404" ec="2" bec="0" bev="0" fileid="57" />
                <SequencePoint vc="4" uspid="405" ordinal="19" sl="405" sc="1" el="405" ec="2" bec="0" bev="0" fileid="57" />
                <SequencePoint vc="4" uspid="406" ordinal="20" sl="406" sc="1" el="406" ec="2" bec="0" bev="0" fileid="57" />
                <SequencePoint vc="4" uspid="407" ordinal="21" sl="407" sc="1" el="407" ec="2" bec="0" bev="0" fileid="57" />
                <SequencePoint vc="4" uspid="408" ordinal="22" sl="408" sc="1" el="408" ec="2" bec="0" bev="0" fileid="57" />
                <SequencePoint vc="0" uspid="410" ordinal="23" sl="410" sc="1" el="410" ec="2" bec="0" bev="0" fileid="57" />
                <SequencePoint vc="13" uspid="411" ordinal="24" sl="411" sc="1" el="411" ec="2" bec="0" bev="0" fileid="57" />
              </SequencePoints>
              <BranchPoints>
                <BranchPoint vc="13" uspid="380" ordinal="0" path="0" offset="74" offsetend="78" sl="380" fileid="57" />
                <BranchPoint vc="13" uspid="380" ordinal="2" path="0" offset="80" offsetend="91" sl="380" fileid="57" />
                <BranchPoint vc="13" uspid="380" ordinal="1" path="1" offset="74" offsetend="99" sl="380" fileid="57" />
                <BranchPoint vc="13" uspid="381" ordinal="4" path="0" offset="101" offsetend="105" sl="381" fileid="57" />
                <BranchPoint vc="13" uspid="381" ordinal="6" path="0" offset="107" offsetend="121" sl="381" fileid="57" />
                <BranchPoint vc="12" uspid="384" ordinal="8" path="0" offset="138" offsetend="143" sl="384" fileid="57" />
                <BranchPoint vc="4" uspid="389" ordinal="10" path="0" offset="216" offsetend="221" sl="389" fileid="57" />
                <BranchPoint vc="0" uspid="381" ordinal="5" path="1" offset="101" offsetend="413" sl="381" fileid="57" />
                <BranchPoint vc="4" uspid="389" ordinal="11" path="1" offset="216" offsetend="467" sl="389" fileid="57" />
                <BranchPoint vc="5" uspid="384" ordinal="9" path="1" offset="138" offsetend="482" sl="384" fileid="57" />
                <BranchPoint vc="0" uspid="381" ordinal="7" path="1" offset="107" offsetend="580" sl="381" fileid="57" />
                <BranchPoint vc="4" uspid="403" ordinal="13" path="1" offset="664" offsetend="671" sl="403" fileid="57" />
                <BranchPoint vc="4" uspid="407" ordinal="14" path="0" offset="741" offsetend="743" sl="407" fileid="57" />
                <BranchPoint vc="0" uspid="407" ordinal="15" path="1" offset="741" offsetend="756" sl="407" fileid="57" />
                <BranchPoint vc="0" uspid="380" ordinal="3" path="1" offset="80" offsetend="855" sl="380" fileid="57" />
                <BranchPoint vc="0" uspid="403" ordinal="12" path="0" offset="664" offsetend="906" sl="403" fileid="57" />
              </BranchPoints>
              <MethodPoint vc="24" uspid="0" p8:type="SequencePoint" ordinal="0" offset="0" sc="0" sl="379" ec="1" el="411" bec="0" bev="0" fileid="57" xmlns:p8="xsi" />
            </Method>
          </Methods>
        </Class>
      </Classes>
    </Module>
  </Modules>
</CoverageSession>